16:07:12.250 [main] ERROR c.alibaba.druid.pool.DruidDataSource - testWhileIdle is true, validationQuery not set
16:07:15.203 [main] WARN  c.k.security.filter.PermissionFilter - Could not validate configuration attributes as the SecurityMetadataSource did not return any attributes from getAllConfigAttributes()
16:07:15.296 [main] WARN  o.s.aop.framework.CglibAopProxy - Unable to proxy method [public final void org.springframework.test.context.junit4.AbstractJUnit4SpringContextTests.setApplicationContext(org.springframework.context.ApplicationContext)] because it is final: All calls to this method via a proxy will be routed directly to the proxy.
16:07:15.750 [main] ERROR c.alibaba.druid.pool.DruidDataSource - testWhileIdle is true, validationQuery not set
16:07:16.531 [main] WARN  c.k.security.filter.PermissionFilter - Could not validate configuration attributes as the SecurityMetadataSource did not return any attributes from getAllConfigAttributes()
16:07:16.578 [main] WARN  o.s.aop.framework.CglibAopProxy - Unable to proxy method [public final void org.springframework.test.context.junit4.AbstractJUnit4SpringContextTests.setApplicationContext(org.springframework.context.ApplicationContext)] because it is final: All calls to this method via a proxy will be routed directly to the proxy.
16:07:16.859 [main] ERROR c.alibaba.druid.pool.DruidDataSource - testWhileIdle is true, validationQuery not set
16:07:17.390 [main] WARN  c.k.security.filter.PermissionFilter - Could not validate configuration attributes as the SecurityMetadataSource did not return any attributes from getAllConfigAttributes()
16:07:17.437 [main] WARN  o.s.aop.framework.CglibAopProxy - Unable to proxy method [public final void org.springframework.test.context.junit4.AbstractJUnit4SpringContextTests.setApplicationContext(org.springframework.context.ApplicationContext)] because it is final: All calls to this method via a proxy will be routed directly to the proxy.
16:07:17.953 [main] ERROR c.alibaba.druid.pool.DruidDataSource - testWhileIdle is true, validationQuery not set
16:07:18.562 [main] WARN  c.k.security.filter.PermissionFilter - Could not validate configuration attributes as the SecurityMetadataSource did not return any attributes from getAllConfigAttributes()
16:07:18.609 [main] WARN  o.s.aop.framework.CglibAopProxy - Unable to proxy method [public final void org.springframework.test.context.junit4.AbstractJUnit4SpringContextTests.setApplicationContext(org.springframework.context.ApplicationContext)] because it is final: All calls to this method via a proxy will be routed directly to the proxy.
16:07:19.031 [main] ERROR c.alibaba.druid.pool.DruidDataSource - testWhileIdle is true, validationQuery not set
16:07:19.671 [main] WARN  c.k.security.filter.PermissionFilter - Could not validate configuration attributes as the SecurityMetadataSource did not return any attributes from getAllConfigAttributes()
16:07:19.718 [main] WARN  o.s.aop.framework.CglibAopProxy - Unable to proxy method [public final void org.springframework.test.context.junit4.AbstractJUnit4SpringContextTests.setApplicationContext(org.springframework.context.ApplicationContext)] because it is final: All calls to this method via a proxy will be routed directly to the proxy.
16:07:20.140 [main] ERROR c.alibaba.druid.pool.DruidDataSource - testWhileIdle is true, validationQuery not set
16:07:20.687 [main] WARN  c.k.security.filter.PermissionFilter - Could not validate configuration attributes as the SecurityMetadataSource did not return any attributes from getAllConfigAttributes()
16:07:20.718 [main] WARN  o.s.aop.framework.CglibAopProxy - Unable to proxy method [public final void org.springframework.test.context.junit4.AbstractJUnit4SpringContextTests.setApplicationContext(org.springframework.context.ApplicationContext)] because it is final: All calls to this method via a proxy will be routed directly to the proxy.
16:07:20.921 [main] ERROR c.alibaba.druid.pool.DruidDataSource - testWhileIdle is true, validationQuery not set
16:07:21.453 [main] WARN  c.k.security.filter.PermissionFilter - Could not validate configuration attributes as the SecurityMetadataSource did not return any attributes from getAllConfigAttributes()
16:07:21.500 [main] WARN  o.s.aop.framework.CglibAopProxy - Unable to proxy method [public final void org.springframework.test.context.junit4.AbstractJUnit4SpringContextTests.setApplicationContext(org.springframework.context.ApplicationContext)] because it is final: All calls to this method via a proxy will be routed directly to the proxy.
16:07:21.765 [main] ERROR c.alibaba.druid.pool.DruidDataSource - testWhileIdle is true, validationQuery not set
16:07:22.546 [main] WARN  c.k.security.filter.PermissionFilter - Could not validate configuration attributes as the SecurityMetadataSource did not return any attributes from getAllConfigAttributes()
16:07:22.593 [main] WARN  o.s.aop.framework.CglibAopProxy - Unable to proxy method [public final void org.springframework.test.context.junit4.AbstractJUnit4SpringContextTests.setApplicationContext(org.springframework.context.ApplicationContext)] because it is final: All calls to this method via a proxy will be routed directly to the proxy.
16:07:22.843 [main] ERROR c.alibaba.druid.pool.DruidDataSource - testWhileIdle is true, validationQuery not set
16:07:25.359 [main] WARN  c.k.security.filter.PermissionFilter - Could not validate configuration attributes as the SecurityMetadataSource did not return any attributes from getAllConfigAttributes()
16:07:25.578 [main] WARN  o.s.aop.framework.CglibAopProxy - Unable to proxy method [public final void org.springframework.test.context.junit4.AbstractJUnit4SpringContextTests.setApplicationContext(org.springframework.context.ApplicationContext)] because it is final: All calls to this method via a proxy will be routed directly to the proxy.
16:07:27.984 [main] ERROR c.alibaba.druid.pool.DruidDataSource - testWhileIdle is true, validationQuery not set
16:07:59.859 [main] ERROR o.s.test.context.TestContextManager - Caught exception while allowing TestExecutionListener [org.springframework.test.context.support.DependencyInjectionTestExecutionListener@13e9963] to prepare test instance [com.kedacom.expenses.service.expenses.SpecialExpensesPaymentServiceTest@c85a33]
java.lang.IllegalStateException: Failed to load ApplicationContext
	at org.springframework.test.context.CacheAwareContextLoaderDelegate.loadContext(CacheAwareContextLoaderDelegate.java:99) ~[spring-test-3.2.4.RELEASE.jar:3.2.4.RELEASE]
	at org.springframework.test.context.TestContext.getApplicationContext(TestContext.java:122) ~[spring-test-3.2.4.RELEASE.jar:3.2.4.RELEASE]
	at org.springframework.test.context.support.DependencyInjectionTestExecutionListener.injectDependencies(DependencyInjectionTestExecutionListener.java:109) ~[spring-test-3.2.4.RELEASE.jar:3.2.4.RELEASE]
	at org.springframework.test.context.support.DependencyInjectionTestExecutionListener.prepareTestInstance(DependencyInjectionTestExecutionListener.java:75) ~[spring-test-3.2.4.RELEASE.jar:3.2.4.RELEASE]
	at org.springframework.test.context.TestContextManager.prepareTestInstance(TestContextManager.java:312) ~[spring-test-3.2.4.RELEASE.jar:3.2.4.RELEASE]
	at org.springframework.test.context.junit4.SpringJUnit4ClassRunner.createTest(SpringJUnit4ClassRunner.java:211) [spring-test-3.2.4.RELEASE.jar:3.2.4.RELEASE]
	at org.springframework.test.context.junit4.SpringJUnit4ClassRunner$1.runReflectiveCall(SpringJUnit4ClassRunner.java:288) [spring-test-3.2.4.RELEASE.jar:3.2.4.RELEASE]
	at org.junit.internal.runners.model.ReflectiveCallable.run(ReflectiveCallable.java:12) [junit-4.11.jar:na]
	at org.springframework.test.context.junit4.SpringJUnit4ClassRunner.methodBlock(SpringJUnit4ClassRunner.java:284) [spring-test-3.2.4.RELEASE.jar:3.2.4.RELEASE]
	at org.springframework.test.context.junit4.SpringJUnit4ClassRunner.runChild(SpringJUnit4ClassRunner.java:231) [spring-test-3.2.4.RELEASE.jar:3.2.4.RELEASE]
	at org.springframework.test.context.junit4.SpringJUnit4ClassRunner.runChild(SpringJUnit4ClassRunner.java:88) [spring-test-3.2.4.RELEASE.jar:3.2.4.RELEASE]
	at org.junit.runners.ParentRunner$3.run(ParentRunner.java:238) [junit-4.11.jar:na]
	at org.junit.runners.ParentRunner$1.schedule(ParentRunner.java:63) [junit-4.11.jar:na]
	at org.junit.runners.ParentRunner.runChildren(ParentRunner.java:236) [junit-4.11.jar:na]
	at org.junit.runners.ParentRunner.access$000(ParentRunner.java:53) [junit-4.11.jar:na]
	at org.junit.runners.ParentRunner$2.evaluate(ParentRunner.java:229) [junit-4.11.jar:na]
	at org.springframework.test.context.junit4.statements.RunBeforeTestClassCallbacks.evaluate(RunBeforeTestClassCallbacks.java:61) [spring-test-3.2.4.RELEASE.jar:3.2.4.RELEASE]
	at org.springframework.test.context.junit4.statements.RunAfterTestClassCallbacks.evaluate(RunAfterTestClassCallbacks.java:71) [spring-test-3.2.4.RELEASE.jar:3.2.4.RELEASE]
	at org.junit.runners.ParentRunner.run(ParentRunner.java:309) [junit-4.11.jar:na]
	at org.springframework.test.context.junit4.SpringJUnit4ClassRunner.run(SpringJUnit4ClassRunner.java:174) [spring-test-3.2.4.RELEASE.jar:3.2.4.RELEASE]
	at org.junit.runners.Suite.runChild(Suite.java:127) [junit-4.11.jar:na]
	at org.junit.runners.Suite.runChild(Suite.java:26) [junit-4.11.jar:na]
	at org.junit.runners.ParentRunner$3.run(ParentRunner.java:238) [junit-4.11.jar:na]
	at org.junit.runners.ParentRunner$1.schedule(ParentRunner.java:63) [junit-4.11.jar:na]
	at org.junit.runners.ParentRunner.runChildren(ParentRunner.java:236) [junit-4.11.jar:na]
	at org.junit.runners.ParentRunner.access$000(ParentRunner.java:53) [junit-4.11.jar:na]
	at org.junit.runners.ParentRunner$2.evaluate(ParentRunner.java:229) [junit-4.11.jar:na]
	at org.junit.runners.ParentRunner.run(ParentRunner.java:309) [junit-4.11.jar:na]
	at org.junit.runner.JUnitCore.run(JUnitCore.java:160) [junit-4.11.jar:na]
	at org.junit.runner.JUnitCore.run(JUnitCore.java:138) [junit-4.11.jar:na]
	at org.apache.maven.surefire.junitcore.JUnitCoreWrapper.createReqestAndRun(JUnitCoreWrapper.java:139) [surefire-junit47-2.15.jar:2.15]
	at org.apache.maven.surefire.junitcore.JUnitCoreWrapper.executeEager(JUnitCoreWrapper.java:111) [surefire-junit47-2.15.jar:2.15]
	at org.apache.maven.surefire.junitcore.JUnitCoreWrapper.execute(JUnitCoreWrapper.java:84) [surefire-junit47-2.15.jar:2.15]
	at org.apache.maven.surefire.junitcore.JUnitCoreProvider.invoke(JUnitCoreProvider.java:135) [surefire-junit47-2.15.jar:2.15]
	at org.apache.maven.surefire.booter.ForkedBooter.invokeProviderInSameClassLoader(ForkedBooter.java:200) [surefire-booter-2.15.jar:2.15]
	at org.apache.maven.surefire.booter.ForkedBooter.runSuitesInProcess(ForkedBooter.java:153) [surefire-booter-2.15.jar:2.15]
	at org.apache.maven.surefire.booter.ForkedBooter.main(ForkedBooter.java:103) [surefire-booter-2.15.jar:2.15]
Caused by: org.springframework.beans.factory.BeanCreationException: Error creating bean with name 'expUserAccountHisDao' defined in file [D:\indigoWorkspace\kedaworkspace\expenses-claims\modules\expenses-business\target\classes\com\kedacom\expenses\dao\expenses\ExpUserAccountHisDao.class]: Initialization of bean failed; nested exception is java.lang.OutOfMemoryError: Java heap space
	at org.springframework.beans.factory.support.AbstractAutowireCapableBeanFactory.doCreateBean(AbstractAutowireCapableBeanFactory.java:529) ~[spring-beans-3.2.4.RELEASE.jar:3.2.4.RELEASE]
	at org.springframework.beans.factory.support.AbstractAutowireCapableBeanFactory.createBean(AbstractAutowireCapableBeanFactory.java:458) ~[spring-beans-3.2.4.RELEASE.jar:3.2.4.RELEASE]
	at org.springframework.beans.factory.support.AbstractBeanFactory$1.getObject(AbstractBeanFactory.java:295) ~[spring-beans-3.2.4.RELEASE.jar:3.2.4.RELEASE]
	at org.springframework.beans.factory.support.DefaultSingletonBeanRegistry.getSingleton(DefaultSingletonBeanRegistry.java:223) ~[spring-beans-3.2.4.RELEASE.jar:3.2.4.RELEASE]
	at org.springframework.beans.factory.support.AbstractBeanFactory.doGetBean(AbstractBeanFactory.java:292) ~[spring-beans-3.2.4.RELEASE.jar:3.2.4.RELEASE]
	at org.springframework.beans.factory.support.AbstractBeanFactory.getBean(AbstractBeanFactory.java:194) ~[spring-beans-3.2.4.RELEASE.jar:3.2.4.RELEASE]
	at org.springframework.beans.factory.support.DefaultListableBeanFactory.preInstantiateSingletons(DefaultListableBeanFactory.java:628) ~[spring-beans-3.2.4.RELEASE.jar:3.2.4.RELEASE]
	at org.springframework.context.support.AbstractApplicationContext.finishBeanFactoryInitialization(AbstractApplicationContext.java:932) ~[spring-context-3.2.4.RELEASE.jar:3.2.4.RELEASE]
	at org.springframework.context.support.AbstractApplicationContext.refresh(AbstractApplicationContext.java:479) ~[spring-context-3.2.4.RELEASE.jar:3.2.4.RELEASE]
	at org.springframework.test.context.support.AbstractGenericContextLoader.loadContext(AbstractGenericContextLoader.java:120) ~[spring-test-3.2.4.RELEASE.jar:3.2.4.RELEASE]
	at org.springframework.test.context.support.AbstractGenericContextLoader.loadContext(AbstractGenericContextLoader.java:60) ~[spring-test-3.2.4.RELEASE.jar:3.2.4.RELEASE]
	at org.springframework.test.context.support.AbstractDelegatingSmartContextLoader.delegateLoading(AbstractDelegatingSmartContextLoader.java:100) ~[spring-test-3.2.4.RELEASE.jar:3.2.4.RELEASE]
	at org.springframework.test.context.support.AbstractDelegatingSmartContextLoader.loadContext(AbstractDelegatingSmartContextLoader.java:248) ~[spring-test-3.2.4.RELEASE.jar:3.2.4.RELEASE]
	at org.springframework.test.context.CacheAwareContextLoaderDelegate.loadContextInternal(CacheAwareContextLoaderDelegate.java:64) ~[spring-test-3.2.4.RELEASE.jar:3.2.4.RELEASE]
	at org.springframework.test.context.CacheAwareContextLoaderDelegate.loadContext(CacheAwareContextLoaderDelegate.java:91) ~[spring-test-3.2.4.RELEASE.jar:3.2.4.RELEASE]
	... 36 common frames omitted
java.lang.OutOfMemoryError: Java heap space
	at java.util.ArrayList.<init>(ArrayList.java:112) ~[na:1.6.0_11]
	at java.util.ArrayList.<init>(ArrayList.java:119) ~[na:1.6.0_11]
	at org.aspectj.weaver.ResolvedType.<init>(ResolvedType.java:1353) ~[aspectjweaver-1.7.3.jar:1.7.3]
	at org.aspectj.weaver.ReferenceType.<init>(ReferenceType.java:74) ~[aspectjweaver-1.7.3.jar:1.7.3]
	at org.aspectj.weaver.World.resolveToReferenceType(World.java:473) ~[aspectjweaver-1.7.3.jar:1.7.3]
	at org.aspectj.weaver.World.resolve(World.java:318) ~[aspectjweaver-1.7.3.jar:1.7.3]
	at org.aspectj.weaver.World.resolve(World.java:228) ~[aspectjweaver-1.7.3.jar:1.7.3]
	at org.aspectj.weaver.World.resolve(World.java:433) ~[aspectjweaver-1.7.3.jar:1.7.3]
	at org.aspectj.weaver.reflect.JavaLangTypeToResolvedTypeConverter.fromType(JavaLangTypeToResolvedTypeConverter.java:65) ~[aspectjweaver-1.7.3.jar:1.7.3]
	at org.aspectj.weaver.reflect.Java15ReflectionBasedReferenceTypeDelegate.createGenericMethodMember(Java15ReflectionBasedReferenceTypeDelegate.java:220) ~[aspectjweaver-1.7.3.jar:1.7.3]
	at org.aspectj.weaver.reflect.Java15ReflectionBasedReferenceTypeDelegate.getDeclaredMethods(Java15ReflectionBasedReferenceTypeDelegate.java:198) ~[aspectjweaver-1.7.3.jar:1.7.3]
	at org.aspectj.weaver.ReferenceType.getDeclaredMethods(ReferenceType.java:778) ~[aspectjweaver-1.7.3.jar:1.7.3]
	at org.aspectj.weaver.ResolvedType$MethodGetterIncludingItds.get(ResolvedType.java:252) ~[aspectjweaver-1.7.3.jar:1.7.3]
	at org.aspectj.weaver.ResolvedType$MethodGetterIncludingItds.get(ResolvedType.java:250) ~[aspectjweaver-1.7.3.jar:1.7.3]
	at org.aspectj.weaver.Iterators$4$1.hasNext(Iterators.java:213) ~[aspectjweaver-1.7.3.jar:1.7.3]
	at org.aspectj.weaver.Iterators$4.hasNext(Iterators.java:230) ~[aspectjweaver-1.7.3.jar:1.7.3]
	at org.aspectj.weaver.ResolvedType.lookupResolvedMember(ResolvedType.java:619) ~[aspectjweaver-1.7.3.jar:1.7.3]
	at org.aspectj.weaver.JoinPointSignatureIterator.findSignaturesFromSupertypes(JoinPointSignatureIterator.java:192) ~[aspectjweaver-1.7.3.jar:1.7.3]
	at org.aspectj.weaver.JoinPointSignatureIterator.findSignaturesFromSupertypes(JoinPointSignatureIterator.java:229) ~[aspectjweaver-1.7.3.jar:1.7.3]
	at org.aspectj.weaver.JoinPointSignatureIterator.findSignaturesFromSupertypes(JoinPointSignatureIterator.java:238) ~[aspectjweaver-1.7.3.jar:1.7.3]
	at org.aspectj.weaver.JoinPointSignatureIterator.hasNext(JoinPointSignatureIterator.java:68) ~[aspectjweaver-1.7.3.jar:1.7.3]
	at org.aspectj.weaver.patterns.SignaturePattern.matches(SignaturePattern.java:317) ~[aspectjweaver-1.7.3.jar:1.7.3]
	at org.aspectj.weaver.patterns.KindedPointcut.matchInternal(KindedPointcut.java:202) ~[aspectjweaver-1.7.3.jar:1.7.3]
	at org.aspectj.weaver.patterns.Pointcut.match(Pointcut.java:137) ~[aspectjweaver-1.7.3.jar:1.7.3]
	at org.aspectj.weaver.internal.tools.PointcutExpressionImpl.getShadowMatch(PointcutExpressionImpl.java:312) ~[aspectjweaver-1.7.3.jar:1.7.3]
	at org.aspectj.weaver.internal.tools.PointcutExpressionImpl.matchesExecution(PointcutExpressionImpl.java:122) ~[aspectjweaver-1.7.3.jar:1.7.3]
	at org.aspectj.weaver.internal.tools.PointcutExpressionImpl.matchesMethodExecution(PointcutExpressionImpl.java:103) ~[aspectjweaver-1.7.3.jar:1.7.3]
	at org.springframework.aop.aspectj.AspectJExpressionPointcut.getShadowMatch(AspectJExpressionPointcut.java:404) ~[spring-aop-3.2.4.RELEASE.jar:3.2.4.RELEASE]
	at org.springframework.aop.aspectj.AspectJExpressionPointcut.matches(AspectJExpressionPointcut.java:273) ~[spring-aop-3.2.4.RELEASE.jar:3.2.4.RELEASE]
	at org.springframework.aop.support.AopUtils.canApply(AopUtils.java:223) ~[spring-aop-3.2.4.RELEASE.jar:3.2.4.RELEASE]
	at org.springframework.aop.support.AopUtils.canApply(AopUtils.java:262) ~[spring-aop-3.2.4.RELEASE.jar:3.2.4.RELEASE]
	at org.springframework.aop.support.AopUtils.findAdvisorsThatCanApply(AopUtils.java:294) ~[spring-aop-3.2.4.RELEASE.jar:3.2.4.RELEASE]
16:08:01.531 [main] ERROR c.alibaba.druid.pool.DruidDataSource - testWhileIdle is true, validationQuery not set
16:08:29.625 [main] ERROR o.s.test.context.TestContextManager - Caught exception while allowing TestExecutionListener [org.springframework.test.context.support.DependencyInjectionTestExecutionListener@13e9963] to prepare test instance [com.kedacom.expenses.service.expenses.SpecialExpensesPaymentServiceTest@119015b]
java.lang.IllegalStateException: Failed to load ApplicationContext
	at org.springframework.test.context.CacheAwareContextLoaderDelegate.loadContext(CacheAwareContextLoaderDelegate.java:99) ~[spring-test-3.2.4.RELEASE.jar:3.2.4.RELEASE]
	at org.springframework.test.context.TestContext.getApplicationContext(TestContext.java:122) ~[spring-test-3.2.4.RELEASE.jar:3.2.4.RELEASE]
	at org.springframework.test.context.support.DependencyInjectionTestExecutionListener.injectDependencies(DependencyInjectionTestExecutionListener.java:109) ~[spring-test-3.2.4.RELEASE.jar:3.2.4.RELEASE]
	at org.springframework.test.context.support.DependencyInjectionTestExecutionListener.prepareTestInstance(DependencyInjectionTestExecutionListener.java:75) ~[spring-test-3.2.4.RELEASE.jar:3.2.4.RELEASE]
	at org.springframework.test.context.TestContextManager.prepareTestInstance(TestContextManager.java:312) ~[spring-test-3.2.4.RELEASE.jar:3.2.4.RELEASE]
	at org.springframework.test.context.junit4.SpringJUnit4ClassRunner.createTest(SpringJUnit4ClassRunner.java:211) [spring-test-3.2.4.RELEASE.jar:3.2.4.RELEASE]
	at org.springframework.test.context.junit4.SpringJUnit4ClassRunner$1.runReflectiveCall(SpringJUnit4ClassRunner.java:288) [spring-test-3.2.4.RELEASE.jar:3.2.4.RELEASE]
	at org.junit.internal.runners.model.ReflectiveCallable.run(ReflectiveCallable.java:12) [junit-4.11.jar:na]
	at org.springframework.test.context.junit4.SpringJUnit4ClassRunner.methodBlock(SpringJUnit4ClassRunner.java:284) [spring-test-3.2.4.RELEASE.jar:3.2.4.RELEASE]
	at org.springframework.test.context.junit4.SpringJUnit4ClassRunner.runChild(SpringJUnit4ClassRunner.java:231) [spring-test-3.2.4.RELEASE.jar:3.2.4.RELEASE]
	at org.springframework.test.context.junit4.SpringJUnit4ClassRunner.runChild(SpringJUnit4ClassRunner.java:88) [spring-test-3.2.4.RELEASE.jar:3.2.4.RELEASE]
	at org.junit.runners.ParentRunner$3.run(ParentRunner.java:238) [junit-4.11.jar:na]
	at org.junit.runners.ParentRunner$1.schedule(ParentRunner.java:63) [junit-4.11.jar:na]
	at org.junit.runners.ParentRunner.runChildren(ParentRunner.java:236) [junit-4.11.jar:na]
	at org.junit.runners.ParentRunner.access$000(ParentRunner.java:53) [junit-4.11.jar:na]
	at org.junit.runners.ParentRunner$2.evaluate(ParentRunner.java:229) [junit-4.11.jar:na]
	at org.springframework.test.context.junit4.statements.RunBeforeTestClassCallbacks.evaluate(RunBeforeTestClassCallbacks.java:61) [spring-test-3.2.4.RELEASE.jar:3.2.4.RELEASE]
	at org.springframework.test.context.junit4.statements.RunAfterTestClassCallbacks.evaluate(RunAfterTestClassCallbacks.java:71) [spring-test-3.2.4.RELEASE.jar:3.2.4.RELEASE]
	at org.junit.runners.ParentRunner.run(ParentRunner.java:309) [junit-4.11.jar:na]
	at org.springframework.test.context.junit4.SpringJUnit4ClassRunner.run(SpringJUnit4ClassRunner.java:174) [spring-test-3.2.4.RELEASE.jar:3.2.4.RELEASE]
	at org.junit.runners.Suite.runChild(Suite.java:127) [junit-4.11.jar:na]
	at org.junit.runners.Suite.runChild(Suite.java:26) [junit-4.11.jar:na]
	at org.junit.runners.ParentRunner$3.run(ParentRunner.java:238) [junit-4.11.jar:na]
	at org.junit.runners.ParentRunner$1.schedule(ParentRunner.java:63) [junit-4.11.jar:na]
	at org.junit.runners.ParentRunner.runChildren(ParentRunner.java:236) [junit-4.11.jar:na]
	at org.junit.runners.ParentRunner.access$000(ParentRunner.java:53) [junit-4.11.jar:na]
	at org.junit.runners.ParentRunner$2.evaluate(ParentRunner.java:229) [junit-4.11.jar:na]
	at org.junit.runners.ParentRunner.run(ParentRunner.java:309) [junit-4.11.jar:na]
	at org.junit.runner.JUnitCore.run(JUnitCore.java:160) [junit-4.11.jar:na]
	at org.junit.runner.JUnitCore.run(JUnitCore.java:138) [junit-4.11.jar:na]
	at org.apache.maven.surefire.junitcore.JUnitCoreWrapper.createReqestAndRun(JUnitCoreWrapper.java:139) [surefire-junit47-2.15.jar:2.15]
	at org.apache.maven.surefire.junitcore.JUnitCoreWrapper.executeEager(JUnitCoreWrapper.java:111) [surefire-junit47-2.15.jar:2.15]
	at org.apache.maven.surefire.junitcore.JUnitCoreWrapper.execute(JUnitCoreWrapper.java:84) [surefire-junit47-2.15.jar:2.15]
	at org.apache.maven.surefire.junitcore.JUnitCoreProvider.invoke(JUnitCoreProvider.java:135) [surefire-junit47-2.15.jar:2.15]
	at org.apache.maven.surefire.booter.ForkedBooter.invokeProviderInSameClassLoader(ForkedBooter.java:200) [surefire-booter-2.15.jar:2.15]
	at org.apache.maven.surefire.booter.ForkedBooter.runSuitesInProcess(ForkedBooter.java:153) [surefire-booter-2.15.jar:2.15]
	at org.apache.maven.surefire.booter.ForkedBooter.main(ForkedBooter.java:103) [surefire-booter-2.15.jar:2.15]
Caused by: org.springframework.beans.factory.BeanCreationException: Error creating bean with name 'expUpdatePaymentHisDao' defined in file [D:\indigoWorkspace\kedaworkspace\expenses-claims\modules\expenses-business\target\classes\com\kedacom\expenses\dao\expenses\ExpUpdatePaymentHisDao.class]: Initialization of bean failed; nested exception is java.lang.OutOfMemoryError: Java heap space
	at org.springframework.beans.factory.support.AbstractAutowireCapableBeanFactory.doCreateBean(AbstractAutowireCapableBeanFactory.java:529) ~[spring-beans-3.2.4.RELEASE.jar:3.2.4.RELEASE]
	at org.springframework.beans.factory.support.AbstractAutowireCapableBeanFactory.createBean(AbstractAutowireCapableBeanFactory.java:458) ~[spring-beans-3.2.4.RELEASE.jar:3.2.4.RELEASE]
	at org.springframework.beans.factory.support.AbstractBeanFactory$1.getObject(AbstractBeanFactory.java:295) ~[spring-beans-3.2.4.RELEASE.jar:3.2.4.RELEASE]
	at org.springframework.beans.factory.support.DefaultSingletonBeanRegistry.getSingleton(DefaultSingletonBeanRegistry.java:223) ~[spring-beans-3.2.4.RELEASE.jar:3.2.4.RELEASE]
	at org.springframework.beans.factory.support.AbstractBeanFactory.doGetBean(AbstractBeanFactory.java:292) ~[spring-beans-3.2.4.RELEASE.jar:3.2.4.RELEASE]
	at org.springframework.beans.factory.support.AbstractBeanFactory.getBean(AbstractBeanFactory.java:194) ~[spring-beans-3.2.4.RELEASE.jar:3.2.4.RELEASE]
	at org.springframework.beans.factory.support.DefaultListableBeanFactory.preInstantiateSingletons(DefaultListableBeanFactory.java:628) ~[spring-beans-3.2.4.RELEASE.jar:3.2.4.RELEASE]
	at org.springframework.context.support.AbstractApplicationContext.finishBeanFactoryInitialization(AbstractApplicationContext.java:932) ~[spring-context-3.2.4.RELEASE.jar:3.2.4.RELEASE]
	at org.springframework.context.support.AbstractApplicationContext.refresh(AbstractApplicationContext.java:479) ~[spring-context-3.2.4.RELEASE.jar:3.2.4.RELEASE]
	at org.springframework.test.context.support.AbstractGenericContextLoader.loadContext(AbstractGenericContextLoader.java:120) ~[spring-test-3.2.4.RELEASE.jar:3.2.4.RELEASE]
	at org.springframework.test.context.support.AbstractGenericContextLoader.loadContext(AbstractGenericContextLoader.java:60) ~[spring-test-3.2.4.RELEASE.jar:3.2.4.RELEASE]
	at org.springframework.test.context.support.AbstractDelegatingSmartContextLoader.delegateLoading(AbstractDelegatingSmartContextLoader.java:100) ~[spring-test-3.2.4.RELEASE.jar:3.2.4.RELEASE]
	at org.springframework.test.context.support.AbstractDelegatingSmartContextLoader.loadContext(AbstractDelegatingSmartContextLoader.java:248) ~[spring-test-3.2.4.RELEASE.jar:3.2.4.RELEASE]
	at org.springframework.test.context.CacheAwareContextLoaderDelegate.loadContextInternal(CacheAwareContextLoaderDelegate.java:64) ~[spring-test-3.2.4.RELEASE.jar:3.2.4.RELEASE]
	at org.springframework.test.context.CacheAwareContextLoaderDelegate.loadContext(CacheAwareContextLoaderDelegate.java:91) ~[spring-test-3.2.4.RELEASE.jar:3.2.4.RELEASE]
	... 36 common frames omitted
java.lang.OutOfMemoryError: Java heap space
	at org.aspectj.lang.reflect.AjTypeSystem.getAjType(AjTypeSystem.java:45) ~[aspectjrt-1.7.3.jar:na]
	at org.aspectj.weaver.reflect.Java15ReflectionBasedReferenceTypeDelegate.initialize(Java15ReflectionBasedReferenceTypeDelegate.java:64) ~[aspectjweaver-1.7.3.jar:1.7.3]
	at org.aspectj.weaver.reflect.ReflectionBasedReferenceTypeDelegateFactory.create15Delegate(ReflectionBasedReferenceTypeDelegateFactory.java:67) ~[aspectjweaver-1.7.3.jar:1.7.3]
	at org.aspectj.weaver.reflect.ReflectionBasedReferenceTypeDelegateFactory.createDelegate(ReflectionBasedReferenceTypeDelegateFactory.java:40) ~[aspectjweaver-1.7.3.jar:1.7.3]
	at org.aspectj.weaver.reflect.ReflectionWorld.resolveDelegate(ReflectionWorld.java:113) ~[aspectjweaver-1.7.3.jar:1.7.3]
	at org.aspectj.weaver.World.resolveToReferenceType(World.java:477) ~[aspectjweaver-1.7.3.jar:1.7.3]
	at org.aspectj.weaver.World.resolve(World.java:318) ~[aspectjweaver-1.7.3.jar:1.7.3]
	at org.aspectj.weaver.World.resolve(World.java:228) ~[aspectjweaver-1.7.3.jar:1.7.3]
	at org.aspectj.weaver.World.resolve(World.java:433) ~[aspectjweaver-1.7.3.jar:1.7.3]
	at org.aspectj.weaver.reflect.JavaLangTypeToResolvedTypeConverter.fromType(JavaLangTypeToResolvedTypeConverter.java:65) ~[aspectjweaver-1.7.3.jar:1.7.3]
	at org.aspectj.weaver.reflect.JavaLangTypeToResolvedTypeConverter.fromTypes(JavaLangTypeToResolvedTypeConverter.java:129) ~[aspectjweaver-1.7.3.jar:1.7.3]
	at org.aspectj.weaver.reflect.Java15ReflectionBasedReferenceTypeDelegate.getDeclaredInterfaces(Java15ReflectionBasedReferenceTypeDelegate.java:135) ~[aspectjweaver-1.7.3.jar:1.7.3]
	at org.aspectj.weaver.ReferenceType.getDeclaredInterfaces(ReferenceType.java:642) ~[aspectjweaver-1.7.3.jar:1.7.3]
	at org.aspectj.weaver.ResolvedType$2.get(ResolvedType.java:311) ~[aspectjweaver-1.7.3.jar:1.7.3]
	at org.aspectj.weaver.ResolvedType$2.get(ResolvedType.java:307) ~[aspectjweaver-1.7.3.jar:1.7.3]
	at org.aspectj.weaver.ResolvedType$SuperInterfaceWalker.hasNext(ResolvedType.java:2277) ~[aspectjweaver-1.7.3.jar:1.7.3]
	at org.aspectj.weaver.Iterators$6.hasNext(Iterators.java:288) ~[aspectjweaver-1.7.3.jar:1.7.3]
	at org.aspectj.weaver.Iterators$4$1.hasNext(Iterators.java:209) ~[aspectjweaver-1.7.3.jar:1.7.3]
	at org.aspectj.weaver.Iterators$6.hasNext(Iterators.java:288) ~[aspectjweaver-1.7.3.jar:1.7.3]
	at org.aspectj.weaver.Iterators$4.hasNext(Iterators.java:230) ~[aspectjweaver-1.7.3.jar:1.7.3]
	at org.aspectj.weaver.ResolvedType.lookupResolvedMember(ResolvedType.java:619) ~[aspectjweaver-1.7.3.jar:1.7.3]
	at org.aspectj.weaver.JoinPointSignatureIterator.findSignaturesFromSupertypes(JoinPointSignatureIterator.java:192) ~[aspectjweaver-1.7.3.jar:1.7.3]
	at org.aspectj.weaver.JoinPointSignatureIterator.findSignaturesFromSupertypes(JoinPointSignatureIterator.java:229) ~[aspectjweaver-1.7.3.jar:1.7.3]
	at org.aspectj.weaver.JoinPointSignatureIterator.findSignaturesFromSupertypes(JoinPointSignatureIterator.java:238) ~[aspectjweaver-1.7.3.jar:1.7.3]
	at org.aspectj.weaver.JoinPointSignatureIterator.hasNext(JoinPointSignatureIterator.java:68) ~[aspectjweaver-1.7.3.jar:1.7.3]
	at org.aspectj.weaver.patterns.SignaturePattern.matches(SignaturePattern.java:317) ~[aspectjweaver-1.7.3.jar:1.7.3]
	at org.aspectj.weaver.patterns.KindedPointcut.matchInternal(KindedPointcut.java:202) ~[aspectjweaver-1.7.3.jar:1.7.3]
	at org.aspectj.weaver.patterns.Pointcut.match(Pointcut.java:137) ~[aspectjweaver-1.7.3.jar:1.7.3]
	at org.aspectj.weaver.internal.tools.PointcutExpressionImpl.getShadowMatch(PointcutExpressionImpl.java:312) ~[aspectjweaver-1.7.3.jar:1.7.3]
	at org.aspectj.weaver.internal.tools.PointcutExpressionImpl.matchesExecution(PointcutExpressionImpl.java:122) ~[aspectjweaver-1.7.3.jar:1.7.3]
	at org.aspectj.weaver.internal.tools.PointcutExpressionImpl.matchesMethodExecution(PointcutExpressionImpl.java:103) ~[aspectjweaver-1.7.3.jar:1.7.3]
	at org.springframework.aop.aspectj.AspectJExpressionPointcut.getShadowMatch(AspectJExpressionPointcut.java:404) ~[spring-aop-3.2.4.RELEASE.jar:3.2.4.RELEASE]
16:08:31.421 [main] ERROR c.alibaba.druid.pool.DruidDataSource - testWhileIdle is true, validationQuery not set
16:08:58.734 [main] ERROR o.s.test.context.TestContextManager - Caught exception while allowing TestExecutionListener [org.springframework.test.context.support.DependencyInjectionTestExecutionListener@97f5f] to prepare test instance [com.kedacom.expenses.service.system.IdeneServiceTest@1894e9c]
java.lang.IllegalStateException: Failed to load ApplicationContext
	at org.springframework.test.context.CacheAwareContextLoaderDelegate.loadContext(CacheAwareContextLoaderDelegate.java:99) ~[spring-test-3.2.4.RELEASE.jar:3.2.4.RELEASE]
	at org.springframework.test.context.TestContext.getApplicationContext(TestContext.java:122) ~[spring-test-3.2.4.RELEASE.jar:3.2.4.RELEASE]
	at org.springframework.test.context.support.DependencyInjectionTestExecutionListener.injectDependencies(DependencyInjectionTestExecutionListener.java:109) ~[spring-test-3.2.4.RELEASE.jar:3.2.4.RELEASE]
	at org.springframework.test.context.support.DependencyInjectionTestExecutionListener.prepareTestInstance(DependencyInjectionTestExecutionListener.java:75) ~[spring-test-3.2.4.RELEASE.jar:3.2.4.RELEASE]
	at org.springframework.test.context.TestContextManager.prepareTestInstance(TestContextManager.java:312) ~[spring-test-3.2.4.RELEASE.jar:3.2.4.RELEASE]
	at org.springframework.test.context.junit4.SpringJUnit4ClassRunner.createTest(SpringJUnit4ClassRunner.java:211) [spring-test-3.2.4.RELEASE.jar:3.2.4.RELEASE]
	at org.springframework.test.context.junit4.SpringJUnit4ClassRunner$1.runReflectiveCall(SpringJUnit4ClassRunner.java:288) [spring-test-3.2.4.RELEASE.jar:3.2.4.RELEASE]
	at org.junit.internal.runners.model.ReflectiveCallable.run(ReflectiveCallable.java:12) [junit-4.11.jar:na]
	at org.springframework.test.context.junit4.SpringJUnit4ClassRunner.methodBlock(SpringJUnit4ClassRunner.java:284) [spring-test-3.2.4.RELEASE.jar:3.2.4.RELEASE]
	at org.springframework.test.context.junit4.SpringJUnit4ClassRunner.runChild(SpringJUnit4ClassRunner.java:231) [spring-test-3.2.4.RELEASE.jar:3.2.4.RELEASE]
	at org.springframework.test.context.junit4.SpringJUnit4ClassRunner.runChild(SpringJUnit4ClassRunner.java:88) [spring-test-3.2.4.RELEASE.jar:3.2.4.RELEASE]
	at org.junit.runners.ParentRunner$3.run(ParentRunner.java:238) [junit-4.11.jar:na]
	at org.junit.runners.ParentRunner$1.schedule(ParentRunner.java:63) [junit-4.11.jar:na]
	at org.junit.runners.ParentRunner.runChildren(ParentRunner.java:236) [junit-4.11.jar:na]
	at org.junit.runners.ParentRunner.access$000(ParentRunner.java:53) [junit-4.11.jar:na]
	at org.junit.runners.ParentRunner$2.evaluate(ParentRunner.java:229) [junit-4.11.jar:na]
	at org.springframework.test.context.junit4.statements.RunBeforeTestClassCallbacks.evaluate(RunBeforeTestClassCallbacks.java:61) [spring-test-3.2.4.RELEASE.jar:3.2.4.RELEASE]
	at org.springframework.test.context.junit4.statements.RunAfterTestClassCallbacks.evaluate(RunAfterTestClassCallbacks.java:71) [spring-test-3.2.4.RELEASE.jar:3.2.4.RELEASE]
	at org.junit.runners.ParentRunner.run(ParentRunner.java:309) [junit-4.11.jar:na]
	at org.springframework.test.context.junit4.SpringJUnit4ClassRunner.run(SpringJUnit4ClassRunner.java:174) [spring-test-3.2.4.RELEASE.jar:3.2.4.RELEASE]
	at org.junit.runners.Suite.runChild(Suite.java:127) [junit-4.11.jar:na]
	at org.junit.runners.Suite.runChild(Suite.java:26) [junit-4.11.jar:na]
	at org.junit.runners.ParentRunner$3.run(ParentRunner.java:238) [junit-4.11.jar:na]
	at org.junit.runners.ParentRunner$1.schedule(ParentRunner.java:63) [junit-4.11.jar:na]
	at org.junit.runners.ParentRunner.runChildren(ParentRunner.java:236) [junit-4.11.jar:na]
	at org.junit.runners.ParentRunner.access$000(ParentRunner.java:53) [junit-4.11.jar:na]
	at org.junit.runners.ParentRunner$2.evaluate(ParentRunner.java:229) [junit-4.11.jar:na]
	at org.junit.runners.ParentRunner.run(ParentRunner.java:309) [junit-4.11.jar:na]
	at org.junit.runner.JUnitCore.run(JUnitCore.java:160) [junit-4.11.jar:na]
	at org.junit.runner.JUnitCore.run(JUnitCore.java:138) [junit-4.11.jar:na]
	at org.apache.maven.surefire.junitcore.JUnitCoreWrapper.createReqestAndRun(JUnitCoreWrapper.java:139) [surefire-junit47-2.15.jar:2.15]
	at org.apache.maven.surefire.junitcore.JUnitCoreWrapper.executeEager(JUnitCoreWrapper.java:111) [surefire-junit47-2.15.jar:2.15]
	at org.apache.maven.surefire.junitcore.JUnitCoreWrapper.execute(JUnitCoreWrapper.java:84) [surefire-junit47-2.15.jar:2.15]
	at org.apache.maven.surefire.junitcore.JUnitCoreProvider.invoke(JUnitCoreProvider.java:135) [surefire-junit47-2.15.jar:2.15]
	at org.apache.maven.surefire.booter.ForkedBooter.invokeProviderInSameClassLoader(ForkedBooter.java:200) [surefire-booter-2.15.jar:2.15]
	at org.apache.maven.surefire.booter.ForkedBooter.runSuitesInProcess(ForkedBooter.java:153) [surefire-booter-2.15.jar:2.15]
	at org.apache.maven.surefire.booter.ForkedBooter.main(ForkedBooter.java:103) [surefire-booter-2.15.jar:2.15]
Caused by: org.springframework.beans.factory.BeanCreationException: Error creating bean with name 'expTransformDao' defined in file [D:\indigoWorkspace\kedaworkspace\expenses-claims\modules\expenses-business\target\classes\com\kedacom\expenses\dao\expenses\ExpTransformDao.class]: Initialization of bean failed; nested exception is java.lang.OutOfMemoryError: Java heap space
	at org.springframework.beans.factory.support.AbstractAutowireCapableBeanFactory.doCreateBean(AbstractAutowireCapableBeanFactory.java:529) ~[spring-beans-3.2.4.RELEASE.jar:3.2.4.RELEASE]
	at org.springframework.beans.factory.support.AbstractAutowireCapableBeanFactory.createBean(AbstractAutowireCapableBeanFactory.java:458) ~[spring-beans-3.2.4.RELEASE.jar:3.2.4.RELEASE]
	at org.springframework.beans.factory.support.AbstractBeanFactory$1.getObject(AbstractBeanFactory.java:295) ~[spring-beans-3.2.4.RELEASE.jar:3.2.4.RELEASE]
	at org.springframework.beans.factory.support.DefaultSingletonBeanRegistry.getSingleton(DefaultSingletonBeanRegistry.java:223) ~[spring-beans-3.2.4.RELEASE.jar:3.2.4.RELEASE]
	at org.springframework.beans.factory.support.AbstractBeanFactory.doGetBean(AbstractBeanFactory.java:292) ~[spring-beans-3.2.4.RELEASE.jar:3.2.4.RELEASE]
	at org.springframework.beans.factory.support.AbstractBeanFactory.getBean(AbstractBeanFactory.java:194) ~[spring-beans-3.2.4.RELEASE.jar:3.2.4.RELEASE]
	at org.springframework.beans.factory.support.DefaultListableBeanFactory.preInstantiateSingletons(DefaultListableBeanFactory.java:628) ~[spring-beans-3.2.4.RELEASE.jar:3.2.4.RELEASE]
	at org.springframework.context.support.AbstractApplicationContext.finishBeanFactoryInitialization(AbstractApplicationContext.java:932) ~[spring-context-3.2.4.RELEASE.jar:3.2.4.RELEASE]
	at org.springframework.context.support.AbstractApplicationContext.refresh(AbstractApplicationContext.java:479) ~[spring-context-3.2.4.RELEASE.jar:3.2.4.RELEASE]
	at org.springframework.test.context.support.AbstractGenericContextLoader.loadContext(AbstractGenericContextLoader.java:120) ~[spring-test-3.2.4.RELEASE.jar:3.2.4.RELEASE]
	at org.springframework.test.context.support.AbstractGenericContextLoader.loadContext(AbstractGenericContextLoader.java:60) ~[spring-test-3.2.4.RELEASE.jar:3.2.4.RELEASE]
	at org.springframework.test.context.support.AbstractDelegatingSmartContextLoader.delegateLoading(AbstractDelegatingSmartContextLoader.java:100) ~[spring-test-3.2.4.RELEASE.jar:3.2.4.RELEASE]
	at org.springframework.test.context.support.AbstractDelegatingSmartContextLoader.loadContext(AbstractDelegatingSmartContextLoader.java:248) ~[spring-test-3.2.4.RELEASE.jar:3.2.4.RELEASE]
	at org.springframework.test.context.CacheAwareContextLoaderDelegate.loadContextInternal(CacheAwareContextLoaderDelegate.java:64) ~[spring-test-3.2.4.RELEASE.jar:3.2.4.RELEASE]
	at org.springframework.test.context.CacheAwareContextLoaderDelegate.loadContext(CacheAwareContextLoaderDelegate.java:91) ~[spring-test-3.2.4.RELEASE.jar:3.2.4.RELEASE]
	... 36 common frames omitted
java.lang.OutOfMemoryError: Java heap space
	at java.lang.reflect.Method.copy(Method.java:143) ~[na:1.6.0_11]
	at java.lang.reflect.ReflectAccess.copyMethod(ReflectAccess.java:118) ~[na:1.6.0_11]
	at sun.reflect.ReflectionFactory.copyMethod(ReflectionFactory.java:282) ~[na:1.6.0_11]
	at java.lang.Class.copyMethods(Class.java:2748) ~[na:1.6.0_11]
	at java.lang.Class.getDeclaredMethods(Class.java:1791) ~[na:1.6.0_11]
	at org.aspectj.internal.lang.reflect.AjTypeImpl.getDeclaredMethods(AjTypeImpl.java:333) ~[aspectjrt-1.7.3.jar:na]
	at org.aspectj.weaver.reflect.Java15ReflectionBasedReferenceTypeDelegate.getDeclaredMethods(Java15ReflectionBasedReferenceTypeDelegate.java:194) ~[aspectjweaver-1.7.3.jar:1.7.3]
	at org.aspectj.weaver.ReferenceType.getDeclaredMethods(ReferenceType.java:778) ~[aspectjweaver-1.7.3.jar:1.7.3]
	at org.aspectj.weaver.ResolvedType$MethodGetterIncludingItds.get(ResolvedType.java:252) ~[aspectjweaver-1.7.3.jar:1.7.3]
	at org.aspectj.weaver.ResolvedType$MethodGetterIncludingItds.get(ResolvedType.java:250) ~[aspectjweaver-1.7.3.jar:1.7.3]
	at org.aspectj.weaver.Iterators$4$1.hasNext(Iterators.java:213) ~[aspectjweaver-1.7.3.jar:1.7.3]
	at org.aspectj.weaver.Iterators$6.hasNext(Iterators.java:288) ~[aspectjweaver-1.7.3.jar:1.7.3]
	at org.aspectj.weaver.Iterators$4.hasNext(Iterators.java:230) ~[aspectjweaver-1.7.3.jar:1.7.3]
	at org.aspectj.weaver.ResolvedType.lookupResolvedMember(ResolvedType.java:619) ~[aspectjweaver-1.7.3.jar:1.7.3]
	at org.aspectj.weaver.JoinPointSignatureIterator.findSignaturesFromSupertypes(JoinPointSignatureIterator.java:192) ~[aspectjweaver-1.7.3.jar:1.7.3]
	at org.aspectj.weaver.JoinPointSignatureIterator.findSignaturesFromSupertypes(JoinPointSignatureIterator.java:229) ~[aspectjweaver-1.7.3.jar:1.7.3]
	at org.aspectj.weaver.JoinPointSignatureIterator.findSignaturesFromSupertypes(JoinPointSignatureIterator.java:238) ~[aspectjweaver-1.7.3.jar:1.7.3]
	at org.aspectj.weaver.JoinPointSignatureIterator.hasNext(JoinPointSignatureIterator.java:68) ~[aspectjweaver-1.7.3.jar:1.7.3]
	at org.aspectj.weaver.patterns.SignaturePattern.matches(SignaturePattern.java:317) ~[aspectjweaver-1.7.3.jar:1.7.3]
	at org.aspectj.weaver.patterns.KindedPointcut.matchInternal(KindedPointcut.java:202) ~[aspectjweaver-1.7.3.jar:1.7.3]
	at org.aspectj.weaver.patterns.Pointcut.match(Pointcut.java:137) ~[aspectjweaver-1.7.3.jar:1.7.3]
	at org.aspectj.weaver.internal.tools.PointcutExpressionImpl.getShadowMatch(PointcutExpressionImpl.java:312) ~[aspectjweaver-1.7.3.jar:1.7.3]
	at org.aspectj.weaver.internal.tools.PointcutExpressionImpl.matchesExecution(PointcutExpressionImpl.java:122) ~[aspectjweaver-1.7.3.jar:1.7.3]
	at org.aspectj.weaver.internal.tools.PointcutExpressionImpl.matchesMethodExecution(PointcutExpressionImpl.java:103) ~[aspectjweaver-1.7.3.jar:1.7.3]
	at org.springframework.aop.aspectj.AspectJExpressionPointcut.getShadowMatch(AspectJExpressionPointcut.java:404) ~[spring-aop-3.2.4.RELEASE.jar:3.2.4.RELEASE]
	at org.springframework.aop.aspectj.AspectJExpressionPointcut.matches(AspectJExpressionPointcut.java:273) ~[spring-aop-3.2.4.RELEASE.jar:3.2.4.RELEASE]
	at org.springframework.aop.support.AopUtils.canApply(AopUtils.java:223) ~[spring-aop-3.2.4.RELEASE.jar:3.2.4.RELEASE]
	at org.springframework.aop.support.AopUtils.canApply(AopUtils.java:262) ~[spring-aop-3.2.4.RELEASE.jar:3.2.4.RELEASE]
	at org.springframework.aop.support.AopUtils.findAdvisorsThatCanApply(AopUtils.java:294) ~[spring-aop-3.2.4.RELEASE.jar:3.2.4.RELEASE]
	at org.springframework.aop.framework.autoproxy.AbstractAdvisorAutoProxyCreator.findAdvisorsThatCanApply(AbstractAdvisorAutoProxyCreator.java:118) ~[spring-aop-3.2.4.RELEASE.jar:3.2.4.RELEASE]
	at org.springframework.aop.framework.autoproxy.AbstractAdvisorAutoProxyCreator.findEligibleAdvisors(AbstractAdvisorAutoProxyCreator.java:88) ~[spring-aop-3.2.4.RELEASE.jar:3.2.4.RELEASE]
	at org.springframework.aop.framework.autoproxy.AbstractAdvisorAutoProxyCreator.getAdvicesAndAdvisorsForBean(AbstractAdvisorAutoProxyCreator.java:69) ~[spring-aop-3.2.4.RELEASE.jar:3.2.4.RELEASE]
16:09:00.156 [main] ERROR c.alibaba.druid.pool.DruidDataSource - testWhileIdle is true, validationQuery not set
16:09:27.031 [main] ERROR o.s.test.context.TestContextManager - Caught exception while allowing TestExecutionListener [org.springframework.test.context.support.DependencyInjectionTestExecutionListener@97f5f] to prepare test instance [com.kedacom.expenses.service.system.IdeneServiceTest@1b0ba02]
java.lang.IllegalStateException: Failed to load ApplicationContext
	at org.springframework.test.context.CacheAwareContextLoaderDelegate.loadContext(CacheAwareContextLoaderDelegate.java:99) ~[spring-test-3.2.4.RELEASE.jar:3.2.4.RELEASE]
	at org.springframework.test.context.TestContext.getApplicationContext(TestContext.java:122) ~[spring-test-3.2.4.RELEASE.jar:3.2.4.RELEASE]
	at org.springframework.test.context.support.DependencyInjectionTestExecutionListener.injectDependencies(DependencyInjectionTestExecutionListener.java:109) ~[spring-test-3.2.4.RELEASE.jar:3.2.4.RELEASE]
	at org.springframework.test.context.support.DependencyInjectionTestExecutionListener.prepareTestInstance(DependencyInjectionTestExecutionListener.java:75) ~[spring-test-3.2.4.RELEASE.jar:3.2.4.RELEASE]
	at org.springframework.test.context.TestContextManager.prepareTestInstance(TestContextManager.java:312) ~[spring-test-3.2.4.RELEASE.jar:3.2.4.RELEASE]
	at org.springframework.test.context.junit4.SpringJUnit4ClassRunner.createTest(SpringJUnit4ClassRunner.java:211) [spring-test-3.2.4.RELEASE.jar:3.2.4.RELEASE]
	at org.springframework.test.context.junit4.SpringJUnit4ClassRunner$1.runReflectiveCall(SpringJUnit4ClassRunner.java:288) [spring-test-3.2.4.RELEASE.jar:3.2.4.RELEASE]
	at org.junit.internal.runners.model.ReflectiveCallable.run(ReflectiveCallable.java:12) [junit-4.11.jar:na]
	at org.springframework.test.context.junit4.SpringJUnit4ClassRunner.methodBlock(SpringJUnit4ClassRunner.java:284) [spring-test-3.2.4.RELEASE.jar:3.2.4.RELEASE]
	at org.springframework.test.context.junit4.SpringJUnit4ClassRunner.runChild(SpringJUnit4ClassRunner.java:231) [spring-test-3.2.4.RELEASE.jar:3.2.4.RELEASE]
	at org.springframework.test.context.junit4.SpringJUnit4ClassRunner.runChild(SpringJUnit4ClassRunner.java:88) [spring-test-3.2.4.RELEASE.jar:3.2.4.RELEASE]
	at org.junit.runners.ParentRunner$3.run(ParentRunner.java:238) [junit-4.11.jar:na]
	at org.junit.runners.ParentRunner$1.schedule(ParentRunner.java:63) [junit-4.11.jar:na]
	at org.junit.runners.ParentRunner.runChildren(ParentRunner.java:236) [junit-4.11.jar:na]
	at org.junit.runners.ParentRunner.access$000(ParentRunner.java:53) [junit-4.11.jar:na]
	at org.junit.runners.ParentRunner$2.evaluate(ParentRunner.java:229) [junit-4.11.jar:na]
	at org.springframework.test.context.junit4.statements.RunBeforeTestClassCallbacks.evaluate(RunBeforeTestClassCallbacks.java:61) [spring-test-3.2.4.RELEASE.jar:3.2.4.RELEASE]
	at org.springframework.test.context.junit4.statements.RunAfterTestClassCallbacks.evaluate(RunAfterTestClassCallbacks.java:71) [spring-test-3.2.4.RELEASE.jar:3.2.4.RELEASE]
	at org.junit.runners.ParentRunner.run(ParentRunner.java:309) [junit-4.11.jar:na]
	at org.springframework.test.context.junit4.SpringJUnit4ClassRunner.run(SpringJUnit4ClassRunner.java:174) [spring-test-3.2.4.RELEASE.jar:3.2.4.RELEASE]
	at org.junit.runners.Suite.runChild(Suite.java:127) [junit-4.11.jar:na]
	at org.junit.runners.Suite.runChild(Suite.java:26) [junit-4.11.jar:na]
	at org.junit.runners.ParentRunner$3.run(ParentRunner.java:238) [junit-4.11.jar:na]
	at org.junit.runners.ParentRunner$1.schedule(ParentRunner.java:63) [junit-4.11.jar:na]
	at org.junit.runners.ParentRunner.runChildren(ParentRunner.java:236) [junit-4.11.jar:na]
	at org.junit.runners.ParentRunner.access$000(ParentRunner.java:53) [junit-4.11.jar:na]
	at org.junit.runners.ParentRunner$2.evaluate(ParentRunner.java:229) [junit-4.11.jar:na]
	at org.junit.runners.ParentRunner.run(ParentRunner.java:309) [junit-4.11.jar:na]
	at org.junit.runner.JUnitCore.run(JUnitCore.java:160) [junit-4.11.jar:na]
	at org.junit.runner.JUnitCore.run(JUnitCore.java:138) [junit-4.11.jar:na]
	at org.apache.maven.surefire.junitcore.JUnitCoreWrapper.createReqestAndRun(JUnitCoreWrapper.java:139) [surefire-junit47-2.15.jar:2.15]
	at org.apache.maven.surefire.junitcore.JUnitCoreWrapper.executeEager(JUnitCoreWrapper.java:111) [surefire-junit47-2.15.jar:2.15]
	at org.apache.maven.surefire.junitcore.JUnitCoreWrapper.execute(JUnitCoreWrapper.java:84) [surefire-junit47-2.15.jar:2.15]
	at org.apache.maven.surefire.junitcore.JUnitCoreProvider.invoke(JUnitCoreProvider.java:135) [surefire-junit47-2.15.jar:2.15]
	at org.apache.maven.surefire.booter.ForkedBooter.invokeProviderInSameClassLoader(ForkedBooter.java:200) [surefire-booter-2.15.jar:2.15]
	at org.apache.maven.surefire.booter.ForkedBooter.runSuitesInProcess(ForkedBooter.java:153) [surefire-booter-2.15.jar:2.15]
	at org.apache.maven.surefire.booter.ForkedBooter.main(ForkedBooter.java:103) [surefire-booter-2.15.jar:2.15]
Caused by: org.springframework.beans.factory.BeanCreationException: Error creating bean with name 'expPaymentHisDao' defined in file [D:\indigoWorkspace\kedaworkspace\expenses-claims\modules\expenses-business\target\classes\com\kedacom\expenses\dao\expenses\ExpPaymentHisDao.class]: Initialization of bean failed; nested exception is java.lang.OutOfMemoryError: Java heap space
	at org.springframework.beans.factory.support.AbstractAutowireCapableBeanFactory.doCreateBean(AbstractAutowireCapableBeanFactory.java:529) ~[spring-beans-3.2.4.RELEASE.jar:3.2.4.RELEASE]
	at org.springframework.beans.factory.support.AbstractAutowireCapableBeanFactory.createBean(AbstractAutowireCapableBeanFactory.java:458) ~[spring-beans-3.2.4.RELEASE.jar:3.2.4.RELEASE]
	at org.springframework.beans.factory.support.AbstractBeanFactory$1.getObject(AbstractBeanFactory.java:295) ~[spring-beans-3.2.4.RELEASE.jar:3.2.4.RELEASE]
	at org.springframework.beans.factory.support.DefaultSingletonBeanRegistry.getSingleton(DefaultSingletonBeanRegistry.java:223) ~[spring-beans-3.2.4.RELEASE.jar:3.2.4.RELEASE]
	at org.springframework.beans.factory.support.AbstractBeanFactory.doGetBean(AbstractBeanFactory.java:292) ~[spring-beans-3.2.4.RELEASE.jar:3.2.4.RELEASE]
	at org.springframework.beans.factory.support.AbstractBeanFactory.getBean(AbstractBeanFactory.java:194) ~[spring-beans-3.2.4.RELEASE.jar:3.2.4.RELEASE]
	at org.springframework.beans.factory.support.DefaultListableBeanFactory.preInstantiateSingletons(DefaultListableBeanFactory.java:628) ~[spring-beans-3.2.4.RELEASE.jar:3.2.4.RELEASE]
	at org.springframework.context.support.AbstractApplicationContext.finishBeanFactoryInitialization(AbstractApplicationContext.java:932) ~[spring-context-3.2.4.RELEASE.jar:3.2.4.RELEASE]
	at org.springframework.context.support.AbstractApplicationContext.refresh(AbstractApplicationContext.java:479) ~[spring-context-3.2.4.RELEASE.jar:3.2.4.RELEASE]
	at org.springframework.test.context.support.AbstractGenericContextLoader.loadContext(AbstractGenericContextLoader.java:120) ~[spring-test-3.2.4.RELEASE.jar:3.2.4.RELEASE]
	at org.springframework.test.context.support.AbstractGenericContextLoader.loadContext(AbstractGenericContextLoader.java:60) ~[spring-test-3.2.4.RELEASE.jar:3.2.4.RELEASE]
	at org.springframework.test.context.support.AbstractDelegatingSmartContextLoader.delegateLoading(AbstractDelegatingSmartContextLoader.java:100) ~[spring-test-3.2.4.RELEASE.jar:3.2.4.RELEASE]
	at org.springframework.test.context.support.AbstractDelegatingSmartContextLoader.loadContext(AbstractDelegatingSmartContextLoader.java:248) ~[spring-test-3.2.4.RELEASE.jar:3.2.4.RELEASE]
	at org.springframework.test.context.CacheAwareContextLoaderDelegate.loadContextInternal(CacheAwareContextLoaderDelegate.java:64) ~[spring-test-3.2.4.RELEASE.jar:3.2.4.RELEASE]
	at org.springframework.test.context.CacheAwareContextLoaderDelegate.loadContext(CacheAwareContextLoaderDelegate.java:91) ~[spring-test-3.2.4.RELEASE.jar:3.2.4.RELEASE]
	... 36 common frames omitted
java.lang.OutOfMemoryError: Java heap space
	at java.lang.String.replace(String.java:2049) ~[na:1.6.0_11]
	at org.aspectj.weaver.UnresolvedType.nameToSignature(UnresolvedType.java:758) ~[aspectjweaver-1.7.3.jar:1.7.3]
	at org.aspectj.weaver.UnresolvedType.forName(UnresolvedType.java:243) ~[aspectjweaver-1.7.3.jar:1.7.3]
	at org.aspectj.weaver.World.resolve(World.java:433) ~[aspectjweaver-1.7.3.jar:1.7.3]
	at org.aspectj.weaver.reflect.JavaLangTypeToResolvedTypeConverter.fromType(JavaLangTypeToResolvedTypeConverter.java:65) ~[aspectjweaver-1.7.3.jar:1.7.3]
	at org.aspectj.weaver.reflect.JavaLangTypeToResolvedTypeConverter.fromTypes(JavaLangTypeToResolvedTypeConverter.java:129) ~[aspectjweaver-1.7.3.jar:1.7.3]
	at org.aspectj.weaver.reflect.Java15ReflectionBasedReferenceTypeDelegate.createGenericMethodMember(Java15ReflectionBasedReferenceTypeDelegate.java:220) ~[aspectjweaver-1.7.3.jar:1.7.3]
	at org.aspectj.weaver.reflect.Java15ReflectionBasedReferenceTypeDelegate.getDeclaredMethods(Java15ReflectionBasedReferenceTypeDelegate.java:198) ~[aspectjweaver-1.7.3.jar:1.7.3]
	at org.aspectj.weaver.ReferenceType.getDeclaredMethods(ReferenceType.java:778) ~[aspectjweaver-1.7.3.jar:1.7.3]
	at org.aspectj.weaver.ResolvedType$MethodGetterIncludingItds.get(ResolvedType.java:252) ~[aspectjweaver-1.7.3.jar:1.7.3]
	at org.aspectj.weaver.ResolvedType$MethodGetterIncludingItds.get(ResolvedType.java:250) ~[aspectjweaver-1.7.3.jar:1.7.3]
	at org.aspectj.weaver.Iterators$4$1.hasNext(Iterators.java:213) ~[aspectjweaver-1.7.3.jar:1.7.3]
	at org.aspectj.weaver.Iterators$4.hasNext(Iterators.java:230) ~[aspectjweaver-1.7.3.jar:1.7.3]
	at org.aspectj.weaver.ResolvedType.lookupResolvedMember(ResolvedType.java:619) ~[aspectjweaver-1.7.3.jar:1.7.3]
	at org.aspectj.weaver.JoinPointSignatureIterator.findSignaturesFromSupertypes(JoinPointSignatureIterator.java:192) ~[aspectjweaver-1.7.3.jar:1.7.3]
	at org.aspectj.weaver.JoinPointSignatureIterator.findSignaturesFromSupertypes(JoinPointSignatureIterator.java:229) ~[aspectjweaver-1.7.3.jar:1.7.3]
	at org.aspectj.weaver.JoinPointSignatureIterator.findSignaturesFromSupertypes(JoinPointSignatureIterator.java:238) ~[aspectjweaver-1.7.3.jar:1.7.3]
	at org.aspectj.weaver.JoinPointSignatureIterator.hasNext(JoinPointSignatureIterator.java:68) ~[aspectjweaver-1.7.3.jar:1.7.3]
	at org.aspectj.weaver.patterns.SignaturePattern.matches(SignaturePattern.java:317) ~[aspectjweaver-1.7.3.jar:1.7.3]
	at org.aspectj.weaver.patterns.KindedPointcut.matchInternal(KindedPointcut.java:202) ~[aspectjweaver-1.7.3.jar:1.7.3]
	at org.aspectj.weaver.patterns.Pointcut.match(Pointcut.java:137) ~[aspectjweaver-1.7.3.jar:1.7.3]
	at org.aspectj.weaver.internal.tools.PointcutExpressionImpl.getShadowMatch(PointcutExpressionImpl.java:312) ~[aspectjweaver-1.7.3.jar:1.7.3]
	at org.aspectj.weaver.internal.tools.PointcutExpressionImpl.matchesExecution(PointcutExpressionImpl.java:122) ~[aspectjweaver-1.7.3.jar:1.7.3]
	at org.aspectj.weaver.internal.tools.PointcutExpressionImpl.matchesMethodExecution(PointcutExpressionImpl.java:103) ~[aspectjweaver-1.7.3.jar:1.7.3]
	at org.springframework.aop.aspectj.AspectJExpressionPointcut.getShadowMatch(AspectJExpressionPointcut.java:404) ~[spring-aop-3.2.4.RELEASE.jar:3.2.4.RELEASE]
	at org.springframework.aop.aspectj.AspectJExpressionPointcut.matches(AspectJExpressionPointcut.java:273) ~[spring-aop-3.2.4.RELEASE.jar:3.2.4.RELEASE]
	at org.springframework.aop.support.AopUtils.canApply(AopUtils.java:223) ~[spring-aop-3.2.4.RELEASE.jar:3.2.4.RELEASE]
	at org.springframework.aop.support.AopUtils.canApply(AopUtils.java:262) ~[spring-aop-3.2.4.RELEASE.jar:3.2.4.RELEASE]
	at org.springframework.aop.support.AopUtils.findAdvisorsThatCanApply(AopUtils.java:294) ~[spring-aop-3.2.4.RELEASE.jar:3.2.4.RELEASE]
	at org.springframework.aop.framework.autoproxy.AbstractAdvisorAutoProxyCreator.findAdvisorsThatCanApply(AbstractAdvisorAutoProxyCreator.java:118) ~[spring-aop-3.2.4.RELEASE.jar:3.2.4.RELEASE]
	at org.springframework.aop.framework.autoproxy.AbstractAdvisorAutoProxyCreator.findEligibleAdvisors(AbstractAdvisorAutoProxyCreator.java:88) ~[spring-aop-3.2.4.RELEASE.jar:3.2.4.RELEASE]
	at org.springframework.aop.framework.autoproxy.AbstractAdvisorAutoProxyCreator.getAdvicesAndAdvisorsForBean(AbstractAdvisorAutoProxyCreator.java:69) ~[spring-aop-3.2.4.RELEASE.jar:3.2.4.RELEASE]
16:09:28.515 [main] ERROR c.alibaba.druid.pool.DruidDataSource - testWhileIdle is true, validationQuery not set
16:09:56.781 [main] ERROR o.s.test.context.TestContextManager - Caught exception while allowing TestExecutionListener [org.springframework.test.context.support.DependencyInjectionTestExecutionListener@27147d] to prepare test instance [com.kedacom.expenses.test.BaseTest@1b248c8]
java.lang.IllegalStateException: Failed to load ApplicationContext
	at org.springframework.test.context.CacheAwareContextLoaderDelegate.loadContext(CacheAwareContextLoaderDelegate.java:99) ~[spring-test-3.2.4.RELEASE.jar:3.2.4.RELEASE]
	at org.springframework.test.context.TestContext.getApplicationContext(TestContext.java:122) ~[spring-test-3.2.4.RELEASE.jar:3.2.4.RELEASE]
	at org.springframework.test.context.support.DependencyInjectionTestExecutionListener.injectDependencies(DependencyInjectionTestExecutionListener.java:109) ~[spring-test-3.2.4.RELEASE.jar:3.2.4.RELEASE]
	at org.springframework.test.context.support.DependencyInjectionTestExecutionListener.prepareTestInstance(DependencyInjectionTestExecutionListener.java:75) ~[spring-test-3.2.4.RELEASE.jar:3.2.4.RELEASE]
	at org.springframework.test.context.TestContextManager.prepareTestInstance(TestContextManager.java:312) ~[spring-test-3.2.4.RELEASE.jar:3.2.4.RELEASE]
	at org.springframework.test.context.junit4.SpringJUnit4ClassRunner.createTest(SpringJUnit4ClassRunner.java:211) [spring-test-3.2.4.RELEASE.jar:3.2.4.RELEASE]
	at org.springframework.test.context.junit4.SpringJUnit4ClassRunner$1.runReflectiveCall(SpringJUnit4ClassRunner.java:288) [spring-test-3.2.4.RELEASE.jar:3.2.4.RELEASE]
	at org.junit.internal.runners.model.ReflectiveCallable.run(ReflectiveCallable.java:12) [junit-4.11.jar:na]
	at org.springframework.test.context.junit4.SpringJUnit4ClassRunner.methodBlock(SpringJUnit4ClassRunner.java:284) [spring-test-3.2.4.RELEASE.jar:3.2.4.RELEASE]
	at org.springframework.test.context.junit4.SpringJUnit4ClassRunner.runChild(SpringJUnit4ClassRunner.java:231) [spring-test-3.2.4.RELEASE.jar:3.2.4.RELEASE]
	at org.springframework.test.context.junit4.SpringJUnit4ClassRunner.runChild(SpringJUnit4ClassRunner.java:88) [spring-test-3.2.4.RELEASE.jar:3.2.4.RELEASE]
	at org.junit.runners.ParentRunner$3.run(ParentRunner.java:238) [junit-4.11.jar:na]
	at org.junit.runners.ParentRunner$1.schedule(ParentRunner.java:63) [junit-4.11.jar:na]
	at org.junit.runners.ParentRunner.runChildren(ParentRunner.java:236) [junit-4.11.jar:na]
	at org.junit.runners.ParentRunner.access$000(ParentRunner.java:53) [junit-4.11.jar:na]
	at org.junit.runners.ParentRunner$2.evaluate(ParentRunner.java:229) [junit-4.11.jar:na]
	at org.springframework.test.context.junit4.statements.RunBeforeTestClassCallbacks.evaluate(RunBeforeTestClassCallbacks.java:61) [spring-test-3.2.4.RELEASE.jar:3.2.4.RELEASE]
	at org.springframework.test.context.junit4.statements.RunAfterTestClassCallbacks.evaluate(RunAfterTestClassCallbacks.java:71) [spring-test-3.2.4.RELEASE.jar:3.2.4.RELEASE]
	at org.junit.runners.ParentRunner.run(ParentRunner.java:309) [junit-4.11.jar:na]
	at org.springframework.test.context.junit4.SpringJUnit4ClassRunner.run(SpringJUnit4ClassRunner.java:174) [spring-test-3.2.4.RELEASE.jar:3.2.4.RELEASE]
	at org.junit.runners.Suite.runChild(Suite.java:127) [junit-4.11.jar:na]
	at org.junit.runners.Suite.runChild(Suite.java:26) [junit-4.11.jar:na]
	at org.junit.runners.ParentRunner$3.run(ParentRunner.java:238) [junit-4.11.jar:na]
	at org.junit.runners.ParentRunner$1.schedule(ParentRunner.java:63) [junit-4.11.jar:na]
	at org.junit.runners.ParentRunner.runChildren(ParentRunner.java:236) [junit-4.11.jar:na]
	at org.junit.runners.ParentRunner.access$000(ParentRunner.java:53) [junit-4.11.jar:na]
	at org.junit.runners.ParentRunner$2.evaluate(ParentRunner.java:229) [junit-4.11.jar:na]
	at org.junit.runners.ParentRunner.run(ParentRunner.java:309) [junit-4.11.jar:na]
	at org.junit.runner.JUnitCore.run(JUnitCore.java:160) [junit-4.11.jar:na]
	at org.junit.runner.JUnitCore.run(JUnitCore.java:138) [junit-4.11.jar:na]
	at org.apache.maven.surefire.junitcore.JUnitCoreWrapper.createReqestAndRun(JUnitCoreWrapper.java:139) [surefire-junit47-2.15.jar:2.15]
	at org.apache.maven.surefire.junitcore.JUnitCoreWrapper.executeEager(JUnitCoreWrapper.java:111) [surefire-junit47-2.15.jar:2.15]
	at org.apache.maven.surefire.junitcore.JUnitCoreWrapper.execute(JUnitCoreWrapper.java:84) [surefire-junit47-2.15.jar:2.15]
	at org.apache.maven.surefire.junitcore.JUnitCoreProvider.invoke(JUnitCoreProvider.java:135) [surefire-junit47-2.15.jar:2.15]
	at org.apache.maven.surefire.booter.ForkedBooter.invokeProviderInSameClassLoader(ForkedBooter.java:200) [surefire-booter-2.15.jar:2.15]
	at org.apache.maven.surefire.booter.ForkedBooter.runSuitesInProcess(ForkedBooter.java:153) [surefire-booter-2.15.jar:2.15]
	at org.apache.maven.surefire.booter.ForkedBooter.main(ForkedBooter.java:103) [surefire-booter-2.15.jar:2.15]
Caused by: org.springframework.beans.factory.BeanCreationException: Error creating bean with name 'expPaymentHisDao' defined in file [D:\indigoWorkspace\kedaworkspace\expenses-claims\modules\expenses-business\target\classes\com\kedacom\expenses\dao\expenses\ExpPaymentHisDao.class]: Initialization of bean failed; nested exception is java.lang.OutOfMemoryError: Java heap space
	at org.springframework.beans.factory.support.AbstractAutowireCapableBeanFactory.doCreateBean(AbstractAutowireCapableBeanFactory.java:529) ~[spring-beans-3.2.4.RELEASE.jar:3.2.4.RELEASE]
	at org.springframework.beans.factory.support.AbstractAutowireCapableBeanFactory.createBean(AbstractAutowireCapableBeanFactory.java:458) ~[spring-beans-3.2.4.RELEASE.jar:3.2.4.RELEASE]
	at org.springframework.beans.factory.support.AbstractBeanFactory$1.getObject(AbstractBeanFactory.java:295) ~[spring-beans-3.2.4.RELEASE.jar:3.2.4.RELEASE]
	at org.springframework.beans.factory.support.DefaultSingletonBeanRegistry.getSingleton(DefaultSingletonBeanRegistry.java:223) ~[spring-beans-3.2.4.RELEASE.jar:3.2.4.RELEASE]
	at org.springframework.beans.factory.support.AbstractBeanFactory.doGetBean(AbstractBeanFactory.java:292) ~[spring-beans-3.2.4.RELEASE.jar:3.2.4.RELEASE]
	at org.springframework.beans.factory.support.AbstractBeanFactory.getBean(AbstractBeanFactory.java:194) ~[spring-beans-3.2.4.RELEASE.jar:3.2.4.RELEASE]
	at org.springframework.beans.factory.support.DefaultListableBeanFactory.preInstantiateSingletons(DefaultListableBeanFactory.java:628) ~[spring-beans-3.2.4.RELEASE.jar:3.2.4.RELEASE]
	at org.springframework.context.support.AbstractApplicationContext.finishBeanFactoryInitialization(AbstractApplicationContext.java:932) ~[spring-context-3.2.4.RELEASE.jar:3.2.4.RELEASE]
	at org.springframework.context.support.AbstractApplicationContext.refresh(AbstractApplicationContext.java:479) ~[spring-context-3.2.4.RELEASE.jar:3.2.4.RELEASE]
	at org.springframework.test.context.support.AbstractGenericContextLoader.loadContext(AbstractGenericContextLoader.java:120) ~[spring-test-3.2.4.RELEASE.jar:3.2.4.RELEASE]
	at org.springframework.test.context.support.AbstractGenericContextLoader.loadContext(AbstractGenericContextLoader.java:60) ~[spring-test-3.2.4.RELEASE.jar:3.2.4.RELEASE]
	at org.springframework.test.context.support.AbstractDelegatingSmartContextLoader.delegateLoading(AbstractDelegatingSmartContextLoader.java:100) ~[spring-test-3.2.4.RELEASE.jar:3.2.4.RELEASE]
	at org.springframework.test.context.support.AbstractDelegatingSmartContextLoader.loadContext(AbstractDelegatingSmartContextLoader.java:248) ~[spring-test-3.2.4.RELEASE.jar:3.2.4.RELEASE]
	at org.springframework.test.context.CacheAwareContextLoaderDelegate.loadContextInternal(CacheAwareContextLoaderDelegate.java:64) ~[spring-test-3.2.4.RELEASE.jar:3.2.4.RELEASE]
	at org.springframework.test.context.CacheAwareContextLoaderDelegate.loadContext(CacheAwareContextLoaderDelegate.java:91) ~[spring-test-3.2.4.RELEASE.jar:3.2.4.RELEASE]
	... 36 common frames omitted
java.lang.OutOfMemoryError: Java heap space
