10:20:10.671 [main] ERROR c.alibaba.druid.pool.DruidDataSource - testWhileIdle is true, validationQuery not set
10:20:12.609 [main] WARN  c.k.security.filter.PermissionFilter - Could not validate configuration attributes as the SecurityMetadataSource did not return any attributes from getAllConfigAttributes()
10:20:13.734 [main] ERROR c.alibaba.druid.pool.DruidDataSource - testWhileIdle is true, validationQuery not set
10:20:14.046 [main] WARN  c.k.security.filter.PermissionFilter - Could not validate configuration attributes as the SecurityMetadataSource did not return any attributes from getAllConfigAttributes()
10:20:14.390 [main] ERROR c.alibaba.druid.pool.DruidDataSource - testWhileIdle is true, validationQuery not set
10:20:14.578 [main] WARN  c.k.security.filter.PermissionFilter - Could not validate configuration attributes as the SecurityMetadataSource did not return any attributes from getAllConfigAttributes()
10:20:15.140 [main] ERROR c.alibaba.druid.pool.DruidDataSource - testWhileIdle is true, validationQuery not set
10:20:15.421 [main] WARN  c.k.security.filter.PermissionFilter - Could not validate configuration attributes as the SecurityMetadataSource did not return any attributes from getAllConfigAttributes()
10:20:15.640 [main] ERROR c.alibaba.druid.pool.DruidDataSource - testWhileIdle is true, validationQuery not set
10:20:15.890 [main] WARN  c.k.security.filter.PermissionFilter - Could not validate configuration attributes as the SecurityMetadataSource did not return any attributes from getAllConfigAttributes()
10:20:16.093 [main] ERROR c.alibaba.druid.pool.DruidDataSource - testWhileIdle is true, validationQuery not set
10:20:16.375 [main] WARN  c.k.security.filter.PermissionFilter - Could not validate configuration attributes as the SecurityMetadataSource did not return any attributes from getAllConfigAttributes()
10:20:16.562 [main] ERROR c.alibaba.druid.pool.DruidDataSource - testWhileIdle is true, validationQuery not set
10:20:16.812 [main] WARN  c.k.security.filter.PermissionFilter - Could not validate configuration attributes as the SecurityMetadataSource did not return any attributes from getAllConfigAttributes()
11:30:26.062 [main] ERROR c.alibaba.druid.pool.DruidDataSource - testWhileIdle is true, validationQuery not set
11:30:28.593 [main] WARN  c.k.security.filter.PermissionFilter - Could not validate configuration attributes as the SecurityMetadataSource did not return any attributes from getAllConfigAttributes()
11:30:30.109 [main] ERROR c.alibaba.druid.pool.DruidDataSource - testWhileIdle is true, validationQuery not set
11:30:30.421 [main] WARN  c.k.security.filter.PermissionFilter - Could not validate configuration attributes as the SecurityMetadataSource did not return any attributes from getAllConfigAttributes()
11:30:30.703 [main] ERROR c.alibaba.druid.pool.DruidDataSource - testWhileIdle is true, validationQuery not set
11:30:31.031 [main] WARN  c.k.security.filter.PermissionFilter - Could not validate configuration attributes as the SecurityMetadataSource did not return any attributes from getAllConfigAttributes()
11:30:31.609 [main] ERROR c.alibaba.druid.pool.DruidDataSource - testWhileIdle is true, validationQuery not set
11:30:31.812 [main] WARN  c.k.security.filter.PermissionFilter - Could not validate configuration attributes as the SecurityMetadataSource did not return any attributes from getAllConfigAttributes()
11:30:32.109 [main] ERROR c.alibaba.druid.pool.DruidDataSource - testWhileIdle is true, validationQuery not set
11:30:32.375 [main] WARN  c.k.security.filter.PermissionFilter - Could not validate configuration attributes as the SecurityMetadataSource did not return any attributes from getAllConfigAttributes()
11:30:32.640 [main] ERROR c.alibaba.druid.pool.DruidDataSource - testWhileIdle is true, validationQuery not set
11:30:32.953 [main] WARN  c.k.security.filter.PermissionFilter - Could not validate configuration attributes as the SecurityMetadataSource did not return any attributes from getAllConfigAttributes()
11:30:33.203 [main] ERROR c.alibaba.druid.pool.DruidDataSource - testWhileIdle is true, validationQuery not set
11:30:33.562 [main] WARN  c.k.security.filter.PermissionFilter - Could not validate configuration attributes as the SecurityMetadataSource did not return any attributes from getAllConfigAttributes()
14:37:26.718 [main] ERROR o.s.test.context.TestContextManager - Caught exception while allowing TestExecutionListener [org.springframework.test.context.support.DependencyInjectionTestExecutionListener@187c55c] to prepare test instance [com.kedacom.expenses.dao.baseconfig.ProjectTest@ae3364]
java.lang.IllegalStateException: Failed to load ApplicationContext
	at org.springframework.test.context.TestContext.getApplicationContext(TestContext.java:308) ~[spring-test-3.0.3.RELEASE.jar:3.0.3.RELEASE]
	at org.springframework.test.context.support.DependencyInjectionTestExecutionListener.injectDependencies(DependencyInjectionTestExecutionListener.java:109) ~[spring-test-3.0.3.RELEASE.jar:3.0.3.RELEASE]
	at org.springframework.test.context.support.DependencyInjectionTestExecutionListener.prepareTestInstance(DependencyInjectionTestExecutionListener.java:75) ~[spring-test-3.0.3.RELEASE.jar:3.0.3.RELEASE]
	at org.springframework.test.context.TestContextManager.prepareTestInstance(TestContextManager.java:333) ~[spring-test-3.0.3.RELEASE.jar:3.0.3.RELEASE]
	at org.springframework.test.context.junit4.SpringJUnit4ClassRunner.createTest(SpringJUnit4ClassRunner.java:220) [spring-test-3.0.3.RELEASE.jar:3.0.3.RELEASE]
	at org.springframework.test.context.junit4.SpringJUnit4ClassRunner$1.runReflectiveCall(SpringJUnit4ClassRunner.java:301) [spring-test-3.0.3.RELEASE.jar:3.0.3.RELEASE]
	at org.junit.internal.runners.model.ReflectiveCallable.run(ReflectiveCallable.java:12) [junit-4.11.jar:na]
	at org.springframework.test.context.junit4.SpringJUnit4ClassRunner.methodBlock(SpringJUnit4ClassRunner.java:303) [spring-test-3.0.3.RELEASE.jar:3.0.3.RELEASE]
	at org.springframework.test.context.junit4.SpringJUnit4ClassRunner.runChild(SpringJUnit4ClassRunner.java:240) [spring-test-3.0.3.RELEASE.jar:3.0.3.RELEASE]
	at org.junit.runners.BlockJUnit4ClassRunner.runChild(BlockJUnit4ClassRunner.java:50) [junit-4.11.jar:na]
	at org.junit.runners.ParentRunner$3.run(ParentRunner.java:238) [junit-4.11.jar:na]
	at org.junit.runners.ParentRunner$1.schedule(ParentRunner.java:63) [junit-4.11.jar:na]
	at org.junit.runners.ParentRunner.runChildren(ParentRunner.java:236) [junit-4.11.jar:na]
	at org.junit.runners.ParentRunner.access$000(ParentRunner.java:53) [junit-4.11.jar:na]
	at org.junit.runners.ParentRunner$2.evaluate(ParentRunner.java:229) [junit-4.11.jar:na]
	at org.springframework.test.context.junit4.statements.RunBeforeTestClassCallbacks.evaluate(RunBeforeTestClassCallbacks.java:61) [spring-test-3.0.3.RELEASE.jar:3.0.3.RELEASE]
	at org.springframework.test.context.junit4.statements.RunAfterTestClassCallbacks.evaluate(RunAfterTestClassCallbacks.java:70) [spring-test-3.0.3.RELEASE.jar:3.0.3.RELEASE]
	at org.junit.runners.ParentRunner.run(ParentRunner.java:309) [junit-4.11.jar:na]
	at org.springframework.test.context.junit4.SpringJUnit4ClassRunner.run(SpringJUnit4ClassRunner.java:180) [spring-test-3.0.3.RELEASE.jar:3.0.3.RELEASE]
	at org.junit.runners.Suite.runChild(Suite.java:127) [junit-4.11.jar:na]
	at org.junit.runners.Suite.runChild(Suite.java:26) [junit-4.11.jar:na]
	at org.junit.runners.ParentRunner$3.run(ParentRunner.java:238) [junit-4.11.jar:na]
	at org.junit.runners.ParentRunner$1.schedule(ParentRunner.java:63) [junit-4.11.jar:na]
	at org.junit.runners.ParentRunner.runChildren(ParentRunner.java:236) [junit-4.11.jar:na]
	at org.junit.runners.ParentRunner.access$000(ParentRunner.java:53) [junit-4.11.jar:na]
	at org.junit.runners.ParentRunner$2.evaluate(ParentRunner.java:229) [junit-4.11.jar:na]
	at org.junit.runners.ParentRunner.run(ParentRunner.java:309) [junit-4.11.jar:na]
	at org.junit.runner.JUnitCore.run(JUnitCore.java:160) [junit-4.11.jar:na]
	at org.junit.runner.JUnitCore.run(JUnitCore.java:138) [junit-4.11.jar:na]
	at org.apache.maven.surefire.junitcore.JUnitCoreWrapper.createReqestAndRun(JUnitCoreWrapper.java:139) [surefire-junit47-2.15.jar:2.15]
	at org.apache.maven.surefire.junitcore.JUnitCoreWrapper.executeEager(JUnitCoreWrapper.java:111) [surefire-junit47-2.15.jar:2.15]
	at org.apache.maven.surefire.junitcore.JUnitCoreWrapper.execute(JUnitCoreWrapper.java:84) [surefire-junit47-2.15.jar:2.15]
	at org.apache.maven.surefire.junitcore.JUnitCoreProvider.invoke(JUnitCoreProvider.java:135) [surefire-junit47-2.15.jar:2.15]
	at org.apache.maven.surefire.booter.ForkedBooter.invokeProviderInSameClassLoader(ForkedBooter.java:200) [surefire-booter-2.15.jar:2.15]
	at org.apache.maven.surefire.booter.ForkedBooter.runSuitesInProcess(ForkedBooter.java:153) [surefire-booter-2.15.jar:2.15]
	at org.apache.maven.surefire.booter.ForkedBooter.main(ForkedBooter.java:103) [surefire-booter-2.15.jar:2.15]
Caused by: org.springframework.beans.factory.parsing.BeanDefinitionParsingException: Configuration problem: Failed to import bean definitions from URL location [classpath:conf/app-security.xml]
Offending resource: class path resource [conf/test-context.xml]; nested exception is org.springframework.beans.factory.BeanDefinitionStoreException: IOException parsing XML document from class path resource [conf/app-security.xml]; nested exception is java.io.FileNotFoundException: class path resource [conf/app-security.xml] cannot be opened because it does not exist
	at org.springframework.beans.factory.parsing.FailFastProblemReporter.error(FailFastProblemReporter.java:68) ~[spring-beans-3.0.3.RELEASE.jar:3.0.3.RELEASE]
	at org.springframework.beans.factory.parsing.ReaderContext.error(ReaderContext.java:85) ~[spring-beans-3.0.3.RELEASE.jar:3.0.3.RELEASE]
	at org.springframework.beans.factory.parsing.ReaderContext.error(ReaderContext.java:76) ~[spring-beans-3.0.3.RELEASE.jar:3.0.3.RELEASE]
	at org.springframework.beans.factory.xml.DefaultBeanDefinitionDocumentReader.importBeanDefinitionResource(DefaultBeanDefinitionDocumentReader.java:192) ~[spring-beans-3.0.3.RELEASE.jar:3.0.3.RELEASE]
	at org.springframework.beans.factory.xml.DefaultBeanDefinitionDocumentReader.parseDefaultElement(DefaultBeanDefinitionDocumentReader.java:147) ~[spring-beans-3.0.3.RELEASE.jar:3.0.3.RELEASE]
	at org.springframework.beans.factory.xml.DefaultBeanDefinitionDocumentReader.parseBeanDefinitions(DefaultBeanDefinitionDocumentReader.java:132) ~[spring-beans-3.0.3.RELEASE.jar:3.0.3.RELEASE]
	at org.springframework.beans.factory.xml.DefaultBeanDefinitionDocumentReader.registerBeanDefinitions(DefaultBeanDefinitionDocumentReader.java:93) ~[spring-beans-3.0.3.RELEASE.jar:3.0.3.RELEASE]
	at org.springframework.beans.factory.xml.XmlBeanDefinitionReader.registerBeanDefinitions(XmlBeanDefinitionReader.java:493) ~[spring-beans-3.0.3.RELEASE.jar:3.0.3.RELEASE]
	at org.springframework.beans.factory.xml.XmlBeanDefinitionReader.doLoadBeanDefinitions(XmlBeanDefinitionReader.java:390) ~[spring-beans-3.0.3.RELEASE.jar:3.0.3.RELEASE]
	at org.springframework.beans.factory.xml.XmlBeanDefinitionReader.loadBeanDefinitions(XmlBeanDefinitionReader.java:334) ~[spring-beans-3.0.3.RELEASE.jar:3.0.3.RELEASE]
	at org.springframework.beans.factory.xml.XmlBeanDefinitionReader.loadBeanDefinitions(XmlBeanDefinitionReader.java:302) ~[spring-beans-3.0.3.RELEASE.jar:3.0.3.RELEASE]
	at org.springframework.beans.factory.support.AbstractBeanDefinitionReader.loadBeanDefinitions(AbstractBeanDefinitionReader.java:143) ~[spring-beans-3.0.3.RELEASE.jar:3.0.3.RELEASE]
	at org.springframework.beans.factory.support.AbstractBeanDefinitionReader.loadBeanDefinitions(AbstractBeanDefinitionReader.java:178) ~[spring-beans-3.0.3.RELEASE.jar:3.0.3.RELEASE]
	at org.springframework.beans.factory.support.AbstractBeanDefinitionReader.loadBeanDefinitions(AbstractBeanDefinitionReader.java:149) ~[spring-beans-3.0.3.RELEASE.jar:3.0.3.RELEASE]
	at org.springframework.beans.factory.support.AbstractBeanDefinitionReader.loadBeanDefinitions(AbstractBeanDefinitionReader.java:212) ~[spring-beans-3.0.3.RELEASE.jar:3.0.3.RELEASE]
	at org.springframework.test.context.support.AbstractGenericContextLoader.loadContext(AbstractGenericContextLoader.java:81) ~[spring-test-3.0.3.RELEASE.jar:3.0.3.RELEASE]
	at org.springframework.test.context.support.AbstractGenericContextLoader.loadContext(AbstractGenericContextLoader.java:1) ~[spring-test-3.0.3.RELEASE.jar:3.0.3.RELEASE]
	at org.springframework.test.context.TestContext.loadApplicationContext(TestContext.java:280) ~[spring-test-3.0.3.RELEASE.jar:3.0.3.RELEASE]
	at org.springframework.test.context.TestContext.getApplicationContext(TestContext.java:304) ~[spring-test-3.0.3.RELEASE.jar:3.0.3.RELEASE]
	... 35 common frames omitted
Caused by: org.springframework.beans.factory.BeanDefinitionStoreException: IOException parsing XML document from class path resource [conf/app-security.xml]; nested exception is java.io.FileNotFoundException: class path resource [conf/app-security.xml] cannot be opened because it does not exist
	at org.springframework.beans.factory.xml.XmlBeanDefinitionReader.loadBeanDefinitions(XmlBeanDefinitionReader.java:341) ~[spring-beans-3.0.3.RELEASE.jar:3.0.3.RELEASE]
	at org.springframework.beans.factory.xml.XmlBeanDefinitionReader.loadBeanDefinitions(XmlBeanDefinitionReader.java:302) ~[spring-beans-3.0.3.RELEASE.jar:3.0.3.RELEASE]
	at org.springframework.beans.factory.support.AbstractBeanDefinitionReader.loadBeanDefinitions(AbstractBeanDefinitionReader.java:143) ~[spring-beans-3.0.3.RELEASE.jar:3.0.3.RELEASE]
	at org.springframework.beans.factory.support.AbstractBeanDefinitionReader.loadBeanDefinitions(AbstractBeanDefinitionReader.java:178) ~[spring-beans-3.0.3.RELEASE.jar:3.0.3.RELEASE]
	at org.springframework.beans.factory.xml.DefaultBeanDefinitionDocumentReader.importBeanDefinitionResource(DefaultBeanDefinitionDocumentReader.java:186) ~[spring-beans-3.0.3.RELEASE.jar:3.0.3.RELEASE]
	... 50 common frames omitted
Caused by: java.io.FileNotFoundException: class path resource [conf/app-security.xml] cannot be opened because it does not exist
	at org.springframework.core.io.ClassPathResource.getInputStream(ClassPathResource.java:141) ~[spring-core-3.0.3.RELEASE.jar:3.0.3.RELEASE]
	at org.springframework.beans.factory.xml.XmlBeanDefinitionReader.loadBeanDefinitions(XmlBeanDefinitionReader.java:328) ~[spring-beans-3.0.3.RELEASE.jar:3.0.3.RELEASE]
	... 54 common frames omitted
14:37:26.875 [main] ERROR o.s.test.context.TestContextManager - Caught exception while allowing TestExecutionListener [org.springframework.test.context.support.DependencyInjectionTestExecutionListener@187c55c] to prepare test instance [com.kedacom.expenses.dao.baseconfig.ProjectTest@1b273cc]
java.lang.IllegalStateException: Failed to load ApplicationContext
	at org.springframework.test.context.TestContext.getApplicationContext(TestContext.java:308) ~[spring-test-3.0.3.RELEASE.jar:3.0.3.RELEASE]
	at org.springframework.test.context.support.DependencyInjectionTestExecutionListener.injectDependencies(DependencyInjectionTestExecutionListener.java:109) ~[spring-test-3.0.3.RELEASE.jar:3.0.3.RELEASE]
	at org.springframework.test.context.support.DependencyInjectionTestExecutionListener.prepareTestInstance(DependencyInjectionTestExecutionListener.java:75) ~[spring-test-3.0.3.RELEASE.jar:3.0.3.RELEASE]
	at org.springframework.test.context.TestContextManager.prepareTestInstance(TestContextManager.java:333) ~[spring-test-3.0.3.RELEASE.jar:3.0.3.RELEASE]
	at org.springframework.test.context.junit4.SpringJUnit4ClassRunner.createTest(SpringJUnit4ClassRunner.java:220) [spring-test-3.0.3.RELEASE.jar:3.0.3.RELEASE]
	at org.springframework.test.context.junit4.SpringJUnit4ClassRunner$1.runReflectiveCall(SpringJUnit4ClassRunner.java:301) [spring-test-3.0.3.RELEASE.jar:3.0.3.RELEASE]
	at org.junit.internal.runners.model.ReflectiveCallable.run(ReflectiveCallable.java:12) [junit-4.11.jar:na]
	at org.springframework.test.context.junit4.SpringJUnit4ClassRunner.methodBlock(SpringJUnit4ClassRunner.java:303) [spring-test-3.0.3.RELEASE.jar:3.0.3.RELEASE]
	at org.springframework.test.context.junit4.SpringJUnit4ClassRunner.runChild(SpringJUnit4ClassRunner.java:240) [spring-test-3.0.3.RELEASE.jar:3.0.3.RELEASE]
	at org.junit.runners.BlockJUnit4ClassRunner.runChild(BlockJUnit4ClassRunner.java:50) [junit-4.11.jar:na]
	at org.junit.runners.ParentRunner$3.run(ParentRunner.java:238) [junit-4.11.jar:na]
	at org.junit.runners.ParentRunner$1.schedule(ParentRunner.java:63) [junit-4.11.jar:na]
	at org.junit.runners.ParentRunner.runChildren(ParentRunner.java:236) [junit-4.11.jar:na]
	at org.junit.runners.ParentRunner.access$000(ParentRunner.java:53) [junit-4.11.jar:na]
	at org.junit.runners.ParentRunner$2.evaluate(ParentRunner.java:229) [junit-4.11.jar:na]
	at org.springframework.test.context.junit4.statements.RunBeforeTestClassCallbacks.evaluate(RunBeforeTestClassCallbacks.java:61) [spring-test-3.0.3.RELEASE.jar:3.0.3.RELEASE]
	at org.springframework.test.context.junit4.statements.RunAfterTestClassCallbacks.evaluate(RunAfterTestClassCallbacks.java:70) [spring-test-3.0.3.RELEASE.jar:3.0.3.RELEASE]
	at org.junit.runners.ParentRunner.run(ParentRunner.java:309) [junit-4.11.jar:na]
	at org.springframework.test.context.junit4.SpringJUnit4ClassRunner.run(SpringJUnit4ClassRunner.java:180) [spring-test-3.0.3.RELEASE.jar:3.0.3.RELEASE]
	at org.junit.runners.Suite.runChild(Suite.java:127) [junit-4.11.jar:na]
	at org.junit.runners.Suite.runChild(Suite.java:26) [junit-4.11.jar:na]
	at org.junit.runners.ParentRunner$3.run(ParentRunner.java:238) [junit-4.11.jar:na]
	at org.junit.runners.ParentRunner$1.schedule(ParentRunner.java:63) [junit-4.11.jar:na]
	at org.junit.runners.ParentRunner.runChildren(ParentRunner.java:236) [junit-4.11.jar:na]
	at org.junit.runners.ParentRunner.access$000(ParentRunner.java:53) [junit-4.11.jar:na]
	at org.junit.runners.ParentRunner$2.evaluate(ParentRunner.java:229) [junit-4.11.jar:na]
	at org.junit.runners.ParentRunner.run(ParentRunner.java:309) [junit-4.11.jar:na]
	at org.junit.runner.JUnitCore.run(JUnitCore.java:160) [junit-4.11.jar:na]
	at org.junit.runner.JUnitCore.run(JUnitCore.java:138) [junit-4.11.jar:na]
	at org.apache.maven.surefire.junitcore.JUnitCoreWrapper.createReqestAndRun(JUnitCoreWrapper.java:139) [surefire-junit47-2.15.jar:2.15]
	at org.apache.maven.surefire.junitcore.JUnitCoreWrapper.executeEager(JUnitCoreWrapper.java:111) [surefire-junit47-2.15.jar:2.15]
	at org.apache.maven.surefire.junitcore.JUnitCoreWrapper.execute(JUnitCoreWrapper.java:84) [surefire-junit47-2.15.jar:2.15]
	at org.apache.maven.surefire.junitcore.JUnitCoreProvider.invoke(JUnitCoreProvider.java:135) [surefire-junit47-2.15.jar:2.15]
	at org.apache.maven.surefire.booter.ForkedBooter.invokeProviderInSameClassLoader(ForkedBooter.java:200) [surefire-booter-2.15.jar:2.15]
	at org.apache.maven.surefire.booter.ForkedBooter.runSuitesInProcess(ForkedBooter.java:153) [surefire-booter-2.15.jar:2.15]
	at org.apache.maven.surefire.booter.ForkedBooter.main(ForkedBooter.java:103) [surefire-booter-2.15.jar:2.15]
Caused by: org.springframework.beans.factory.parsing.BeanDefinitionParsingException: Configuration problem: Failed to import bean definitions from URL location [classpath:conf/app-security.xml]
Offending resource: class path resource [conf/test-context.xml]; nested exception is org.springframework.beans.factory.BeanDefinitionStoreException: IOException parsing XML document from class path resource [conf/app-security.xml]; nested exception is java.io.FileNotFoundException: class path resource [conf/app-security.xml] cannot be opened because it does not exist
	at org.springframework.beans.factory.parsing.FailFastProblemReporter.error(FailFastProblemReporter.java:68) ~[spring-beans-3.0.3.RELEASE.jar:3.0.3.RELEASE]
	at org.springframework.beans.factory.parsing.ReaderContext.error(ReaderContext.java:85) ~[spring-beans-3.0.3.RELEASE.jar:3.0.3.RELEASE]
	at org.springframework.beans.factory.parsing.ReaderContext.error(ReaderContext.java:76) ~[spring-beans-3.0.3.RELEASE.jar:3.0.3.RELEASE]
	at org.springframework.beans.factory.xml.DefaultBeanDefinitionDocumentReader.importBeanDefinitionResource(DefaultBeanDefinitionDocumentReader.java:192) ~[spring-beans-3.0.3.RELEASE.jar:3.0.3.RELEASE]
	at org.springframework.beans.factory.xml.DefaultBeanDefinitionDocumentReader.parseDefaultElement(DefaultBeanDefinitionDocumentReader.java:147) ~[spring-beans-3.0.3.RELEASE.jar:3.0.3.RELEASE]
	at org.springframework.beans.factory.xml.DefaultBeanDefinitionDocumentReader.parseBeanDefinitions(DefaultBeanDefinitionDocumentReader.java:132) ~[spring-beans-3.0.3.RELEASE.jar:3.0.3.RELEASE]
	at org.springframework.beans.factory.xml.DefaultBeanDefinitionDocumentReader.registerBeanDefinitions(DefaultBeanDefinitionDocumentReader.java:93) ~[spring-beans-3.0.3.RELEASE.jar:3.0.3.RELEASE]
	at org.springframework.beans.factory.xml.XmlBeanDefinitionReader.registerBeanDefinitions(XmlBeanDefinitionReader.java:493) ~[spring-beans-3.0.3.RELEASE.jar:3.0.3.RELEASE]
	at org.springframework.beans.factory.xml.XmlBeanDefinitionReader.doLoadBeanDefinitions(XmlBeanDefinitionReader.java:390) ~[spring-beans-3.0.3.RELEASE.jar:3.0.3.RELEASE]
	at org.springframework.beans.factory.xml.XmlBeanDefinitionReader.loadBeanDefinitions(XmlBeanDefinitionReader.java:334) ~[spring-beans-3.0.3.RELEASE.jar:3.0.3.RELEASE]
	at org.springframework.beans.factory.xml.XmlBeanDefinitionReader.loadBeanDefinitions(XmlBeanDefinitionReader.java:302) ~[spring-beans-3.0.3.RELEASE.jar:3.0.3.RELEASE]
	at org.springframework.beans.factory.support.AbstractBeanDefinitionReader.loadBeanDefinitions(AbstractBeanDefinitionReader.java:143) ~[spring-beans-3.0.3.RELEASE.jar:3.0.3.RELEASE]
	at org.springframework.beans.factory.support.AbstractBeanDefinitionReader.loadBeanDefinitions(AbstractBeanDefinitionReader.java:178) ~[spring-beans-3.0.3.RELEASE.jar:3.0.3.RELEASE]
	at org.springframework.beans.factory.support.AbstractBeanDefinitionReader.loadBeanDefinitions(AbstractBeanDefinitionReader.java:149) ~[spring-beans-3.0.3.RELEASE.jar:3.0.3.RELEASE]
	at org.springframework.beans.factory.support.AbstractBeanDefinitionReader.loadBeanDefinitions(AbstractBeanDefinitionReader.java:212) ~[spring-beans-3.0.3.RELEASE.jar:3.0.3.RELEASE]
	at org.springframework.test.context.support.AbstractGenericContextLoader.loadContext(AbstractGenericContextLoader.java:81) ~[spring-test-3.0.3.RELEASE.jar:3.0.3.RELEASE]
	at org.springframework.test.context.support.AbstractGenericContextLoader.loadContext(AbstractGenericContextLoader.java:1) ~[spring-test-3.0.3.RELEASE.jar:3.0.3.RELEASE]
	at org.springframework.test.context.TestContext.loadApplicationContext(TestContext.java:280) ~[spring-test-3.0.3.RELEASE.jar:3.0.3.RELEASE]
	at org.springframework.test.context.TestContext.getApplicationContext(TestContext.java:304) ~[spring-test-3.0.3.RELEASE.jar:3.0.3.RELEASE]
	... 35 common frames omitted
Caused by: org.springframework.beans.factory.BeanDefinitionStoreException: IOException parsing XML document from class path resource [conf/app-security.xml]; nested exception is java.io.FileNotFoundException: class path resource [conf/app-security.xml] cannot be opened because it does not exist
	at org.springframework.beans.factory.xml.XmlBeanDefinitionReader.loadBeanDefinitions(XmlBeanDefinitionReader.java:341) ~[spring-beans-3.0.3.RELEASE.jar:3.0.3.RELEASE]
	at org.springframework.beans.factory.xml.XmlBeanDefinitionReader.loadBeanDefinitions(XmlBeanDefinitionReader.java:302) ~[spring-beans-3.0.3.RELEASE.jar:3.0.3.RELEASE]
	at org.springframework.beans.factory.support.AbstractBeanDefinitionReader.loadBeanDefinitions(AbstractBeanDefinitionReader.java:143) ~[spring-beans-3.0.3.RELEASE.jar:3.0.3.RELEASE]
	at org.springframework.beans.factory.support.AbstractBeanDefinitionReader.loadBeanDefinitions(AbstractBeanDefinitionReader.java:178) ~[spring-beans-3.0.3.RELEASE.jar:3.0.3.RELEASE]
	at org.springframework.beans.factory.xml.DefaultBeanDefinitionDocumentReader.importBeanDefinitionResource(DefaultBeanDefinitionDocumentReader.java:186) ~[spring-beans-3.0.3.RELEASE.jar:3.0.3.RELEASE]
	... 50 common frames omitted
Caused by: java.io.FileNotFoundException: class path resource [conf/app-security.xml] cannot be opened because it does not exist
	at org.springframework.core.io.ClassPathResource.getInputStream(ClassPathResource.java:141) ~[spring-core-3.0.3.RELEASE.jar:3.0.3.RELEASE]
	at org.springframework.beans.factory.xml.XmlBeanDefinitionReader.loadBeanDefinitions(XmlBeanDefinitionReader.java:328) ~[spring-beans-3.0.3.RELEASE.jar:3.0.3.RELEASE]
	... 54 common frames omitted
14:37:26.953 [main] ERROR o.s.test.context.TestContextManager - Caught exception while allowing TestExecutionListener [org.springframework.test.context.support.DependencyInjectionTestExecutionListener@1490eb5] to prepare test instance [com.kedacom.expenses.service.baseconfig.ActivityTest@164b09c]
java.lang.IllegalStateException: Failed to load ApplicationContext
	at org.springframework.test.context.TestContext.getApplicationContext(TestContext.java:308) ~[spring-test-3.0.3.RELEASE.jar:3.0.3.RELEASE]
	at org.springframework.test.context.support.DependencyInjectionTestExecutionListener.injectDependencies(DependencyInjectionTestExecutionListener.java:109) ~[spring-test-3.0.3.RELEASE.jar:3.0.3.RELEASE]
	at org.springframework.test.context.support.DependencyInjectionTestExecutionListener.prepareTestInstance(DependencyInjectionTestExecutionListener.java:75) ~[spring-test-3.0.3.RELEASE.jar:3.0.3.RELEASE]
	at org.springframework.test.context.TestContextManager.prepareTestInstance(TestContextManager.java:333) ~[spring-test-3.0.3.RELEASE.jar:3.0.3.RELEASE]
	at org.springframework.test.context.junit4.SpringJUnit4ClassRunner.createTest(SpringJUnit4ClassRunner.java:220) [spring-test-3.0.3.RELEASE.jar:3.0.3.RELEASE]
	at org.springframework.test.context.junit4.SpringJUnit4ClassRunner$1.runReflectiveCall(SpringJUnit4ClassRunner.java:301) [spring-test-3.0.3.RELEASE.jar:3.0.3.RELEASE]
	at org.junit.internal.runners.model.ReflectiveCallable.run(ReflectiveCallable.java:12) [junit-4.11.jar:na]
	at org.springframework.test.context.junit4.SpringJUnit4ClassRunner.methodBlock(SpringJUnit4ClassRunner.java:303) [spring-test-3.0.3.RELEASE.jar:3.0.3.RELEASE]
	at org.springframework.test.context.junit4.SpringJUnit4ClassRunner.runChild(SpringJUnit4ClassRunner.java:240) [spring-test-3.0.3.RELEASE.jar:3.0.3.RELEASE]
	at org.junit.runners.BlockJUnit4ClassRunner.runChild(BlockJUnit4ClassRunner.java:50) [junit-4.11.jar:na]
	at org.junit.runners.ParentRunner$3.run(ParentRunner.java:238) [junit-4.11.jar:na]
	at org.junit.runners.ParentRunner$1.schedule(ParentRunner.java:63) [junit-4.11.jar:na]
	at org.junit.runners.ParentRunner.runChildren(ParentRunner.java:236) [junit-4.11.jar:na]
	at org.junit.runners.ParentRunner.access$000(ParentRunner.java:53) [junit-4.11.jar:na]
	at org.junit.runners.ParentRunner$2.evaluate(ParentRunner.java:229) [junit-4.11.jar:na]
	at org.springframework.test.context.junit4.statements.RunBeforeTestClassCallbacks.evaluate(RunBeforeTestClassCallbacks.java:61) [spring-test-3.0.3.RELEASE.jar:3.0.3.RELEASE]
	at org.springframework.test.context.junit4.statements.RunAfterTestClassCallbacks.evaluate(RunAfterTestClassCallbacks.java:70) [spring-test-3.0.3.RELEASE.jar:3.0.3.RELEASE]
	at org.junit.runners.ParentRunner.run(ParentRunner.java:309) [junit-4.11.jar:na]
	at org.springframework.test.context.junit4.SpringJUnit4ClassRunner.run(SpringJUnit4ClassRunner.java:180) [spring-test-3.0.3.RELEASE.jar:3.0.3.RELEASE]
	at org.junit.runners.Suite.runChild(Suite.java:127) [junit-4.11.jar:na]
	at org.junit.runners.Suite.runChild(Suite.java:26) [junit-4.11.jar:na]
	at org.junit.runners.ParentRunner$3.run(ParentRunner.java:238) [junit-4.11.jar:na]
	at org.junit.runners.ParentRunner$1.schedule(ParentRunner.java:63) [junit-4.11.jar:na]
	at org.junit.runners.ParentRunner.runChildren(ParentRunner.java:236) [junit-4.11.jar:na]
	at org.junit.runners.ParentRunner.access$000(ParentRunner.java:53) [junit-4.11.jar:na]
	at org.junit.runners.ParentRunner$2.evaluate(ParentRunner.java:229) [junit-4.11.jar:na]
	at org.junit.runners.ParentRunner.run(ParentRunner.java:309) [junit-4.11.jar:na]
	at org.junit.runner.JUnitCore.run(JUnitCore.java:160) [junit-4.11.jar:na]
	at org.junit.runner.JUnitCore.run(JUnitCore.java:138) [junit-4.11.jar:na]
	at org.apache.maven.surefire.junitcore.JUnitCoreWrapper.createReqestAndRun(JUnitCoreWrapper.java:139) [surefire-junit47-2.15.jar:2.15]
	at org.apache.maven.surefire.junitcore.JUnitCoreWrapper.executeEager(JUnitCoreWrapper.java:111) [surefire-junit47-2.15.jar:2.15]
	at org.apache.maven.surefire.junitcore.JUnitCoreWrapper.execute(JUnitCoreWrapper.java:84) [surefire-junit47-2.15.jar:2.15]
	at org.apache.maven.surefire.junitcore.JUnitCoreProvider.invoke(JUnitCoreProvider.java:135) [surefire-junit47-2.15.jar:2.15]
	at org.apache.maven.surefire.booter.ForkedBooter.invokeProviderInSameClassLoader(ForkedBooter.java:200) [surefire-booter-2.15.jar:2.15]
	at org.apache.maven.surefire.booter.ForkedBooter.runSuitesInProcess(ForkedBooter.java:153) [surefire-booter-2.15.jar:2.15]
	at org.apache.maven.surefire.booter.ForkedBooter.main(ForkedBooter.java:103) [surefire-booter-2.15.jar:2.15]
Caused by: org.springframework.beans.factory.parsing.BeanDefinitionParsingException: Configuration problem: Failed to import bean definitions from URL location [classpath:conf/app-security.xml]
Offending resource: class path resource [conf/test-context.xml]; nested exception is org.springframework.beans.factory.BeanDefinitionStoreException: IOException parsing XML document from class path resource [conf/app-security.xml]; nested exception is java.io.FileNotFoundException: class path resource [conf/app-security.xml] cannot be opened because it does not exist
	at org.springframework.beans.factory.parsing.FailFastProblemReporter.error(FailFastProblemReporter.java:68) ~[spring-beans-3.0.3.RELEASE.jar:3.0.3.RELEASE]
	at org.springframework.beans.factory.parsing.ReaderContext.error(ReaderContext.java:85) ~[spring-beans-3.0.3.RELEASE.jar:3.0.3.RELEASE]
	at org.springframework.beans.factory.parsing.ReaderContext.error(ReaderContext.java:76) ~[spring-beans-3.0.3.RELEASE.jar:3.0.3.RELEASE]
	at org.springframework.beans.factory.xml.DefaultBeanDefinitionDocumentReader.importBeanDefinitionResource(DefaultBeanDefinitionDocumentReader.java:192) ~[spring-beans-3.0.3.RELEASE.jar:3.0.3.RELEASE]
	at org.springframework.beans.factory.xml.DefaultBeanDefinitionDocumentReader.parseDefaultElement(DefaultBeanDefinitionDocumentReader.java:147) ~[spring-beans-3.0.3.RELEASE.jar:3.0.3.RELEASE]
	at org.springframework.beans.factory.xml.DefaultBeanDefinitionDocumentReader.parseBeanDefinitions(DefaultBeanDefinitionDocumentReader.java:132) ~[spring-beans-3.0.3.RELEASE.jar:3.0.3.RELEASE]
	at org.springframework.beans.factory.xml.DefaultBeanDefinitionDocumentReader.registerBeanDefinitions(DefaultBeanDefinitionDocumentReader.java:93) ~[spring-beans-3.0.3.RELEASE.jar:3.0.3.RELEASE]
	at org.springframework.beans.factory.xml.XmlBeanDefinitionReader.registerBeanDefinitions(XmlBeanDefinitionReader.java:493) ~[spring-beans-3.0.3.RELEASE.jar:3.0.3.RELEASE]
	at org.springframework.beans.factory.xml.XmlBeanDefinitionReader.doLoadBeanDefinitions(XmlBeanDefinitionReader.java:390) ~[spring-beans-3.0.3.RELEASE.jar:3.0.3.RELEASE]
	at org.springframework.beans.factory.xml.XmlBeanDefinitionReader.loadBeanDefinitions(XmlBeanDefinitionReader.java:334) ~[spring-beans-3.0.3.RELEASE.jar:3.0.3.RELEASE]
	at org.springframework.beans.factory.xml.XmlBeanDefinitionReader.loadBeanDefinitions(XmlBeanDefinitionReader.java:302) ~[spring-beans-3.0.3.RELEASE.jar:3.0.3.RELEASE]
	at org.springframework.beans.factory.support.AbstractBeanDefinitionReader.loadBeanDefinitions(AbstractBeanDefinitionReader.java:143) ~[spring-beans-3.0.3.RELEASE.jar:3.0.3.RELEASE]
	at org.springframework.beans.factory.support.AbstractBeanDefinitionReader.loadBeanDefinitions(AbstractBeanDefinitionReader.java:178) ~[spring-beans-3.0.3.RELEASE.jar:3.0.3.RELEASE]
	at org.springframework.beans.factory.support.AbstractBeanDefinitionReader.loadBeanDefinitions(AbstractBeanDefinitionReader.java:149) ~[spring-beans-3.0.3.RELEASE.jar:3.0.3.RELEASE]
	at org.springframework.beans.factory.support.AbstractBeanDefinitionReader.loadBeanDefinitions(AbstractBeanDefinitionReader.java:212) ~[spring-beans-3.0.3.RELEASE.jar:3.0.3.RELEASE]
	at org.springframework.test.context.support.AbstractGenericContextLoader.loadContext(AbstractGenericContextLoader.java:81) ~[spring-test-3.0.3.RELEASE.jar:3.0.3.RELEASE]
	at org.springframework.test.context.support.AbstractGenericContextLoader.loadContext(AbstractGenericContextLoader.java:1) ~[spring-test-3.0.3.RELEASE.jar:3.0.3.RELEASE]
	at org.springframework.test.context.TestContext.loadApplicationContext(TestContext.java:280) ~[spring-test-3.0.3.RELEASE.jar:3.0.3.RELEASE]
	at org.springframework.test.context.TestContext.getApplicationContext(TestContext.java:304) ~[spring-test-3.0.3.RELEASE.jar:3.0.3.RELEASE]
	... 35 common frames omitted
Caused by: org.springframework.beans.factory.BeanDefinitionStoreException: IOException parsing XML document from class path resource [conf/app-security.xml]; nested exception is java.io.FileNotFoundException: class path resource [conf/app-security.xml] cannot be opened because it does not exist
	at org.springframework.beans.factory.xml.XmlBeanDefinitionReader.loadBeanDefinitions(XmlBeanDefinitionReader.java:341) ~[spring-beans-3.0.3.RELEASE.jar:3.0.3.RELEASE]
	at org.springframework.beans.factory.xml.XmlBeanDefinitionReader.loadBeanDefinitions(XmlBeanDefinitionReader.java:302) ~[spring-beans-3.0.3.RELEASE.jar:3.0.3.RELEASE]
	at org.springframework.beans.factory.support.AbstractBeanDefinitionReader.loadBeanDefinitions(AbstractBeanDefinitionReader.java:143) ~[spring-beans-3.0.3.RELEASE.jar:3.0.3.RELEASE]
	at org.springframework.beans.factory.support.AbstractBeanDefinitionReader.loadBeanDefinitions(AbstractBeanDefinitionReader.java:178) ~[spring-beans-3.0.3.RELEASE.jar:3.0.3.RELEASE]
	at org.springframework.beans.factory.xml.DefaultBeanDefinitionDocumentReader.importBeanDefinitionResource(DefaultBeanDefinitionDocumentReader.java:186) ~[spring-beans-3.0.3.RELEASE.jar:3.0.3.RELEASE]
	... 50 common frames omitted
Caused by: java.io.FileNotFoundException: class path resource [conf/app-security.xml] cannot be opened because it does not exist
	at org.springframework.core.io.ClassPathResource.getInputStream(ClassPathResource.java:141) ~[spring-core-3.0.3.RELEASE.jar:3.0.3.RELEASE]
	at org.springframework.beans.factory.xml.XmlBeanDefinitionReader.loadBeanDefinitions(XmlBeanDefinitionReader.java:328) ~[spring-beans-3.0.3.RELEASE.jar:3.0.3.RELEASE]
	... 54 common frames omitted
14:37:26.984 [main] ERROR o.s.test.context.TestContextManager - Caught exception while allowing TestExecutionListener [org.springframework.test.context.support.DependencyInjectionTestExecutionListener@1490eb5] to prepare test instance [com.kedacom.expenses.service.baseconfig.ActivityTest@3a1ec6]
java.lang.IllegalStateException: Failed to load ApplicationContext
	at org.springframework.test.context.TestContext.getApplicationContext(TestContext.java:308) ~[spring-test-3.0.3.RELEASE.jar:3.0.3.RELEASE]
	at org.springframework.test.context.support.DependencyInjectionTestExecutionListener.injectDependencies(DependencyInjectionTestExecutionListener.java:109) ~[spring-test-3.0.3.RELEASE.jar:3.0.3.RELEASE]
	at org.springframework.test.context.support.DependencyInjectionTestExecutionListener.prepareTestInstance(DependencyInjectionTestExecutionListener.java:75) ~[spring-test-3.0.3.RELEASE.jar:3.0.3.RELEASE]
	at org.springframework.test.context.TestContextManager.prepareTestInstance(TestContextManager.java:333) ~[spring-test-3.0.3.RELEASE.jar:3.0.3.RELEASE]
	at org.springframework.test.context.junit4.SpringJUnit4ClassRunner.createTest(SpringJUnit4ClassRunner.java:220) [spring-test-3.0.3.RELEASE.jar:3.0.3.RELEASE]
	at org.springframework.test.context.junit4.SpringJUnit4ClassRunner$1.runReflectiveCall(SpringJUnit4ClassRunner.java:301) [spring-test-3.0.3.RELEASE.jar:3.0.3.RELEASE]
	at org.junit.internal.runners.model.ReflectiveCallable.run(ReflectiveCallable.java:12) [junit-4.11.jar:na]
	at org.springframework.test.context.junit4.SpringJUnit4ClassRunner.methodBlock(SpringJUnit4ClassRunner.java:303) [spring-test-3.0.3.RELEASE.jar:3.0.3.RELEASE]
	at org.springframework.test.context.junit4.SpringJUnit4ClassRunner.runChild(SpringJUnit4ClassRunner.java:240) [spring-test-3.0.3.RELEASE.jar:3.0.3.RELEASE]
	at org.junit.runners.BlockJUnit4ClassRunner.runChild(BlockJUnit4ClassRunner.java:50) [junit-4.11.jar:na]
	at org.junit.runners.ParentRunner$3.run(ParentRunner.java:238) [junit-4.11.jar:na]
	at org.junit.runners.ParentRunner$1.schedule(ParentRunner.java:63) [junit-4.11.jar:na]
	at org.junit.runners.ParentRunner.runChildren(ParentRunner.java:236) [junit-4.11.jar:na]
	at org.junit.runners.ParentRunner.access$000(ParentRunner.java:53) [junit-4.11.jar:na]
	at org.junit.runners.ParentRunner$2.evaluate(ParentRunner.java:229) [junit-4.11.jar:na]
	at org.springframework.test.context.junit4.statements.RunBeforeTestClassCallbacks.evaluate(RunBeforeTestClassCallbacks.java:61) [spring-test-3.0.3.RELEASE.jar:3.0.3.RELEASE]
	at org.springframework.test.context.junit4.statements.RunAfterTestClassCallbacks.evaluate(RunAfterTestClassCallbacks.java:70) [spring-test-3.0.3.RELEASE.jar:3.0.3.RELEASE]
	at org.junit.runners.ParentRunner.run(ParentRunner.java:309) [junit-4.11.jar:na]
	at org.springframework.test.context.junit4.SpringJUnit4ClassRunner.run(SpringJUnit4ClassRunner.java:180) [spring-test-3.0.3.RELEASE.jar:3.0.3.RELEASE]
	at org.junit.runners.Suite.runChild(Suite.java:127) [junit-4.11.jar:na]
	at org.junit.runners.Suite.runChild(Suite.java:26) [junit-4.11.jar:na]
	at org.junit.runners.ParentRunner$3.run(ParentRunner.java:238) [junit-4.11.jar:na]
	at org.junit.runners.ParentRunner$1.schedule(ParentRunner.java:63) [junit-4.11.jar:na]
	at org.junit.runners.ParentRunner.runChildren(ParentRunner.java:236) [junit-4.11.jar:na]
	at org.junit.runners.ParentRunner.access$000(ParentRunner.java:53) [junit-4.11.jar:na]
	at org.junit.runners.ParentRunner$2.evaluate(ParentRunner.java:229) [junit-4.11.jar:na]
	at org.junit.runners.ParentRunner.run(ParentRunner.java:309) [junit-4.11.jar:na]
	at org.junit.runner.JUnitCore.run(JUnitCore.java:160) [junit-4.11.jar:na]
	at org.junit.runner.JUnitCore.run(JUnitCore.java:138) [junit-4.11.jar:na]
	at org.apache.maven.surefire.junitcore.JUnitCoreWrapper.createReqestAndRun(JUnitCoreWrapper.java:139) [surefire-junit47-2.15.jar:2.15]
	at org.apache.maven.surefire.junitcore.JUnitCoreWrapper.executeEager(JUnitCoreWrapper.java:111) [surefire-junit47-2.15.jar:2.15]
	at org.apache.maven.surefire.junitcore.JUnitCoreWrapper.execute(JUnitCoreWrapper.java:84) [surefire-junit47-2.15.jar:2.15]
	at org.apache.maven.surefire.junitcore.JUnitCoreProvider.invoke(JUnitCoreProvider.java:135) [surefire-junit47-2.15.jar:2.15]
	at org.apache.maven.surefire.booter.ForkedBooter.invokeProviderInSameClassLoader(ForkedBooter.java:200) [surefire-booter-2.15.jar:2.15]
	at org.apache.maven.surefire.booter.ForkedBooter.runSuitesInProcess(ForkedBooter.java:153) [surefire-booter-2.15.jar:2.15]
	at org.apache.maven.surefire.booter.ForkedBooter.main(ForkedBooter.java:103) [surefire-booter-2.15.jar:2.15]
Caused by: org.springframework.beans.factory.parsing.BeanDefinitionParsingException: Configuration problem: Failed to import bean definitions from URL location [classpath:conf/app-security.xml]
Offending resource: class path resource [conf/test-context.xml]; nested exception is org.springframework.beans.factory.BeanDefinitionStoreException: IOException parsing XML document from class path resource [conf/app-security.xml]; nested exception is java.io.FileNotFoundException: class path resource [conf/app-security.xml] cannot be opened because it does not exist
	at org.springframework.beans.factory.parsing.FailFastProblemReporter.error(FailFastProblemReporter.java:68) ~[spring-beans-3.0.3.RELEASE.jar:3.0.3.RELEASE]
	at org.springframework.beans.factory.parsing.ReaderContext.error(ReaderContext.java:85) ~[spring-beans-3.0.3.RELEASE.jar:3.0.3.RELEASE]
	at org.springframework.beans.factory.parsing.ReaderContext.error(ReaderContext.java:76) ~[spring-beans-3.0.3.RELEASE.jar:3.0.3.RELEASE]
	at org.springframework.beans.factory.xml.DefaultBeanDefinitionDocumentReader.importBeanDefinitionResource(DefaultBeanDefinitionDocumentReader.java:192) ~[spring-beans-3.0.3.RELEASE.jar:3.0.3.RELEASE]
	at org.springframework.beans.factory.xml.DefaultBeanDefinitionDocumentReader.parseDefaultElement(DefaultBeanDefinitionDocumentReader.java:147) ~[spring-beans-3.0.3.RELEASE.jar:3.0.3.RELEASE]
	at org.springframework.beans.factory.xml.DefaultBeanDefinitionDocumentReader.parseBeanDefinitions(DefaultBeanDefinitionDocumentReader.java:132) ~[spring-beans-3.0.3.RELEASE.jar:3.0.3.RELEASE]
	at org.springframework.beans.factory.xml.DefaultBeanDefinitionDocumentReader.registerBeanDefinitions(DefaultBeanDefinitionDocumentReader.java:93) ~[spring-beans-3.0.3.RELEASE.jar:3.0.3.RELEASE]
	at org.springframework.beans.factory.xml.XmlBeanDefinitionReader.registerBeanDefinitions(XmlBeanDefinitionReader.java:493) ~[spring-beans-3.0.3.RELEASE.jar:3.0.3.RELEASE]
	at org.springframework.beans.factory.xml.XmlBeanDefinitionReader.doLoadBeanDefinitions(XmlBeanDefinitionReader.java:390) ~[spring-beans-3.0.3.RELEASE.jar:3.0.3.RELEASE]
	at org.springframework.beans.factory.xml.XmlBeanDefinitionReader.loadBeanDefinitions(XmlBeanDefinitionReader.java:334) ~[spring-beans-3.0.3.RELEASE.jar:3.0.3.RELEASE]
	at org.springframework.beans.factory.xml.XmlBeanDefinitionReader.loadBeanDefinitions(XmlBeanDefinitionReader.java:302) ~[spring-beans-3.0.3.RELEASE.jar:3.0.3.RELEASE]
	at org.springframework.beans.factory.support.AbstractBeanDefinitionReader.loadBeanDefinitions(AbstractBeanDefinitionReader.java:143) ~[spring-beans-3.0.3.RELEASE.jar:3.0.3.RELEASE]
	at org.springframework.beans.factory.support.AbstractBeanDefinitionReader.loadBeanDefinitions(AbstractBeanDefinitionReader.java:178) ~[spring-beans-3.0.3.RELEASE.jar:3.0.3.RELEASE]
	at org.springframework.beans.factory.support.AbstractBeanDefinitionReader.loadBeanDefinitions(AbstractBeanDefinitionReader.java:149) ~[spring-beans-3.0.3.RELEASE.jar:3.0.3.RELEASE]
	at org.springframework.beans.factory.support.AbstractBeanDefinitionReader.loadBeanDefinitions(AbstractBeanDefinitionReader.java:212) ~[spring-beans-3.0.3.RELEASE.jar:3.0.3.RELEASE]
	at org.springframework.test.context.support.AbstractGenericContextLoader.loadContext(AbstractGenericContextLoader.java:81) ~[spring-test-3.0.3.RELEASE.jar:3.0.3.RELEASE]
	at org.springframework.test.context.support.AbstractGenericContextLoader.loadContext(AbstractGenericContextLoader.java:1) ~[spring-test-3.0.3.RELEASE.jar:3.0.3.RELEASE]
	at org.springframework.test.context.TestContext.loadApplicationContext(TestContext.java:280) ~[spring-test-3.0.3.RELEASE.jar:3.0.3.RELEASE]
	at org.springframework.test.context.TestContext.getApplicationContext(TestContext.java:304) ~[spring-test-3.0.3.RELEASE.jar:3.0.3.RELEASE]
	... 35 common frames omitted
Caused by: org.springframework.beans.factory.BeanDefinitionStoreException: IOException parsing XML document from class path resource [conf/app-security.xml]; nested exception is java.io.FileNotFoundException: class path resource [conf/app-security.xml] cannot be opened because it does not exist
	at org.springframework.beans.factory.xml.XmlBeanDefinitionReader.loadBeanDefinitions(XmlBeanDefinitionReader.java:341) ~[spring-beans-3.0.3.RELEASE.jar:3.0.3.RELEASE]
	at org.springframework.beans.factory.xml.XmlBeanDefinitionReader.loadBeanDefinitions(XmlBeanDefinitionReader.java:302) ~[spring-beans-3.0.3.RELEASE.jar:3.0.3.RELEASE]
	at org.springframework.beans.factory.support.AbstractBeanDefinitionReader.loadBeanDefinitions(AbstractBeanDefinitionReader.java:143) ~[spring-beans-3.0.3.RELEASE.jar:3.0.3.RELEASE]
	at org.springframework.beans.factory.support.AbstractBeanDefinitionReader.loadBeanDefinitions(AbstractBeanDefinitionReader.java:178) ~[spring-beans-3.0.3.RELEASE.jar:3.0.3.RELEASE]
	at org.springframework.beans.factory.xml.DefaultBeanDefinitionDocumentReader.importBeanDefinitionResource(DefaultBeanDefinitionDocumentReader.java:186) ~[spring-beans-3.0.3.RELEASE.jar:3.0.3.RELEASE]
	... 50 common frames omitted
Caused by: java.io.FileNotFoundException: class path resource [conf/app-security.xml] cannot be opened because it does not exist
	at org.springframework.core.io.ClassPathResource.getInputStream(ClassPathResource.java:141) ~[spring-core-3.0.3.RELEASE.jar:3.0.3.RELEASE]
	at org.springframework.beans.factory.xml.XmlBeanDefinitionReader.loadBeanDefinitions(XmlBeanDefinitionReader.java:328) ~[spring-beans-3.0.3.RELEASE.jar:3.0.3.RELEASE]
	... 54 common frames omitted
14:37:27.062 [main] ERROR o.s.test.context.TestContextManager - Caught exception while allowing TestExecutionListener [org.springframework.test.context.support.DependencyInjectionTestExecutionListener@3a5794] to prepare test instance [com.kedacom.expenses.service.baseconfig.ConCosterTest@4be2cc]
java.lang.IllegalStateException: Failed to load ApplicationContext
	at org.springframework.test.context.TestContext.getApplicationContext(TestContext.java:308) ~[spring-test-3.0.3.RELEASE.jar:3.0.3.RELEASE]
	at org.springframework.test.context.support.DependencyInjectionTestExecutionListener.injectDependencies(DependencyInjectionTestExecutionListener.java:109) ~[spring-test-3.0.3.RELEASE.jar:3.0.3.RELEASE]
	at org.springframework.test.context.support.DependencyInjectionTestExecutionListener.prepareTestInstance(DependencyInjectionTestExecutionListener.java:75) ~[spring-test-3.0.3.RELEASE.jar:3.0.3.RELEASE]
	at org.springframework.test.context.TestContextManager.prepareTestInstance(TestContextManager.java:333) ~[spring-test-3.0.3.RELEASE.jar:3.0.3.RELEASE]
	at org.springframework.test.context.junit4.SpringJUnit4ClassRunner.createTest(SpringJUnit4ClassRunner.java:220) [spring-test-3.0.3.RELEASE.jar:3.0.3.RELEASE]
	at org.springframework.test.context.junit4.SpringJUnit4ClassRunner$1.runReflectiveCall(SpringJUnit4ClassRunner.java:301) [spring-test-3.0.3.RELEASE.jar:3.0.3.RELEASE]
	at org.junit.internal.runners.model.ReflectiveCallable.run(ReflectiveCallable.java:12) [junit-4.11.jar:na]
	at org.springframework.test.context.junit4.SpringJUnit4ClassRunner.methodBlock(SpringJUnit4ClassRunner.java:303) [spring-test-3.0.3.RELEASE.jar:3.0.3.RELEASE]
	at org.springframework.test.context.junit4.SpringJUnit4ClassRunner.runChild(SpringJUnit4ClassRunner.java:240) [spring-test-3.0.3.RELEASE.jar:3.0.3.RELEASE]
	at org.junit.runners.BlockJUnit4ClassRunner.runChild(BlockJUnit4ClassRunner.java:50) [junit-4.11.jar:na]
	at org.junit.runners.ParentRunner$3.run(ParentRunner.java:238) [junit-4.11.jar:na]
	at org.junit.runners.ParentRunner$1.schedule(ParentRunner.java:63) [junit-4.11.jar:na]
	at org.junit.runners.ParentRunner.runChildren(ParentRunner.java:236) [junit-4.11.jar:na]
	at org.junit.runners.ParentRunner.access$000(ParentRunner.java:53) [junit-4.11.jar:na]
	at org.junit.runners.ParentRunner$2.evaluate(ParentRunner.java:229) [junit-4.11.jar:na]
	at org.springframework.test.context.junit4.statements.RunBeforeTestClassCallbacks.evaluate(RunBeforeTestClassCallbacks.java:61) [spring-test-3.0.3.RELEASE.jar:3.0.3.RELEASE]
	at org.springframework.test.context.junit4.statements.RunAfterTestClassCallbacks.evaluate(RunAfterTestClassCallbacks.java:70) [spring-test-3.0.3.RELEASE.jar:3.0.3.RELEASE]
	at org.junit.runners.ParentRunner.run(ParentRunner.java:309) [junit-4.11.jar:na]
	at org.springframework.test.context.junit4.SpringJUnit4ClassRunner.run(SpringJUnit4ClassRunner.java:180) [spring-test-3.0.3.RELEASE.jar:3.0.3.RELEASE]
	at org.junit.runners.Suite.runChild(Suite.java:127) [junit-4.11.jar:na]
	at org.junit.runners.Suite.runChild(Suite.java:26) [junit-4.11.jar:na]
	at org.junit.runners.ParentRunner$3.run(ParentRunner.java:238) [junit-4.11.jar:na]
	at org.junit.runners.ParentRunner$1.schedule(ParentRunner.java:63) [junit-4.11.jar:na]
	at org.junit.runners.ParentRunner.runChildren(ParentRunner.java:236) [junit-4.11.jar:na]
	at org.junit.runners.ParentRunner.access$000(ParentRunner.java:53) [junit-4.11.jar:na]
	at org.junit.runners.ParentRunner$2.evaluate(ParentRunner.java:229) [junit-4.11.jar:na]
	at org.junit.runners.ParentRunner.run(ParentRunner.java:309) [junit-4.11.jar:na]
	at org.junit.runner.JUnitCore.run(JUnitCore.java:160) [junit-4.11.jar:na]
	at org.junit.runner.JUnitCore.run(JUnitCore.java:138) [junit-4.11.jar:na]
	at org.apache.maven.surefire.junitcore.JUnitCoreWrapper.createReqestAndRun(JUnitCoreWrapper.java:139) [surefire-junit47-2.15.jar:2.15]
	at org.apache.maven.surefire.junitcore.JUnitCoreWrapper.executeEager(JUnitCoreWrapper.java:111) [surefire-junit47-2.15.jar:2.15]
	at org.apache.maven.surefire.junitcore.JUnitCoreWrapper.execute(JUnitCoreWrapper.java:84) [surefire-junit47-2.15.jar:2.15]
	at org.apache.maven.surefire.junitcore.JUnitCoreProvider.invoke(JUnitCoreProvider.java:135) [surefire-junit47-2.15.jar:2.15]
	at org.apache.maven.surefire.booter.ForkedBooter.invokeProviderInSameClassLoader(ForkedBooter.java:200) [surefire-booter-2.15.jar:2.15]
	at org.apache.maven.surefire.booter.ForkedBooter.runSuitesInProcess(ForkedBooter.java:153) [surefire-booter-2.15.jar:2.15]
	at org.apache.maven.surefire.booter.ForkedBooter.main(ForkedBooter.java:103) [surefire-booter-2.15.jar:2.15]
Caused by: org.springframework.beans.factory.parsing.BeanDefinitionParsingException: Configuration problem: Failed to import bean definitions from URL location [classpath:conf/app-security.xml]
Offending resource: class path resource [conf/test-context.xml]; nested exception is org.springframework.beans.factory.BeanDefinitionStoreException: IOException parsing XML document from class path resource [conf/app-security.xml]; nested exception is java.io.FileNotFoundException: class path resource [conf/app-security.xml] cannot be opened because it does not exist
	at org.springframework.beans.factory.parsing.FailFastProblemReporter.error(FailFastProblemReporter.java:68) ~[spring-beans-3.0.3.RELEASE.jar:3.0.3.RELEASE]
	at org.springframework.beans.factory.parsing.ReaderContext.error(ReaderContext.java:85) ~[spring-beans-3.0.3.RELEASE.jar:3.0.3.RELEASE]
	at org.springframework.beans.factory.parsing.ReaderContext.error(ReaderContext.java:76) ~[spring-beans-3.0.3.RELEASE.jar:3.0.3.RELEASE]
	at org.springframework.beans.factory.xml.DefaultBeanDefinitionDocumentReader.importBeanDefinitionResource(DefaultBeanDefinitionDocumentReader.java:192) ~[spring-beans-3.0.3.RELEASE.jar:3.0.3.RELEASE]
	at org.springframework.beans.factory.xml.DefaultBeanDefinitionDocumentReader.parseDefaultElement(DefaultBeanDefinitionDocumentReader.java:147) ~[spring-beans-3.0.3.RELEASE.jar:3.0.3.RELEASE]
	at org.springframework.beans.factory.xml.DefaultBeanDefinitionDocumentReader.parseBeanDefinitions(DefaultBeanDefinitionDocumentReader.java:132) ~[spring-beans-3.0.3.RELEASE.jar:3.0.3.RELEASE]
	at org.springframework.beans.factory.xml.DefaultBeanDefinitionDocumentReader.registerBeanDefinitions(DefaultBeanDefinitionDocumentReader.java:93) ~[spring-beans-3.0.3.RELEASE.jar:3.0.3.RELEASE]
	at org.springframework.beans.factory.xml.XmlBeanDefinitionReader.registerBeanDefinitions(XmlBeanDefinitionReader.java:493) ~[spring-beans-3.0.3.RELEASE.jar:3.0.3.RELEASE]
	at org.springframework.beans.factory.xml.XmlBeanDefinitionReader.doLoadBeanDefinitions(XmlBeanDefinitionReader.java:390) ~[spring-beans-3.0.3.RELEASE.jar:3.0.3.RELEASE]
	at org.springframework.beans.factory.xml.XmlBeanDefinitionReader.loadBeanDefinitions(XmlBeanDefinitionReader.java:334) ~[spring-beans-3.0.3.RELEASE.jar:3.0.3.RELEASE]
	at org.springframework.beans.factory.xml.XmlBeanDefinitionReader.loadBeanDefinitions(XmlBeanDefinitionReader.java:302) ~[spring-beans-3.0.3.RELEASE.jar:3.0.3.RELEASE]
	at org.springframework.beans.factory.support.AbstractBeanDefinitionReader.loadBeanDefinitions(AbstractBeanDefinitionReader.java:143) ~[spring-beans-3.0.3.RELEASE.jar:3.0.3.RELEASE]
	at org.springframework.beans.factory.support.AbstractBeanDefinitionReader.loadBeanDefinitions(AbstractBeanDefinitionReader.java:178) ~[spring-beans-3.0.3.RELEASE.jar:3.0.3.RELEASE]
	at org.springframework.beans.factory.support.AbstractBeanDefinitionReader.loadBeanDefinitions(AbstractBeanDefinitionReader.java:149) ~[spring-beans-3.0.3.RELEASE.jar:3.0.3.RELEASE]
	at org.springframework.beans.factory.support.AbstractBeanDefinitionReader.loadBeanDefinitions(AbstractBeanDefinitionReader.java:212) ~[spring-beans-3.0.3.RELEASE.jar:3.0.3.RELEASE]
	at org.springframework.test.context.support.AbstractGenericContextLoader.loadContext(AbstractGenericContextLoader.java:81) ~[spring-test-3.0.3.RELEASE.jar:3.0.3.RELEASE]
	at org.springframework.test.context.support.AbstractGenericContextLoader.loadContext(AbstractGenericContextLoader.java:1) ~[spring-test-3.0.3.RELEASE.jar:3.0.3.RELEASE]
	at org.springframework.test.context.TestContext.loadApplicationContext(TestContext.java:280) ~[spring-test-3.0.3.RELEASE.jar:3.0.3.RELEASE]
	at org.springframework.test.context.TestContext.getApplicationContext(TestContext.java:304) ~[spring-test-3.0.3.RELEASE.jar:3.0.3.RELEASE]
	... 35 common frames omitted
Caused by: org.springframework.beans.factory.BeanDefinitionStoreException: IOException parsing XML document from class path resource [conf/app-security.xml]; nested exception is java.io.FileNotFoundException: class path resource [conf/app-security.xml] cannot be opened because it does not exist
	at org.springframework.beans.factory.xml.XmlBeanDefinitionReader.loadBeanDefinitions(XmlBeanDefinitionReader.java:341) ~[spring-beans-3.0.3.RELEASE.jar:3.0.3.RELEASE]
	at org.springframework.beans.factory.xml.XmlBeanDefinitionReader.loadBeanDefinitions(XmlBeanDefinitionReader.java:302) ~[spring-beans-3.0.3.RELEASE.jar:3.0.3.RELEASE]
	at org.springframework.beans.factory.support.AbstractBeanDefinitionReader.loadBeanDefinitions(AbstractBeanDefinitionReader.java:143) ~[spring-beans-3.0.3.RELEASE.jar:3.0.3.RELEASE]
	at org.springframework.beans.factory.support.AbstractBeanDefinitionReader.loadBeanDefinitions(AbstractBeanDefinitionReader.java:178) ~[spring-beans-3.0.3.RELEASE.jar:3.0.3.RELEASE]
	at org.springframework.beans.factory.xml.DefaultBeanDefinitionDocumentReader.importBeanDefinitionResource(DefaultBeanDefinitionDocumentReader.java:186) ~[spring-beans-3.0.3.RELEASE.jar:3.0.3.RELEASE]
	... 50 common frames omitted
Caused by: java.io.FileNotFoundException: class path resource [conf/app-security.xml] cannot be opened because it does not exist
	at org.springframework.core.io.ClassPathResource.getInputStream(ClassPathResource.java:141) ~[spring-core-3.0.3.RELEASE.jar:3.0.3.RELEASE]
	at org.springframework.beans.factory.xml.XmlBeanDefinitionReader.loadBeanDefinitions(XmlBeanDefinitionReader.java:328) ~[spring-beans-3.0.3.RELEASE.jar:3.0.3.RELEASE]
	... 54 common frames omitted
14:37:27.093 [main] ERROR o.s.test.context.TestContextManager - Caught exception while allowing TestExecutionListener [org.springframework.test.context.support.DependencyInjectionTestExecutionListener@3a5794] to prepare test instance [com.kedacom.expenses.service.baseconfig.ConCosterTest@7eb6e2]
java.lang.IllegalStateException: Failed to load ApplicationContext
	at org.springframework.test.context.TestContext.getApplicationContext(TestContext.java:308) ~[spring-test-3.0.3.RELEASE.jar:3.0.3.RELEASE]
	at org.springframework.test.context.support.DependencyInjectionTestExecutionListener.injectDependencies(DependencyInjectionTestExecutionListener.java:109) ~[spring-test-3.0.3.RELEASE.jar:3.0.3.RELEASE]
	at org.springframework.test.context.support.DependencyInjectionTestExecutionListener.prepareTestInstance(DependencyInjectionTestExecutionListener.java:75) ~[spring-test-3.0.3.RELEASE.jar:3.0.3.RELEASE]
	at org.springframework.test.context.TestContextManager.prepareTestInstance(TestContextManager.java:333) ~[spring-test-3.0.3.RELEASE.jar:3.0.3.RELEASE]
	at org.springframework.test.context.junit4.SpringJUnit4ClassRunner.createTest(SpringJUnit4ClassRunner.java:220) [spring-test-3.0.3.RELEASE.jar:3.0.3.RELEASE]
	at org.springframework.test.context.junit4.SpringJUnit4ClassRunner$1.runReflectiveCall(SpringJUnit4ClassRunner.java:301) [spring-test-3.0.3.RELEASE.jar:3.0.3.RELEASE]
	at org.junit.internal.runners.model.ReflectiveCallable.run(ReflectiveCallable.java:12) [junit-4.11.jar:na]
	at org.springframework.test.context.junit4.SpringJUnit4ClassRunner.methodBlock(SpringJUnit4ClassRunner.java:303) [spring-test-3.0.3.RELEASE.jar:3.0.3.RELEASE]
	at org.springframework.test.context.junit4.SpringJUnit4ClassRunner.runChild(SpringJUnit4ClassRunner.java:240) [spring-test-3.0.3.RELEASE.jar:3.0.3.RELEASE]
	at org.junit.runners.BlockJUnit4ClassRunner.runChild(BlockJUnit4ClassRunner.java:50) [junit-4.11.jar:na]
	at org.junit.runners.ParentRunner$3.run(ParentRunner.java:238) [junit-4.11.jar:na]
	at org.junit.runners.ParentRunner$1.schedule(ParentRunner.java:63) [junit-4.11.jar:na]
	at org.junit.runners.ParentRunner.runChildren(ParentRunner.java:236) [junit-4.11.jar:na]
	at org.junit.runners.ParentRunner.access$000(ParentRunner.java:53) [junit-4.11.jar:na]
	at org.junit.runners.ParentRunner$2.evaluate(ParentRunner.java:229) [junit-4.11.jar:na]
	at org.springframework.test.context.junit4.statements.RunBeforeTestClassCallbacks.evaluate(RunBeforeTestClassCallbacks.java:61) [spring-test-3.0.3.RELEASE.jar:3.0.3.RELEASE]
	at org.springframework.test.context.junit4.statements.RunAfterTestClassCallbacks.evaluate(RunAfterTestClassCallbacks.java:70) [spring-test-3.0.3.RELEASE.jar:3.0.3.RELEASE]
	at org.junit.runners.ParentRunner.run(ParentRunner.java:309) [junit-4.11.jar:na]
	at org.springframework.test.context.junit4.SpringJUnit4ClassRunner.run(SpringJUnit4ClassRunner.java:180) [spring-test-3.0.3.RELEASE.jar:3.0.3.RELEASE]
	at org.junit.runners.Suite.runChild(Suite.java:127) [junit-4.11.jar:na]
	at org.junit.runners.Suite.runChild(Suite.java:26) [junit-4.11.jar:na]
	at org.junit.runners.ParentRunner$3.run(ParentRunner.java:238) [junit-4.11.jar:na]
	at org.junit.runners.ParentRunner$1.schedule(ParentRunner.java:63) [junit-4.11.jar:na]
	at org.junit.runners.ParentRunner.runChildren(ParentRunner.java:236) [junit-4.11.jar:na]
	at org.junit.runners.ParentRunner.access$000(ParentRunner.java:53) [junit-4.11.jar:na]
	at org.junit.runners.ParentRunner$2.evaluate(ParentRunner.java:229) [junit-4.11.jar:na]
	at org.junit.runners.ParentRunner.run(ParentRunner.java:309) [junit-4.11.jar:na]
	at org.junit.runner.JUnitCore.run(JUnitCore.java:160) [junit-4.11.jar:na]
	at org.junit.runner.JUnitCore.run(JUnitCore.java:138) [junit-4.11.jar:na]
	at org.apache.maven.surefire.junitcore.JUnitCoreWrapper.createReqestAndRun(JUnitCoreWrapper.java:139) [surefire-junit47-2.15.jar:2.15]
	at org.apache.maven.surefire.junitcore.JUnitCoreWrapper.executeEager(JUnitCoreWrapper.java:111) [surefire-junit47-2.15.jar:2.15]
	at org.apache.maven.surefire.junitcore.JUnitCoreWrapper.execute(JUnitCoreWrapper.java:84) [surefire-junit47-2.15.jar:2.15]
	at org.apache.maven.surefire.junitcore.JUnitCoreProvider.invoke(JUnitCoreProvider.java:135) [surefire-junit47-2.15.jar:2.15]
	at org.apache.maven.surefire.booter.ForkedBooter.invokeProviderInSameClassLoader(ForkedBooter.java:200) [surefire-booter-2.15.jar:2.15]
	at org.apache.maven.surefire.booter.ForkedBooter.runSuitesInProcess(ForkedBooter.java:153) [surefire-booter-2.15.jar:2.15]
	at org.apache.maven.surefire.booter.ForkedBooter.main(ForkedBooter.java:103) [surefire-booter-2.15.jar:2.15]
Caused by: org.springframework.beans.factory.parsing.BeanDefinitionParsingException: Configuration problem: Failed to import bean definitions from URL location [classpath:conf/app-security.xml]
Offending resource: class path resource [conf/test-context.xml]; nested exception is org.springframework.beans.factory.BeanDefinitionStoreException: IOException parsing XML document from class path resource [conf/app-security.xml]; nested exception is java.io.FileNotFoundException: class path resource [conf/app-security.xml] cannot be opened because it does not exist
	at org.springframework.beans.factory.parsing.FailFastProblemReporter.error(FailFastProblemReporter.java:68) ~[spring-beans-3.0.3.RELEASE.jar:3.0.3.RELEASE]
	at org.springframework.beans.factory.parsing.ReaderContext.error(ReaderContext.java:85) ~[spring-beans-3.0.3.RELEASE.jar:3.0.3.RELEASE]
	at org.springframework.beans.factory.parsing.ReaderContext.error(ReaderContext.java:76) ~[spring-beans-3.0.3.RELEASE.jar:3.0.3.RELEASE]
	at org.springframework.beans.factory.xml.DefaultBeanDefinitionDocumentReader.importBeanDefinitionResource(DefaultBeanDefinitionDocumentReader.java:192) ~[spring-beans-3.0.3.RELEASE.jar:3.0.3.RELEASE]
	at org.springframework.beans.factory.xml.DefaultBeanDefinitionDocumentReader.parseDefaultElement(DefaultBeanDefinitionDocumentReader.java:147) ~[spring-beans-3.0.3.RELEASE.jar:3.0.3.RELEASE]
	at org.springframework.beans.factory.xml.DefaultBeanDefinitionDocumentReader.parseBeanDefinitions(DefaultBeanDefinitionDocumentReader.java:132) ~[spring-beans-3.0.3.RELEASE.jar:3.0.3.RELEASE]
	at org.springframework.beans.factory.xml.DefaultBeanDefinitionDocumentReader.registerBeanDefinitions(DefaultBeanDefinitionDocumentReader.java:93) ~[spring-beans-3.0.3.RELEASE.jar:3.0.3.RELEASE]
	at org.springframework.beans.factory.xml.XmlBeanDefinitionReader.registerBeanDefinitions(XmlBeanDefinitionReader.java:493) ~[spring-beans-3.0.3.RELEASE.jar:3.0.3.RELEASE]
	at org.springframework.beans.factory.xml.XmlBeanDefinitionReader.doLoadBeanDefinitions(XmlBeanDefinitionReader.java:390) ~[spring-beans-3.0.3.RELEASE.jar:3.0.3.RELEASE]
	at org.springframework.beans.factory.xml.XmlBeanDefinitionReader.loadBeanDefinitions(XmlBeanDefinitionReader.java:334) ~[spring-beans-3.0.3.RELEASE.jar:3.0.3.RELEASE]
	at org.springframework.beans.factory.xml.XmlBeanDefinitionReader.loadBeanDefinitions(XmlBeanDefinitionReader.java:302) ~[spring-beans-3.0.3.RELEASE.jar:3.0.3.RELEASE]
	at org.springframework.beans.factory.support.AbstractBeanDefinitionReader.loadBeanDefinitions(AbstractBeanDefinitionReader.java:143) ~[spring-beans-3.0.3.RELEASE.jar:3.0.3.RELEASE]
	at org.springframework.beans.factory.support.AbstractBeanDefinitionReader.loadBeanDefinitions(AbstractBeanDefinitionReader.java:178) ~[spring-beans-3.0.3.RELEASE.jar:3.0.3.RELEASE]
	at org.springframework.beans.factory.support.AbstractBeanDefinitionReader.loadBeanDefinitions(AbstractBeanDefinitionReader.java:149) ~[spring-beans-3.0.3.RELEASE.jar:3.0.3.RELEASE]
	at org.springframework.beans.factory.support.AbstractBeanDefinitionReader.loadBeanDefinitions(AbstractBeanDefinitionReader.java:212) ~[spring-beans-3.0.3.RELEASE.jar:3.0.3.RELEASE]
	at org.springframework.test.context.support.AbstractGenericContextLoader.loadContext(AbstractGenericContextLoader.java:81) ~[spring-test-3.0.3.RELEASE.jar:3.0.3.RELEASE]
	at org.springframework.test.context.support.AbstractGenericContextLoader.loadContext(AbstractGenericContextLoader.java:1) ~[spring-test-3.0.3.RELEASE.jar:3.0.3.RELEASE]
	at org.springframework.test.context.TestContext.loadApplicationContext(TestContext.java:280) ~[spring-test-3.0.3.RELEASE.jar:3.0.3.RELEASE]
	at org.springframework.test.context.TestContext.getApplicationContext(TestContext.java:304) ~[spring-test-3.0.3.RELEASE.jar:3.0.3.RELEASE]
	... 35 common frames omitted
Caused by: org.springframework.beans.factory.BeanDefinitionStoreException: IOException parsing XML document from class path resource [conf/app-security.xml]; nested exception is java.io.FileNotFoundException: class path resource [conf/app-security.xml] cannot be opened because it does not exist
	at org.springframework.beans.factory.xml.XmlBeanDefinitionReader.loadBeanDefinitions(XmlBeanDefinitionReader.java:341) ~[spring-beans-3.0.3.RELEASE.jar:3.0.3.RELEASE]
	at org.springframework.beans.factory.xml.XmlBeanDefinitionReader.loadBeanDefinitions(XmlBeanDefinitionReader.java:302) ~[spring-beans-3.0.3.RELEASE.jar:3.0.3.RELEASE]
	at org.springframework.beans.factory.support.AbstractBeanDefinitionReader.loadBeanDefinitions(AbstractBeanDefinitionReader.java:143) ~[spring-beans-3.0.3.RELEASE.jar:3.0.3.RELEASE]
	at org.springframework.beans.factory.support.AbstractBeanDefinitionReader.loadBeanDefinitions(AbstractBeanDefinitionReader.java:178) ~[spring-beans-3.0.3.RELEASE.jar:3.0.3.RELEASE]
	at org.springframework.beans.factory.xml.DefaultBeanDefinitionDocumentReader.importBeanDefinitionResource(DefaultBeanDefinitionDocumentReader.java:186) ~[spring-beans-3.0.3.RELEASE.jar:3.0.3.RELEASE]
	... 50 common frames omitted
Caused by: java.io.FileNotFoundException: class path resource [conf/app-security.xml] cannot be opened because it does not exist
	at org.springframework.core.io.ClassPathResource.getInputStream(ClassPathResource.java:141) ~[spring-core-3.0.3.RELEASE.jar:3.0.3.RELEASE]
	at org.springframework.beans.factory.xml.XmlBeanDefinitionReader.loadBeanDefinitions(XmlBeanDefinitionReader.java:328) ~[spring-beans-3.0.3.RELEASE.jar:3.0.3.RELEASE]
	... 54 common frames omitted
14:37:27.171 [main] ERROR o.s.test.context.TestContextManager - Caught exception while allowing TestExecutionListener [org.springframework.test.context.support.DependencyInjectionTestExecutionListener@51127a] to prepare test instance [com.kedacom.expenses.service.baseconfig.ConfBusinessOpportunityTest@94257f]
java.lang.IllegalStateException: Failed to load ApplicationContext
	at org.springframework.test.context.TestContext.getApplicationContext(TestContext.java:308) ~[spring-test-3.0.3.RELEASE.jar:3.0.3.RELEASE]
	at org.springframework.test.context.support.DependencyInjectionTestExecutionListener.injectDependencies(DependencyInjectionTestExecutionListener.java:109) ~[spring-test-3.0.3.RELEASE.jar:3.0.3.RELEASE]
	at org.springframework.test.context.support.DependencyInjectionTestExecutionListener.prepareTestInstance(DependencyInjectionTestExecutionListener.java:75) ~[spring-test-3.0.3.RELEASE.jar:3.0.3.RELEASE]
	at org.springframework.test.context.TestContextManager.prepareTestInstance(TestContextManager.java:333) ~[spring-test-3.0.3.RELEASE.jar:3.0.3.RELEASE]
	at org.springframework.test.context.junit4.SpringJUnit4ClassRunner.createTest(SpringJUnit4ClassRunner.java:220) [spring-test-3.0.3.RELEASE.jar:3.0.3.RELEASE]
	at org.springframework.test.context.junit4.SpringJUnit4ClassRunner$1.runReflectiveCall(SpringJUnit4ClassRunner.java:301) [spring-test-3.0.3.RELEASE.jar:3.0.3.RELEASE]
	at org.junit.internal.runners.model.ReflectiveCallable.run(ReflectiveCallable.java:12) [junit-4.11.jar:na]
	at org.springframework.test.context.junit4.SpringJUnit4ClassRunner.methodBlock(SpringJUnit4ClassRunner.java:303) [spring-test-3.0.3.RELEASE.jar:3.0.3.RELEASE]
	at org.springframework.test.context.junit4.SpringJUnit4ClassRunner.runChild(SpringJUnit4ClassRunner.java:240) [spring-test-3.0.3.RELEASE.jar:3.0.3.RELEASE]
	at org.junit.runners.BlockJUnit4ClassRunner.runChild(BlockJUnit4ClassRunner.java:50) [junit-4.11.jar:na]
	at org.junit.runners.ParentRunner$3.run(ParentRunner.java:238) [junit-4.11.jar:na]
	at org.junit.runners.ParentRunner$1.schedule(ParentRunner.java:63) [junit-4.11.jar:na]
	at org.junit.runners.ParentRunner.runChildren(ParentRunner.java:236) [junit-4.11.jar:na]
	at org.junit.runners.ParentRunner.access$000(ParentRunner.java:53) [junit-4.11.jar:na]
	at org.junit.runners.ParentRunner$2.evaluate(ParentRunner.java:229) [junit-4.11.jar:na]
	at org.springframework.test.context.junit4.statements.RunBeforeTestClassCallbacks.evaluate(RunBeforeTestClassCallbacks.java:61) [spring-test-3.0.3.RELEASE.jar:3.0.3.RELEASE]
	at org.springframework.test.context.junit4.statements.RunAfterTestClassCallbacks.evaluate(RunAfterTestClassCallbacks.java:70) [spring-test-3.0.3.RELEASE.jar:3.0.3.RELEASE]
	at org.junit.runners.ParentRunner.run(ParentRunner.java:309) [junit-4.11.jar:na]
	at org.springframework.test.context.junit4.SpringJUnit4ClassRunner.run(SpringJUnit4ClassRunner.java:180) [spring-test-3.0.3.RELEASE.jar:3.0.3.RELEASE]
	at org.junit.runners.Suite.runChild(Suite.java:127) [junit-4.11.jar:na]
	at org.junit.runners.Suite.runChild(Suite.java:26) [junit-4.11.jar:na]
	at org.junit.runners.ParentRunner$3.run(ParentRunner.java:238) [junit-4.11.jar:na]
	at org.junit.runners.ParentRunner$1.schedule(ParentRunner.java:63) [junit-4.11.jar:na]
	at org.junit.runners.ParentRunner.runChildren(ParentRunner.java:236) [junit-4.11.jar:na]
	at org.junit.runners.ParentRunner.access$000(ParentRunner.java:53) [junit-4.11.jar:na]
	at org.junit.runners.ParentRunner$2.evaluate(ParentRunner.java:229) [junit-4.11.jar:na]
	at org.junit.runners.ParentRunner.run(ParentRunner.java:309) [junit-4.11.jar:na]
	at org.junit.runner.JUnitCore.run(JUnitCore.java:160) [junit-4.11.jar:na]
	at org.junit.runner.JUnitCore.run(JUnitCore.java:138) [junit-4.11.jar:na]
	at org.apache.maven.surefire.junitcore.JUnitCoreWrapper.createReqestAndRun(JUnitCoreWrapper.java:139) [surefire-junit47-2.15.jar:2.15]
	at org.apache.maven.surefire.junitcore.JUnitCoreWrapper.executeEager(JUnitCoreWrapper.java:111) [surefire-junit47-2.15.jar:2.15]
	at org.apache.maven.surefire.junitcore.JUnitCoreWrapper.execute(JUnitCoreWrapper.java:84) [surefire-junit47-2.15.jar:2.15]
	at org.apache.maven.surefire.junitcore.JUnitCoreProvider.invoke(JUnitCoreProvider.java:135) [surefire-junit47-2.15.jar:2.15]
	at org.apache.maven.surefire.booter.ForkedBooter.invokeProviderInSameClassLoader(ForkedBooter.java:200) [surefire-booter-2.15.jar:2.15]
	at org.apache.maven.surefire.booter.ForkedBooter.runSuitesInProcess(ForkedBooter.java:153) [surefire-booter-2.15.jar:2.15]
	at org.apache.maven.surefire.booter.ForkedBooter.main(ForkedBooter.java:103) [surefire-booter-2.15.jar:2.15]
Caused by: org.springframework.beans.factory.parsing.BeanDefinitionParsingException: Configuration problem: Failed to import bean definitions from URL location [classpath:conf/app-security.xml]
Offending resource: class path resource [conf/test-context.xml]; nested exception is org.springframework.beans.factory.BeanDefinitionStoreException: IOException parsing XML document from class path resource [conf/app-security.xml]; nested exception is java.io.FileNotFoundException: class path resource [conf/app-security.xml] cannot be opened because it does not exist
	at org.springframework.beans.factory.parsing.FailFastProblemReporter.error(FailFastProblemReporter.java:68) ~[spring-beans-3.0.3.RELEASE.jar:3.0.3.RELEASE]
	at org.springframework.beans.factory.parsing.ReaderContext.error(ReaderContext.java:85) ~[spring-beans-3.0.3.RELEASE.jar:3.0.3.RELEASE]
	at org.springframework.beans.factory.parsing.ReaderContext.error(ReaderContext.java:76) ~[spring-beans-3.0.3.RELEASE.jar:3.0.3.RELEASE]
	at org.springframework.beans.factory.xml.DefaultBeanDefinitionDocumentReader.importBeanDefinitionResource(DefaultBeanDefinitionDocumentReader.java:192) ~[spring-beans-3.0.3.RELEASE.jar:3.0.3.RELEASE]
	at org.springframework.beans.factory.xml.DefaultBeanDefinitionDocumentReader.parseDefaultElement(DefaultBeanDefinitionDocumentReader.java:147) ~[spring-beans-3.0.3.RELEASE.jar:3.0.3.RELEASE]
	at org.springframework.beans.factory.xml.DefaultBeanDefinitionDocumentReader.parseBeanDefinitions(DefaultBeanDefinitionDocumentReader.java:132) ~[spring-beans-3.0.3.RELEASE.jar:3.0.3.RELEASE]
	at org.springframework.beans.factory.xml.DefaultBeanDefinitionDocumentReader.registerBeanDefinitions(DefaultBeanDefinitionDocumentReader.java:93) ~[spring-beans-3.0.3.RELEASE.jar:3.0.3.RELEASE]
	at org.springframework.beans.factory.xml.XmlBeanDefinitionReader.registerBeanDefinitions(XmlBeanDefinitionReader.java:493) ~[spring-beans-3.0.3.RELEASE.jar:3.0.3.RELEASE]
	at org.springframework.beans.factory.xml.XmlBeanDefinitionReader.doLoadBeanDefinitions(XmlBeanDefinitionReader.java:390) ~[spring-beans-3.0.3.RELEASE.jar:3.0.3.RELEASE]
	at org.springframework.beans.factory.xml.XmlBeanDefinitionReader.loadBeanDefinitions(XmlBeanDefinitionReader.java:334) ~[spring-beans-3.0.3.RELEASE.jar:3.0.3.RELEASE]
	at org.springframework.beans.factory.xml.XmlBeanDefinitionReader.loadBeanDefinitions(XmlBeanDefinitionReader.java:302) ~[spring-beans-3.0.3.RELEASE.jar:3.0.3.RELEASE]
	at org.springframework.beans.factory.support.AbstractBeanDefinitionReader.loadBeanDefinitions(AbstractBeanDefinitionReader.java:143) ~[spring-beans-3.0.3.RELEASE.jar:3.0.3.RELEASE]
	at org.springframework.beans.factory.support.AbstractBeanDefinitionReader.loadBeanDefinitions(AbstractBeanDefinitionReader.java:178) ~[spring-beans-3.0.3.RELEASE.jar:3.0.3.RELEASE]
	at org.springframework.beans.factory.support.AbstractBeanDefinitionReader.loadBeanDefinitions(AbstractBeanDefinitionReader.java:149) ~[spring-beans-3.0.3.RELEASE.jar:3.0.3.RELEASE]
	at org.springframework.beans.factory.support.AbstractBeanDefinitionReader.loadBeanDefinitions(AbstractBeanDefinitionReader.java:212) ~[spring-beans-3.0.3.RELEASE.jar:3.0.3.RELEASE]
	at org.springframework.test.context.support.AbstractGenericContextLoader.loadContext(AbstractGenericContextLoader.java:81) ~[spring-test-3.0.3.RELEASE.jar:3.0.3.RELEASE]
	at org.springframework.test.context.support.AbstractGenericContextLoader.loadContext(AbstractGenericContextLoader.java:1) ~[spring-test-3.0.3.RELEASE.jar:3.0.3.RELEASE]
	at org.springframework.test.context.TestContext.loadApplicationContext(TestContext.java:280) ~[spring-test-3.0.3.RELEASE.jar:3.0.3.RELEASE]
	at org.springframework.test.context.TestContext.getApplicationContext(TestContext.java:304) ~[spring-test-3.0.3.RELEASE.jar:3.0.3.RELEASE]
	... 35 common frames omitted
Caused by: org.springframework.beans.factory.BeanDefinitionStoreException: IOException parsing XML document from class path resource [conf/app-security.xml]; nested exception is java.io.FileNotFoundException: class path resource [conf/app-security.xml] cannot be opened because it does not exist
	at org.springframework.beans.factory.xml.XmlBeanDefinitionReader.loadBeanDefinitions(XmlBeanDefinitionReader.java:341) ~[spring-beans-3.0.3.RELEASE.jar:3.0.3.RELEASE]
	at org.springframework.beans.factory.xml.XmlBeanDefinitionReader.loadBeanDefinitions(XmlBeanDefinitionReader.java:302) ~[spring-beans-3.0.3.RELEASE.jar:3.0.3.RELEASE]
	at org.springframework.beans.factory.support.AbstractBeanDefinitionReader.loadBeanDefinitions(AbstractBeanDefinitionReader.java:143) ~[spring-beans-3.0.3.RELEASE.jar:3.0.3.RELEASE]
	at org.springframework.beans.factory.support.AbstractBeanDefinitionReader.loadBeanDefinitions(AbstractBeanDefinitionReader.java:178) ~[spring-beans-3.0.3.RELEASE.jar:3.0.3.RELEASE]
	at org.springframework.beans.factory.xml.DefaultBeanDefinitionDocumentReader.importBeanDefinitionResource(DefaultBeanDefinitionDocumentReader.java:186) ~[spring-beans-3.0.3.RELEASE.jar:3.0.3.RELEASE]
	... 50 common frames omitted
Caused by: java.io.FileNotFoundException: class path resource [conf/app-security.xml] cannot be opened because it does not exist
	at org.springframework.core.io.ClassPathResource.getInputStream(ClassPathResource.java:141) ~[spring-core-3.0.3.RELEASE.jar:3.0.3.RELEASE]
	at org.springframework.beans.factory.xml.XmlBeanDefinitionReader.loadBeanDefinitions(XmlBeanDefinitionReader.java:328) ~[spring-beans-3.0.3.RELEASE.jar:3.0.3.RELEASE]
	... 54 common frames omitted
14:37:27.203 [main] ERROR o.s.test.context.TestContextManager - Caught exception while allowing TestExecutionListener [org.springframework.test.context.support.DependencyInjectionTestExecutionListener@51127a] to prepare test instance [com.kedacom.expenses.service.baseconfig.ConfBusinessOpportunityTest@165b7e]
java.lang.IllegalStateException: Failed to load ApplicationContext
	at org.springframework.test.context.TestContext.getApplicationContext(TestContext.java:308) ~[spring-test-3.0.3.RELEASE.jar:3.0.3.RELEASE]
	at org.springframework.test.context.support.DependencyInjectionTestExecutionListener.injectDependencies(DependencyInjectionTestExecutionListener.java:109) ~[spring-test-3.0.3.RELEASE.jar:3.0.3.RELEASE]
	at org.springframework.test.context.support.DependencyInjectionTestExecutionListener.prepareTestInstance(DependencyInjectionTestExecutionListener.java:75) ~[spring-test-3.0.3.RELEASE.jar:3.0.3.RELEASE]
	at org.springframework.test.context.TestContextManager.prepareTestInstance(TestContextManager.java:333) ~[spring-test-3.0.3.RELEASE.jar:3.0.3.RELEASE]
	at org.springframework.test.context.junit4.SpringJUnit4ClassRunner.createTest(SpringJUnit4ClassRunner.java:220) [spring-test-3.0.3.RELEASE.jar:3.0.3.RELEASE]
	at org.springframework.test.context.junit4.SpringJUnit4ClassRunner$1.runReflectiveCall(SpringJUnit4ClassRunner.java:301) [spring-test-3.0.3.RELEASE.jar:3.0.3.RELEASE]
	at org.junit.internal.runners.model.ReflectiveCallable.run(ReflectiveCallable.java:12) [junit-4.11.jar:na]
	at org.springframework.test.context.junit4.SpringJUnit4ClassRunner.methodBlock(SpringJUnit4ClassRunner.java:303) [spring-test-3.0.3.RELEASE.jar:3.0.3.RELEASE]
	at org.springframework.test.context.junit4.SpringJUnit4ClassRunner.runChild(SpringJUnit4ClassRunner.java:240) [spring-test-3.0.3.RELEASE.jar:3.0.3.RELEASE]
	at org.junit.runners.BlockJUnit4ClassRunner.runChild(BlockJUnit4ClassRunner.java:50) [junit-4.11.jar:na]
	at org.junit.runners.ParentRunner$3.run(ParentRunner.java:238) [junit-4.11.jar:na]
	at org.junit.runners.ParentRunner$1.schedule(ParentRunner.java:63) [junit-4.11.jar:na]
	at org.junit.runners.ParentRunner.runChildren(ParentRunner.java:236) [junit-4.11.jar:na]
	at org.junit.runners.ParentRunner.access$000(ParentRunner.java:53) [junit-4.11.jar:na]
	at org.junit.runners.ParentRunner$2.evaluate(ParentRunner.java:229) [junit-4.11.jar:na]
	at org.springframework.test.context.junit4.statements.RunBeforeTestClassCallbacks.evaluate(RunBeforeTestClassCallbacks.java:61) [spring-test-3.0.3.RELEASE.jar:3.0.3.RELEASE]
	at org.springframework.test.context.junit4.statements.RunAfterTestClassCallbacks.evaluate(RunAfterTestClassCallbacks.java:70) [spring-test-3.0.3.RELEASE.jar:3.0.3.RELEASE]
	at org.junit.runners.ParentRunner.run(ParentRunner.java:309) [junit-4.11.jar:na]
	at org.springframework.test.context.junit4.SpringJUnit4ClassRunner.run(SpringJUnit4ClassRunner.java:180) [spring-test-3.0.3.RELEASE.jar:3.0.3.RELEASE]
	at org.junit.runners.Suite.runChild(Suite.java:127) [junit-4.11.jar:na]
	at org.junit.runners.Suite.runChild(Suite.java:26) [junit-4.11.jar:na]
	at org.junit.runners.ParentRunner$3.run(ParentRunner.java:238) [junit-4.11.jar:na]
	at org.junit.runners.ParentRunner$1.schedule(ParentRunner.java:63) [junit-4.11.jar:na]
	at org.junit.runners.ParentRunner.runChildren(ParentRunner.java:236) [junit-4.11.jar:na]
	at org.junit.runners.ParentRunner.access$000(ParentRunner.java:53) [junit-4.11.jar:na]
	at org.junit.runners.ParentRunner$2.evaluate(ParentRunner.java:229) [junit-4.11.jar:na]
	at org.junit.runners.ParentRunner.run(ParentRunner.java:309) [junit-4.11.jar:na]
	at org.junit.runner.JUnitCore.run(JUnitCore.java:160) [junit-4.11.jar:na]
	at org.junit.runner.JUnitCore.run(JUnitCore.java:138) [junit-4.11.jar:na]
	at org.apache.maven.surefire.junitcore.JUnitCoreWrapper.createReqestAndRun(JUnitCoreWrapper.java:139) [surefire-junit47-2.15.jar:2.15]
	at org.apache.maven.surefire.junitcore.JUnitCoreWrapper.executeEager(JUnitCoreWrapper.java:111) [surefire-junit47-2.15.jar:2.15]
	at org.apache.maven.surefire.junitcore.JUnitCoreWrapper.execute(JUnitCoreWrapper.java:84) [surefire-junit47-2.15.jar:2.15]
	at org.apache.maven.surefire.junitcore.JUnitCoreProvider.invoke(JUnitCoreProvider.java:135) [surefire-junit47-2.15.jar:2.15]
	at org.apache.maven.surefire.booter.ForkedBooter.invokeProviderInSameClassLoader(ForkedBooter.java:200) [surefire-booter-2.15.jar:2.15]
	at org.apache.maven.surefire.booter.ForkedBooter.runSuitesInProcess(ForkedBooter.java:153) [surefire-booter-2.15.jar:2.15]
	at org.apache.maven.surefire.booter.ForkedBooter.main(ForkedBooter.java:103) [surefire-booter-2.15.jar:2.15]
Caused by: org.springframework.beans.factory.parsing.BeanDefinitionParsingException: Configuration problem: Failed to import bean definitions from URL location [classpath:conf/app-security.xml]
Offending resource: class path resource [conf/test-context.xml]; nested exception is org.springframework.beans.factory.BeanDefinitionStoreException: IOException parsing XML document from class path resource [conf/app-security.xml]; nested exception is java.io.FileNotFoundException: class path resource [conf/app-security.xml] cannot be opened because it does not exist
	at org.springframework.beans.factory.parsing.FailFastProblemReporter.error(FailFastProblemReporter.java:68) ~[spring-beans-3.0.3.RELEASE.jar:3.0.3.RELEASE]
	at org.springframework.beans.factory.parsing.ReaderContext.error(ReaderContext.java:85) ~[spring-beans-3.0.3.RELEASE.jar:3.0.3.RELEASE]
	at org.springframework.beans.factory.parsing.ReaderContext.error(ReaderContext.java:76) ~[spring-beans-3.0.3.RELEASE.jar:3.0.3.RELEASE]
	at org.springframework.beans.factory.xml.DefaultBeanDefinitionDocumentReader.importBeanDefinitionResource(DefaultBeanDefinitionDocumentReader.java:192) ~[spring-beans-3.0.3.RELEASE.jar:3.0.3.RELEASE]
	at org.springframework.beans.factory.xml.DefaultBeanDefinitionDocumentReader.parseDefaultElement(DefaultBeanDefinitionDocumentReader.java:147) ~[spring-beans-3.0.3.RELEASE.jar:3.0.3.RELEASE]
	at org.springframework.beans.factory.xml.DefaultBeanDefinitionDocumentReader.parseBeanDefinitions(DefaultBeanDefinitionDocumentReader.java:132) ~[spring-beans-3.0.3.RELEASE.jar:3.0.3.RELEASE]
	at org.springframework.beans.factory.xml.DefaultBeanDefinitionDocumentReader.registerBeanDefinitions(DefaultBeanDefinitionDocumentReader.java:93) ~[spring-beans-3.0.3.RELEASE.jar:3.0.3.RELEASE]
	at org.springframework.beans.factory.xml.XmlBeanDefinitionReader.registerBeanDefinitions(XmlBeanDefinitionReader.java:493) ~[spring-beans-3.0.3.RELEASE.jar:3.0.3.RELEASE]
	at org.springframework.beans.factory.xml.XmlBeanDefinitionReader.doLoadBeanDefinitions(XmlBeanDefinitionReader.java:390) ~[spring-beans-3.0.3.RELEASE.jar:3.0.3.RELEASE]
	at org.springframework.beans.factory.xml.XmlBeanDefinitionReader.loadBeanDefinitions(XmlBeanDefinitionReader.java:334) ~[spring-beans-3.0.3.RELEASE.jar:3.0.3.RELEASE]
	at org.springframework.beans.factory.xml.XmlBeanDefinitionReader.loadBeanDefinitions(XmlBeanDefinitionReader.java:302) ~[spring-beans-3.0.3.RELEASE.jar:3.0.3.RELEASE]
	at org.springframework.beans.factory.support.AbstractBeanDefinitionReader.loadBeanDefinitions(AbstractBeanDefinitionReader.java:143) ~[spring-beans-3.0.3.RELEASE.jar:3.0.3.RELEASE]
	at org.springframework.beans.factory.support.AbstractBeanDefinitionReader.loadBeanDefinitions(AbstractBeanDefinitionReader.java:178) ~[spring-beans-3.0.3.RELEASE.jar:3.0.3.RELEASE]
	at org.springframework.beans.factory.support.AbstractBeanDefinitionReader.loadBeanDefinitions(AbstractBeanDefinitionReader.java:149) ~[spring-beans-3.0.3.RELEASE.jar:3.0.3.RELEASE]
	at org.springframework.beans.factory.support.AbstractBeanDefinitionReader.loadBeanDefinitions(AbstractBeanDefinitionReader.java:212) ~[spring-beans-3.0.3.RELEASE.jar:3.0.3.RELEASE]
	at org.springframework.test.context.support.AbstractGenericContextLoader.loadContext(AbstractGenericContextLoader.java:81) ~[spring-test-3.0.3.RELEASE.jar:3.0.3.RELEASE]
	at org.springframework.test.context.support.AbstractGenericContextLoader.loadContext(AbstractGenericContextLoader.java:1) ~[spring-test-3.0.3.RELEASE.jar:3.0.3.RELEASE]
	at org.springframework.test.context.TestContext.loadApplicationContext(TestContext.java:280) ~[spring-test-3.0.3.RELEASE.jar:3.0.3.RELEASE]
	at org.springframework.test.context.TestContext.getApplicationContext(TestContext.java:304) ~[spring-test-3.0.3.RELEASE.jar:3.0.3.RELEASE]
	... 35 common frames omitted
Caused by: org.springframework.beans.factory.BeanDefinitionStoreException: IOException parsing XML document from class path resource [conf/app-security.xml]; nested exception is java.io.FileNotFoundException: class path resource [conf/app-security.xml] cannot be opened because it does not exist
	at org.springframework.beans.factory.xml.XmlBeanDefinitionReader.loadBeanDefinitions(XmlBeanDefinitionReader.java:341) ~[spring-beans-3.0.3.RELEASE.jar:3.0.3.RELEASE]
	at org.springframework.beans.factory.xml.XmlBeanDefinitionReader.loadBeanDefinitions(XmlBeanDefinitionReader.java:302) ~[spring-beans-3.0.3.RELEASE.jar:3.0.3.RELEASE]
	at org.springframework.beans.factory.support.AbstractBeanDefinitionReader.loadBeanDefinitions(AbstractBeanDefinitionReader.java:143) ~[spring-beans-3.0.3.RELEASE.jar:3.0.3.RELEASE]
	at org.springframework.beans.factory.support.AbstractBeanDefinitionReader.loadBeanDefinitions(AbstractBeanDefinitionReader.java:178) ~[spring-beans-3.0.3.RELEASE.jar:3.0.3.RELEASE]
	at org.springframework.beans.factory.xml.DefaultBeanDefinitionDocumentReader.importBeanDefinitionResource(DefaultBeanDefinitionDocumentReader.java:186) ~[spring-beans-3.0.3.RELEASE.jar:3.0.3.RELEASE]
	... 50 common frames omitted
Caused by: java.io.FileNotFoundException: class path resource [conf/app-security.xml] cannot be opened because it does not exist
	at org.springframework.core.io.ClassPathResource.getInputStream(ClassPathResource.java:141) ~[spring-core-3.0.3.RELEASE.jar:3.0.3.RELEASE]
	at org.springframework.beans.factory.xml.XmlBeanDefinitionReader.loadBeanDefinitions(XmlBeanDefinitionReader.java:328) ~[spring-beans-3.0.3.RELEASE.jar:3.0.3.RELEASE]
	... 54 common frames omitted
14:37:27.265 [main] ERROR o.s.test.context.TestContextManager - Caught exception while allowing TestExecutionListener [org.springframework.test.context.support.DependencyInjectionTestExecutionListener@4a7df6] to prepare test instance [com.kedacom.expenses.service.baseconfig.ConfClientTest@93df2c]
java.lang.IllegalStateException: Failed to load ApplicationContext
	at org.springframework.test.context.TestContext.getApplicationContext(TestContext.java:308) ~[spring-test-3.0.3.RELEASE.jar:3.0.3.RELEASE]
	at org.springframework.test.context.support.DependencyInjectionTestExecutionListener.injectDependencies(DependencyInjectionTestExecutionListener.java:109) ~[spring-test-3.0.3.RELEASE.jar:3.0.3.RELEASE]
	at org.springframework.test.context.support.DependencyInjectionTestExecutionListener.prepareTestInstance(DependencyInjectionTestExecutionListener.java:75) ~[spring-test-3.0.3.RELEASE.jar:3.0.3.RELEASE]
	at org.springframework.test.context.TestContextManager.prepareTestInstance(TestContextManager.java:333) ~[spring-test-3.0.3.RELEASE.jar:3.0.3.RELEASE]
	at org.springframework.test.context.junit4.SpringJUnit4ClassRunner.createTest(SpringJUnit4ClassRunner.java:220) [spring-test-3.0.3.RELEASE.jar:3.0.3.RELEASE]
	at org.springframework.test.context.junit4.SpringJUnit4ClassRunner$1.runReflectiveCall(SpringJUnit4ClassRunner.java:301) [spring-test-3.0.3.RELEASE.jar:3.0.3.RELEASE]
	at org.junit.internal.runners.model.ReflectiveCallable.run(ReflectiveCallable.java:12) [junit-4.11.jar:na]
	at org.springframework.test.context.junit4.SpringJUnit4ClassRunner.methodBlock(SpringJUnit4ClassRunner.java:303) [spring-test-3.0.3.RELEASE.jar:3.0.3.RELEASE]
	at org.springframework.test.context.junit4.SpringJUnit4ClassRunner.runChild(SpringJUnit4ClassRunner.java:240) [spring-test-3.0.3.RELEASE.jar:3.0.3.RELEASE]
	at org.junit.runners.BlockJUnit4ClassRunner.runChild(BlockJUnit4ClassRunner.java:50) [junit-4.11.jar:na]
	at org.junit.runners.ParentRunner$3.run(ParentRunner.java:238) [junit-4.11.jar:na]
	at org.junit.runners.ParentRunner$1.schedule(ParentRunner.java:63) [junit-4.11.jar:na]
	at org.junit.runners.ParentRunner.runChildren(ParentRunner.java:236) [junit-4.11.jar:na]
	at org.junit.runners.ParentRunner.access$000(ParentRunner.java:53) [junit-4.11.jar:na]
	at org.junit.runners.ParentRunner$2.evaluate(ParentRunner.java:229) [junit-4.11.jar:na]
	at org.springframework.test.context.junit4.statements.RunBeforeTestClassCallbacks.evaluate(RunBeforeTestClassCallbacks.java:61) [spring-test-3.0.3.RELEASE.jar:3.0.3.RELEASE]
	at org.springframework.test.context.junit4.statements.RunAfterTestClassCallbacks.evaluate(RunAfterTestClassCallbacks.java:70) [spring-test-3.0.3.RELEASE.jar:3.0.3.RELEASE]
	at org.junit.runners.ParentRunner.run(ParentRunner.java:309) [junit-4.11.jar:na]
	at org.springframework.test.context.junit4.SpringJUnit4ClassRunner.run(SpringJUnit4ClassRunner.java:180) [spring-test-3.0.3.RELEASE.jar:3.0.3.RELEASE]
	at org.junit.runners.Suite.runChild(Suite.java:127) [junit-4.11.jar:na]
	at org.junit.runners.Suite.runChild(Suite.java:26) [junit-4.11.jar:na]
	at org.junit.runners.ParentRunner$3.run(ParentRunner.java:238) [junit-4.11.jar:na]
	at org.junit.runners.ParentRunner$1.schedule(ParentRunner.java:63) [junit-4.11.jar:na]
	at org.junit.runners.ParentRunner.runChildren(ParentRunner.java:236) [junit-4.11.jar:na]
	at org.junit.runners.ParentRunner.access$000(ParentRunner.java:53) [junit-4.11.jar:na]
	at org.junit.runners.ParentRunner$2.evaluate(ParentRunner.java:229) [junit-4.11.jar:na]
	at org.junit.runners.ParentRunner.run(ParentRunner.java:309) [junit-4.11.jar:na]
	at org.junit.runner.JUnitCore.run(JUnitCore.java:160) [junit-4.11.jar:na]
	at org.junit.runner.JUnitCore.run(JUnitCore.java:138) [junit-4.11.jar:na]
	at org.apache.maven.surefire.junitcore.JUnitCoreWrapper.createReqestAndRun(JUnitCoreWrapper.java:139) [surefire-junit47-2.15.jar:2.15]
	at org.apache.maven.surefire.junitcore.JUnitCoreWrapper.executeEager(JUnitCoreWrapper.java:111) [surefire-junit47-2.15.jar:2.15]
	at org.apache.maven.surefire.junitcore.JUnitCoreWrapper.execute(JUnitCoreWrapper.java:84) [surefire-junit47-2.15.jar:2.15]
	at org.apache.maven.surefire.junitcore.JUnitCoreProvider.invoke(JUnitCoreProvider.java:135) [surefire-junit47-2.15.jar:2.15]
	at org.apache.maven.surefire.booter.ForkedBooter.invokeProviderInSameClassLoader(ForkedBooter.java:200) [surefire-booter-2.15.jar:2.15]
	at org.apache.maven.surefire.booter.ForkedBooter.runSuitesInProcess(ForkedBooter.java:153) [surefire-booter-2.15.jar:2.15]
	at org.apache.maven.surefire.booter.ForkedBooter.main(ForkedBooter.java:103) [surefire-booter-2.15.jar:2.15]
Caused by: org.springframework.beans.factory.parsing.BeanDefinitionParsingException: Configuration problem: Failed to import bean definitions from URL location [classpath:conf/app-security.xml]
Offending resource: class path resource [conf/test-context.xml]; nested exception is org.springframework.beans.factory.BeanDefinitionStoreException: IOException parsing XML document from class path resource [conf/app-security.xml]; nested exception is java.io.FileNotFoundException: class path resource [conf/app-security.xml] cannot be opened because it does not exist
	at org.springframework.beans.factory.parsing.FailFastProblemReporter.error(FailFastProblemReporter.java:68) ~[spring-beans-3.0.3.RELEASE.jar:3.0.3.RELEASE]
	at org.springframework.beans.factory.parsing.ReaderContext.error(ReaderContext.java:85) ~[spring-beans-3.0.3.RELEASE.jar:3.0.3.RELEASE]
	at org.springframework.beans.factory.parsing.ReaderContext.error(ReaderContext.java:76) ~[spring-beans-3.0.3.RELEASE.jar:3.0.3.RELEASE]
	at org.springframework.beans.factory.xml.DefaultBeanDefinitionDocumentReader.importBeanDefinitionResource(DefaultBeanDefinitionDocumentReader.java:192) ~[spring-beans-3.0.3.RELEASE.jar:3.0.3.RELEASE]
	at org.springframework.beans.factory.xml.DefaultBeanDefinitionDocumentReader.parseDefaultElement(DefaultBeanDefinitionDocumentReader.java:147) ~[spring-beans-3.0.3.RELEASE.jar:3.0.3.RELEASE]
	at org.springframework.beans.factory.xml.DefaultBeanDefinitionDocumentReader.parseBeanDefinitions(DefaultBeanDefinitionDocumentReader.java:132) ~[spring-beans-3.0.3.RELEASE.jar:3.0.3.RELEASE]
	at org.springframework.beans.factory.xml.DefaultBeanDefinitionDocumentReader.registerBeanDefinitions(DefaultBeanDefinitionDocumentReader.java:93) ~[spring-beans-3.0.3.RELEASE.jar:3.0.3.RELEASE]
	at org.springframework.beans.factory.xml.XmlBeanDefinitionReader.registerBeanDefinitions(XmlBeanDefinitionReader.java:493) ~[spring-beans-3.0.3.RELEASE.jar:3.0.3.RELEASE]
	at org.springframework.beans.factory.xml.XmlBeanDefinitionReader.doLoadBeanDefinitions(XmlBeanDefinitionReader.java:390) ~[spring-beans-3.0.3.RELEASE.jar:3.0.3.RELEASE]
	at org.springframework.beans.factory.xml.XmlBeanDefinitionReader.loadBeanDefinitions(XmlBeanDefinitionReader.java:334) ~[spring-beans-3.0.3.RELEASE.jar:3.0.3.RELEASE]
	at org.springframework.beans.factory.xml.XmlBeanDefinitionReader.loadBeanDefinitions(XmlBeanDefinitionReader.java:302) ~[spring-beans-3.0.3.RELEASE.jar:3.0.3.RELEASE]
	at org.springframework.beans.factory.support.AbstractBeanDefinitionReader.loadBeanDefinitions(AbstractBeanDefinitionReader.java:143) ~[spring-beans-3.0.3.RELEASE.jar:3.0.3.RELEASE]
	at org.springframework.beans.factory.support.AbstractBeanDefinitionReader.loadBeanDefinitions(AbstractBeanDefinitionReader.java:178) ~[spring-beans-3.0.3.RELEASE.jar:3.0.3.RELEASE]
	at org.springframework.beans.factory.support.AbstractBeanDefinitionReader.loadBeanDefinitions(AbstractBeanDefinitionReader.java:149) ~[spring-beans-3.0.3.RELEASE.jar:3.0.3.RELEASE]
	at org.springframework.beans.factory.support.AbstractBeanDefinitionReader.loadBeanDefinitions(AbstractBeanDefinitionReader.java:212) ~[spring-beans-3.0.3.RELEASE.jar:3.0.3.RELEASE]
	at org.springframework.test.context.support.AbstractGenericContextLoader.loadContext(AbstractGenericContextLoader.java:81) ~[spring-test-3.0.3.RELEASE.jar:3.0.3.RELEASE]
	at org.springframework.test.context.support.AbstractGenericContextLoader.loadContext(AbstractGenericContextLoader.java:1) ~[spring-test-3.0.3.RELEASE.jar:3.0.3.RELEASE]
	at org.springframework.test.context.TestContext.loadApplicationContext(TestContext.java:280) ~[spring-test-3.0.3.RELEASE.jar:3.0.3.RELEASE]
	at org.springframework.test.context.TestContext.getApplicationContext(TestContext.java:304) ~[spring-test-3.0.3.RELEASE.jar:3.0.3.RELEASE]
	... 35 common frames omitted
Caused by: org.springframework.beans.factory.BeanDefinitionStoreException: IOException parsing XML document from class path resource [conf/app-security.xml]; nested exception is java.io.FileNotFoundException: class path resource [conf/app-security.xml] cannot be opened because it does not exist
	at org.springframework.beans.factory.xml.XmlBeanDefinitionReader.loadBeanDefinitions(XmlBeanDefinitionReader.java:341) ~[spring-beans-3.0.3.RELEASE.jar:3.0.3.RELEASE]
	at org.springframework.beans.factory.xml.XmlBeanDefinitionReader.loadBeanDefinitions(XmlBeanDefinitionReader.java:302) ~[spring-beans-3.0.3.RELEASE.jar:3.0.3.RELEASE]
	at org.springframework.beans.factory.support.AbstractBeanDefinitionReader.loadBeanDefinitions(AbstractBeanDefinitionReader.java:143) ~[spring-beans-3.0.3.RELEASE.jar:3.0.3.RELEASE]
	at org.springframework.beans.factory.support.AbstractBeanDefinitionReader.loadBeanDefinitions(AbstractBeanDefinitionReader.java:178) ~[spring-beans-3.0.3.RELEASE.jar:3.0.3.RELEASE]
	at org.springframework.beans.factory.xml.DefaultBeanDefinitionDocumentReader.importBeanDefinitionResource(DefaultBeanDefinitionDocumentReader.java:186) ~[spring-beans-3.0.3.RELEASE.jar:3.0.3.RELEASE]
	... 50 common frames omitted
Caused by: java.io.FileNotFoundException: class path resource [conf/app-security.xml] cannot be opened because it does not exist
	at org.springframework.core.io.ClassPathResource.getInputStream(ClassPathResource.java:141) ~[spring-core-3.0.3.RELEASE.jar:3.0.3.RELEASE]
	at org.springframework.beans.factory.xml.XmlBeanDefinitionReader.loadBeanDefinitions(XmlBeanDefinitionReader.java:328) ~[spring-beans-3.0.3.RELEASE.jar:3.0.3.RELEASE]
	... 54 common frames omitted
14:37:27.296 [main] ERROR o.s.test.context.TestContextManager - Caught exception while allowing TestExecutionListener [org.springframework.test.context.support.DependencyInjectionTestExecutionListener@4a7df6] to prepare test instance [com.kedacom.expenses.service.baseconfig.ConfClientTest@7f58ef]
java.lang.IllegalStateException: Failed to load ApplicationContext
	at org.springframework.test.context.TestContext.getApplicationContext(TestContext.java:308) ~[spring-test-3.0.3.RELEASE.jar:3.0.3.RELEASE]
	at org.springframework.test.context.support.DependencyInjectionTestExecutionListener.injectDependencies(DependencyInjectionTestExecutionListener.java:109) ~[spring-test-3.0.3.RELEASE.jar:3.0.3.RELEASE]
	at org.springframework.test.context.support.DependencyInjectionTestExecutionListener.prepareTestInstance(DependencyInjectionTestExecutionListener.java:75) ~[spring-test-3.0.3.RELEASE.jar:3.0.3.RELEASE]
	at org.springframework.test.context.TestContextManager.prepareTestInstance(TestContextManager.java:333) ~[spring-test-3.0.3.RELEASE.jar:3.0.3.RELEASE]
	at org.springframework.test.context.junit4.SpringJUnit4ClassRunner.createTest(SpringJUnit4ClassRunner.java:220) [spring-test-3.0.3.RELEASE.jar:3.0.3.RELEASE]
	at org.springframework.test.context.junit4.SpringJUnit4ClassRunner$1.runReflectiveCall(SpringJUnit4ClassRunner.java:301) [spring-test-3.0.3.RELEASE.jar:3.0.3.RELEASE]
	at org.junit.internal.runners.model.ReflectiveCallable.run(ReflectiveCallable.java:12) [junit-4.11.jar:na]
	at org.springframework.test.context.junit4.SpringJUnit4ClassRunner.methodBlock(SpringJUnit4ClassRunner.java:303) [spring-test-3.0.3.RELEASE.jar:3.0.3.RELEASE]
	at org.springframework.test.context.junit4.SpringJUnit4ClassRunner.runChild(SpringJUnit4ClassRunner.java:240) [spring-test-3.0.3.RELEASE.jar:3.0.3.RELEASE]
	at org.junit.runners.BlockJUnit4ClassRunner.runChild(BlockJUnit4ClassRunner.java:50) [junit-4.11.jar:na]
	at org.junit.runners.ParentRunner$3.run(ParentRunner.java:238) [junit-4.11.jar:na]
	at org.junit.runners.ParentRunner$1.schedule(ParentRunner.java:63) [junit-4.11.jar:na]
	at org.junit.runners.ParentRunner.runChildren(ParentRunner.java:236) [junit-4.11.jar:na]
	at org.junit.runners.ParentRunner.access$000(ParentRunner.java:53) [junit-4.11.jar:na]
	at org.junit.runners.ParentRunner$2.evaluate(ParentRunner.java:229) [junit-4.11.jar:na]
	at org.springframework.test.context.junit4.statements.RunBeforeTestClassCallbacks.evaluate(RunBeforeTestClassCallbacks.java:61) [spring-test-3.0.3.RELEASE.jar:3.0.3.RELEASE]
	at org.springframework.test.context.junit4.statements.RunAfterTestClassCallbacks.evaluate(RunAfterTestClassCallbacks.java:70) [spring-test-3.0.3.RELEASE.jar:3.0.3.RELEASE]
	at org.junit.runners.ParentRunner.run(ParentRunner.java:309) [junit-4.11.jar:na]
	at org.springframework.test.context.junit4.SpringJUnit4ClassRunner.run(SpringJUnit4ClassRunner.java:180) [spring-test-3.0.3.RELEASE.jar:3.0.3.RELEASE]
	at org.junit.runners.Suite.runChild(Suite.java:127) [junit-4.11.jar:na]
	at org.junit.runners.Suite.runChild(Suite.java:26) [junit-4.11.jar:na]
	at org.junit.runners.ParentRunner$3.run(ParentRunner.java:238) [junit-4.11.jar:na]
	at org.junit.runners.ParentRunner$1.schedule(ParentRunner.java:63) [junit-4.11.jar:na]
	at org.junit.runners.ParentRunner.runChildren(ParentRunner.java:236) [junit-4.11.jar:na]
	at org.junit.runners.ParentRunner.access$000(ParentRunner.java:53) [junit-4.11.jar:na]
	at org.junit.runners.ParentRunner$2.evaluate(ParentRunner.java:229) [junit-4.11.jar:na]
	at org.junit.runners.ParentRunner.run(ParentRunner.java:309) [junit-4.11.jar:na]
	at org.junit.runner.JUnitCore.run(JUnitCore.java:160) [junit-4.11.jar:na]
	at org.junit.runner.JUnitCore.run(JUnitCore.java:138) [junit-4.11.jar:na]
	at org.apache.maven.surefire.junitcore.JUnitCoreWrapper.createReqestAndRun(JUnitCoreWrapper.java:139) [surefire-junit47-2.15.jar:2.15]
	at org.apache.maven.surefire.junitcore.JUnitCoreWrapper.executeEager(JUnitCoreWrapper.java:111) [surefire-junit47-2.15.jar:2.15]
	at org.apache.maven.surefire.junitcore.JUnitCoreWrapper.execute(JUnitCoreWrapper.java:84) [surefire-junit47-2.15.jar:2.15]
	at org.apache.maven.surefire.junitcore.JUnitCoreProvider.invoke(JUnitCoreProvider.java:135) [surefire-junit47-2.15.jar:2.15]
	at org.apache.maven.surefire.booter.ForkedBooter.invokeProviderInSameClassLoader(ForkedBooter.java:200) [surefire-booter-2.15.jar:2.15]
	at org.apache.maven.surefire.booter.ForkedBooter.runSuitesInProcess(ForkedBooter.java:153) [surefire-booter-2.15.jar:2.15]
	at org.apache.maven.surefire.booter.ForkedBooter.main(ForkedBooter.java:103) [surefire-booter-2.15.jar:2.15]
Caused by: org.springframework.beans.factory.parsing.BeanDefinitionParsingException: Configuration problem: Failed to import bean definitions from URL location [classpath:conf/app-security.xml]
Offending resource: class path resource [conf/test-context.xml]; nested exception is org.springframework.beans.factory.BeanDefinitionStoreException: IOException parsing XML document from class path resource [conf/app-security.xml]; nested exception is java.io.FileNotFoundException: class path resource [conf/app-security.xml] cannot be opened because it does not exist
	at org.springframework.beans.factory.parsing.FailFastProblemReporter.error(FailFastProblemReporter.java:68) ~[spring-beans-3.0.3.RELEASE.jar:3.0.3.RELEASE]
	at org.springframework.beans.factory.parsing.ReaderContext.error(ReaderContext.java:85) ~[spring-beans-3.0.3.RELEASE.jar:3.0.3.RELEASE]
	at org.springframework.beans.factory.parsing.ReaderContext.error(ReaderContext.java:76) ~[spring-beans-3.0.3.RELEASE.jar:3.0.3.RELEASE]
	at org.springframework.beans.factory.xml.DefaultBeanDefinitionDocumentReader.importBeanDefinitionResource(DefaultBeanDefinitionDocumentReader.java:192) ~[spring-beans-3.0.3.RELEASE.jar:3.0.3.RELEASE]
	at org.springframework.beans.factory.xml.DefaultBeanDefinitionDocumentReader.parseDefaultElement(DefaultBeanDefinitionDocumentReader.java:147) ~[spring-beans-3.0.3.RELEASE.jar:3.0.3.RELEASE]
	at org.springframework.beans.factory.xml.DefaultBeanDefinitionDocumentReader.parseBeanDefinitions(DefaultBeanDefinitionDocumentReader.java:132) ~[spring-beans-3.0.3.RELEASE.jar:3.0.3.RELEASE]
	at org.springframework.beans.factory.xml.DefaultBeanDefinitionDocumentReader.registerBeanDefinitions(DefaultBeanDefinitionDocumentReader.java:93) ~[spring-beans-3.0.3.RELEASE.jar:3.0.3.RELEASE]
	at org.springframework.beans.factory.xml.XmlBeanDefinitionReader.registerBeanDefinitions(XmlBeanDefinitionReader.java:493) ~[spring-beans-3.0.3.RELEASE.jar:3.0.3.RELEASE]
	at org.springframework.beans.factory.xml.XmlBeanDefinitionReader.doLoadBeanDefinitions(XmlBeanDefinitionReader.java:390) ~[spring-beans-3.0.3.RELEASE.jar:3.0.3.RELEASE]
	at org.springframework.beans.factory.xml.XmlBeanDefinitionReader.loadBeanDefinitions(XmlBeanDefinitionReader.java:334) ~[spring-beans-3.0.3.RELEASE.jar:3.0.3.RELEASE]
	at org.springframework.beans.factory.xml.XmlBeanDefinitionReader.loadBeanDefinitions(XmlBeanDefinitionReader.java:302) ~[spring-beans-3.0.3.RELEASE.jar:3.0.3.RELEASE]
	at org.springframework.beans.factory.support.AbstractBeanDefinitionReader.loadBeanDefinitions(AbstractBeanDefinitionReader.java:143) ~[spring-beans-3.0.3.RELEASE.jar:3.0.3.RELEASE]
	at org.springframework.beans.factory.support.AbstractBeanDefinitionReader.loadBeanDefinitions(AbstractBeanDefinitionReader.java:178) ~[spring-beans-3.0.3.RELEASE.jar:3.0.3.RELEASE]
	at org.springframework.beans.factory.support.AbstractBeanDefinitionReader.loadBeanDefinitions(AbstractBeanDefinitionReader.java:149) ~[spring-beans-3.0.3.RELEASE.jar:3.0.3.RELEASE]
	at org.springframework.beans.factory.support.AbstractBeanDefinitionReader.loadBeanDefinitions(AbstractBeanDefinitionReader.java:212) ~[spring-beans-3.0.3.RELEASE.jar:3.0.3.RELEASE]
	at org.springframework.test.context.support.AbstractGenericContextLoader.loadContext(AbstractGenericContextLoader.java:81) ~[spring-test-3.0.3.RELEASE.jar:3.0.3.RELEASE]
	at org.springframework.test.context.support.AbstractGenericContextLoader.loadContext(AbstractGenericContextLoader.java:1) ~[spring-test-3.0.3.RELEASE.jar:3.0.3.RELEASE]
	at org.springframework.test.context.TestContext.loadApplicationContext(TestContext.java:280) ~[spring-test-3.0.3.RELEASE.jar:3.0.3.RELEASE]
	at org.springframework.test.context.TestContext.getApplicationContext(TestContext.java:304) ~[spring-test-3.0.3.RELEASE.jar:3.0.3.RELEASE]
	... 35 common frames omitted
Caused by: org.springframework.beans.factory.BeanDefinitionStoreException: IOException parsing XML document from class path resource [conf/app-security.xml]; nested exception is java.io.FileNotFoundException: class path resource [conf/app-security.xml] cannot be opened because it does not exist
	at org.springframework.beans.factory.xml.XmlBeanDefinitionReader.loadBeanDefinitions(XmlBeanDefinitionReader.java:341) ~[spring-beans-3.0.3.RELEASE.jar:3.0.3.RELEASE]
	at org.springframework.beans.factory.xml.XmlBeanDefinitionReader.loadBeanDefinitions(XmlBeanDefinitionReader.java:302) ~[spring-beans-3.0.3.RELEASE.jar:3.0.3.RELEASE]
	at org.springframework.beans.factory.support.AbstractBeanDefinitionReader.loadBeanDefinitions(AbstractBeanDefinitionReader.java:143) ~[spring-beans-3.0.3.RELEASE.jar:3.0.3.RELEASE]
	at org.springframework.beans.factory.support.AbstractBeanDefinitionReader.loadBeanDefinitions(AbstractBeanDefinitionReader.java:178) ~[spring-beans-3.0.3.RELEASE.jar:3.0.3.RELEASE]
	at org.springframework.beans.factory.xml.DefaultBeanDefinitionDocumentReader.importBeanDefinitionResource(DefaultBeanDefinitionDocumentReader.java:186) ~[spring-beans-3.0.3.RELEASE.jar:3.0.3.RELEASE]
	... 50 common frames omitted
Caused by: java.io.FileNotFoundException: class path resource [conf/app-security.xml] cannot be opened because it does not exist
	at org.springframework.core.io.ClassPathResource.getInputStream(ClassPathResource.java:141) ~[spring-core-3.0.3.RELEASE.jar:3.0.3.RELEASE]
	at org.springframework.beans.factory.xml.XmlBeanDefinitionReader.loadBeanDefinitions(XmlBeanDefinitionReader.java:328) ~[spring-beans-3.0.3.RELEASE.jar:3.0.3.RELEASE]
	... 54 common frames omitted
14:37:27.343 [main] ERROR o.s.test.context.TestContextManager - Caught exception while allowing TestExecutionListener [org.springframework.test.context.support.DependencyInjectionTestExecutionListener@1cbda0a] to prepare test instance [com.kedacom.expenses.service.baseconfig.ConfCosterTest@57ea52]
java.lang.IllegalStateException: Failed to load ApplicationContext
	at org.springframework.test.context.TestContext.getApplicationContext(TestContext.java:308) ~[spring-test-3.0.3.RELEASE.jar:3.0.3.RELEASE]
	at org.springframework.test.context.support.DependencyInjectionTestExecutionListener.injectDependencies(DependencyInjectionTestExecutionListener.java:109) ~[spring-test-3.0.3.RELEASE.jar:3.0.3.RELEASE]
	at org.springframework.test.context.support.DependencyInjectionTestExecutionListener.prepareTestInstance(DependencyInjectionTestExecutionListener.java:75) ~[spring-test-3.0.3.RELEASE.jar:3.0.3.RELEASE]
	at org.springframework.test.context.TestContextManager.prepareTestInstance(TestContextManager.java:333) ~[spring-test-3.0.3.RELEASE.jar:3.0.3.RELEASE]
	at org.springframework.test.context.junit4.SpringJUnit4ClassRunner.createTest(SpringJUnit4ClassRunner.java:220) [spring-test-3.0.3.RELEASE.jar:3.0.3.RELEASE]
	at org.springframework.test.context.junit4.SpringJUnit4ClassRunner$1.runReflectiveCall(SpringJUnit4ClassRunner.java:301) [spring-test-3.0.3.RELEASE.jar:3.0.3.RELEASE]
	at org.junit.internal.runners.model.ReflectiveCallable.run(ReflectiveCallable.java:12) [junit-4.11.jar:na]
	at org.springframework.test.context.junit4.SpringJUnit4ClassRunner.methodBlock(SpringJUnit4ClassRunner.java:303) [spring-test-3.0.3.RELEASE.jar:3.0.3.RELEASE]
	at org.springframework.test.context.junit4.SpringJUnit4ClassRunner.runChild(SpringJUnit4ClassRunner.java:240) [spring-test-3.0.3.RELEASE.jar:3.0.3.RELEASE]
	at org.junit.runners.BlockJUnit4ClassRunner.runChild(BlockJUnit4ClassRunner.java:50) [junit-4.11.jar:na]
	at org.junit.runners.ParentRunner$3.run(ParentRunner.java:238) [junit-4.11.jar:na]
	at org.junit.runners.ParentRunner$1.schedule(ParentRunner.java:63) [junit-4.11.jar:na]
	at org.junit.runners.ParentRunner.runChildren(ParentRunner.java:236) [junit-4.11.jar:na]
	at org.junit.runners.ParentRunner.access$000(ParentRunner.java:53) [junit-4.11.jar:na]
	at org.junit.runners.ParentRunner$2.evaluate(ParentRunner.java:229) [junit-4.11.jar:na]
	at org.springframework.test.context.junit4.statements.RunBeforeTestClassCallbacks.evaluate(RunBeforeTestClassCallbacks.java:61) [spring-test-3.0.3.RELEASE.jar:3.0.3.RELEASE]
	at org.springframework.test.context.junit4.statements.RunAfterTestClassCallbacks.evaluate(RunAfterTestClassCallbacks.java:70) [spring-test-3.0.3.RELEASE.jar:3.0.3.RELEASE]
	at org.junit.runners.ParentRunner.run(ParentRunner.java:309) [junit-4.11.jar:na]
	at org.springframework.test.context.junit4.SpringJUnit4ClassRunner.run(SpringJUnit4ClassRunner.java:180) [spring-test-3.0.3.RELEASE.jar:3.0.3.RELEASE]
	at org.junit.runners.Suite.runChild(Suite.java:127) [junit-4.11.jar:na]
	at org.junit.runners.Suite.runChild(Suite.java:26) [junit-4.11.jar:na]
	at org.junit.runners.ParentRunner$3.run(ParentRunner.java:238) [junit-4.11.jar:na]
	at org.junit.runners.ParentRunner$1.schedule(ParentRunner.java:63) [junit-4.11.jar:na]
	at org.junit.runners.ParentRunner.runChildren(ParentRunner.java:236) [junit-4.11.jar:na]
	at org.junit.runners.ParentRunner.access$000(ParentRunner.java:53) [junit-4.11.jar:na]
	at org.junit.runners.ParentRunner$2.evaluate(ParentRunner.java:229) [junit-4.11.jar:na]
	at org.junit.runners.ParentRunner.run(ParentRunner.java:309) [junit-4.11.jar:na]
	at org.junit.runner.JUnitCore.run(JUnitCore.java:160) [junit-4.11.jar:na]
	at org.junit.runner.JUnitCore.run(JUnitCore.java:138) [junit-4.11.jar:na]
	at org.apache.maven.surefire.junitcore.JUnitCoreWrapper.createReqestAndRun(JUnitCoreWrapper.java:139) [surefire-junit47-2.15.jar:2.15]
	at org.apache.maven.surefire.junitcore.JUnitCoreWrapper.executeEager(JUnitCoreWrapper.java:111) [surefire-junit47-2.15.jar:2.15]
	at org.apache.maven.surefire.junitcore.JUnitCoreWrapper.execute(JUnitCoreWrapper.java:84) [surefire-junit47-2.15.jar:2.15]
	at org.apache.maven.surefire.junitcore.JUnitCoreProvider.invoke(JUnitCoreProvider.java:135) [surefire-junit47-2.15.jar:2.15]
	at org.apache.maven.surefire.booter.ForkedBooter.invokeProviderInSameClassLoader(ForkedBooter.java:200) [surefire-booter-2.15.jar:2.15]
	at org.apache.maven.surefire.booter.ForkedBooter.runSuitesInProcess(ForkedBooter.java:153) [surefire-booter-2.15.jar:2.15]
	at org.apache.maven.surefire.booter.ForkedBooter.main(ForkedBooter.java:103) [surefire-booter-2.15.jar:2.15]
Caused by: org.springframework.beans.factory.parsing.BeanDefinitionParsingException: Configuration problem: Failed to import bean definitions from URL location [classpath:conf/app-security.xml]
Offending resource: class path resource [conf/test-context.xml]; nested exception is org.springframework.beans.factory.BeanDefinitionStoreException: IOException parsing XML document from class path resource [conf/app-security.xml]; nested exception is java.io.FileNotFoundException: class path resource [conf/app-security.xml] cannot be opened because it does not exist
	at org.springframework.beans.factory.parsing.FailFastProblemReporter.error(FailFastProblemReporter.java:68) ~[spring-beans-3.0.3.RELEASE.jar:3.0.3.RELEASE]
	at org.springframework.beans.factory.parsing.ReaderContext.error(ReaderContext.java:85) ~[spring-beans-3.0.3.RELEASE.jar:3.0.3.RELEASE]
	at org.springframework.beans.factory.parsing.ReaderContext.error(ReaderContext.java:76) ~[spring-beans-3.0.3.RELEASE.jar:3.0.3.RELEASE]
	at org.springframework.beans.factory.xml.DefaultBeanDefinitionDocumentReader.importBeanDefinitionResource(DefaultBeanDefinitionDocumentReader.java:192) ~[spring-beans-3.0.3.RELEASE.jar:3.0.3.RELEASE]
	at org.springframework.beans.factory.xml.DefaultBeanDefinitionDocumentReader.parseDefaultElement(DefaultBeanDefinitionDocumentReader.java:147) ~[spring-beans-3.0.3.RELEASE.jar:3.0.3.RELEASE]
	at org.springframework.beans.factory.xml.DefaultBeanDefinitionDocumentReader.parseBeanDefinitions(DefaultBeanDefinitionDocumentReader.java:132) ~[spring-beans-3.0.3.RELEASE.jar:3.0.3.RELEASE]
	at org.springframework.beans.factory.xml.DefaultBeanDefinitionDocumentReader.registerBeanDefinitions(DefaultBeanDefinitionDocumentReader.java:93) ~[spring-beans-3.0.3.RELEASE.jar:3.0.3.RELEASE]
	at org.springframework.beans.factory.xml.XmlBeanDefinitionReader.registerBeanDefinitions(XmlBeanDefinitionReader.java:493) ~[spring-beans-3.0.3.RELEASE.jar:3.0.3.RELEASE]
	at org.springframework.beans.factory.xml.XmlBeanDefinitionReader.doLoadBeanDefinitions(XmlBeanDefinitionReader.java:390) ~[spring-beans-3.0.3.RELEASE.jar:3.0.3.RELEASE]
	at org.springframework.beans.factory.xml.XmlBeanDefinitionReader.loadBeanDefinitions(XmlBeanDefinitionReader.java:334) ~[spring-beans-3.0.3.RELEASE.jar:3.0.3.RELEASE]
	at org.springframework.beans.factory.xml.XmlBeanDefinitionReader.loadBeanDefinitions(XmlBeanDefinitionReader.java:302) ~[spring-beans-3.0.3.RELEASE.jar:3.0.3.RELEASE]
	at org.springframework.beans.factory.support.AbstractBeanDefinitionReader.loadBeanDefinitions(AbstractBeanDefinitionReader.java:143) ~[spring-beans-3.0.3.RELEASE.jar:3.0.3.RELEASE]
	at org.springframework.beans.factory.support.AbstractBeanDefinitionReader.loadBeanDefinitions(AbstractBeanDefinitionReader.java:178) ~[spring-beans-3.0.3.RELEASE.jar:3.0.3.RELEASE]
	at org.springframework.beans.factory.support.AbstractBeanDefinitionReader.loadBeanDefinitions(AbstractBeanDefinitionReader.java:149) ~[spring-beans-3.0.3.RELEASE.jar:3.0.3.RELEASE]
	at org.springframework.beans.factory.support.AbstractBeanDefinitionReader.loadBeanDefinitions(AbstractBeanDefinitionReader.java:212) ~[spring-beans-3.0.3.RELEASE.jar:3.0.3.RELEASE]
	at org.springframework.test.context.support.AbstractGenericContextLoader.loadContext(AbstractGenericContextLoader.java:81) ~[spring-test-3.0.3.RELEASE.jar:3.0.3.RELEASE]
	at org.springframework.test.context.support.AbstractGenericContextLoader.loadContext(AbstractGenericContextLoader.java:1) ~[spring-test-3.0.3.RELEASE.jar:3.0.3.RELEASE]
	at org.springframework.test.context.TestContext.loadApplicationContext(TestContext.java:280) ~[spring-test-3.0.3.RELEASE.jar:3.0.3.RELEASE]
	at org.springframework.test.context.TestContext.getApplicationContext(TestContext.java:304) ~[spring-test-3.0.3.RELEASE.jar:3.0.3.RELEASE]
	... 35 common frames omitted
Caused by: org.springframework.beans.factory.BeanDefinitionStoreException: IOException parsing XML document from class path resource [conf/app-security.xml]; nested exception is java.io.FileNotFoundException: class path resource [conf/app-security.xml] cannot be opened because it does not exist
	at org.springframework.beans.factory.xml.XmlBeanDefinitionReader.loadBeanDefinitions(XmlBeanDefinitionReader.java:341) ~[spring-beans-3.0.3.RELEASE.jar:3.0.3.RELEASE]
	at org.springframework.beans.factory.xml.XmlBeanDefinitionReader.loadBeanDefinitions(XmlBeanDefinitionReader.java:302) ~[spring-beans-3.0.3.RELEASE.jar:3.0.3.RELEASE]
	at org.springframework.beans.factory.support.AbstractBeanDefinitionReader.loadBeanDefinitions(AbstractBeanDefinitionReader.java:143) ~[spring-beans-3.0.3.RELEASE.jar:3.0.3.RELEASE]
	at org.springframework.beans.factory.support.AbstractBeanDefinitionReader.loadBeanDefinitions(AbstractBeanDefinitionReader.java:178) ~[spring-beans-3.0.3.RELEASE.jar:3.0.3.RELEASE]
	at org.springframework.beans.factory.xml.DefaultBeanDefinitionDocumentReader.importBeanDefinitionResource(DefaultBeanDefinitionDocumentReader.java:186) ~[spring-beans-3.0.3.RELEASE.jar:3.0.3.RELEASE]
	... 50 common frames omitted
Caused by: java.io.FileNotFoundException: class path resource [conf/app-security.xml] cannot be opened because it does not exist
	at org.springframework.core.io.ClassPathResource.getInputStream(ClassPathResource.java:141) ~[spring-core-3.0.3.RELEASE.jar:3.0.3.RELEASE]
	at org.springframework.beans.factory.xml.XmlBeanDefinitionReader.loadBeanDefinitions(XmlBeanDefinitionReader.java:328) ~[spring-beans-3.0.3.RELEASE.jar:3.0.3.RELEASE]
	... 54 common frames omitted
14:37:27.390 [main] ERROR o.s.test.context.TestContextManager - Caught exception while allowing TestExecutionListener [org.springframework.test.context.support.DependencyInjectionTestExecutionListener@11c0d60] to prepare test instance [com.kedacom.expenses.test.BaseTest@b23d12]
java.lang.IllegalStateException: Failed to load ApplicationContext
	at org.springframework.test.context.TestContext.getApplicationContext(TestContext.java:308) ~[spring-test-3.0.3.RELEASE.jar:3.0.3.RELEASE]
	at org.springframework.test.context.support.DependencyInjectionTestExecutionListener.injectDependencies(DependencyInjectionTestExecutionListener.java:109) ~[spring-test-3.0.3.RELEASE.jar:3.0.3.RELEASE]
	at org.springframework.test.context.support.DependencyInjectionTestExecutionListener.prepareTestInstance(DependencyInjectionTestExecutionListener.java:75) ~[spring-test-3.0.3.RELEASE.jar:3.0.3.RELEASE]
	at org.springframework.test.context.TestContextManager.prepareTestInstance(TestContextManager.java:333) ~[spring-test-3.0.3.RELEASE.jar:3.0.3.RELEASE]
	at org.springframework.test.context.junit4.SpringJUnit4ClassRunner.createTest(SpringJUnit4ClassRunner.java:220) [spring-test-3.0.3.RELEASE.jar:3.0.3.RELEASE]
	at org.springframework.test.context.junit4.SpringJUnit4ClassRunner$1.runReflectiveCall(SpringJUnit4ClassRunner.java:301) [spring-test-3.0.3.RELEASE.jar:3.0.3.RELEASE]
	at org.junit.internal.runners.model.ReflectiveCallable.run(ReflectiveCallable.java:12) [junit-4.11.jar:na]
	at org.springframework.test.context.junit4.SpringJUnit4ClassRunner.methodBlock(SpringJUnit4ClassRunner.java:303) [spring-test-3.0.3.RELEASE.jar:3.0.3.RELEASE]
	at org.springframework.test.context.junit4.SpringJUnit4ClassRunner.runChild(SpringJUnit4ClassRunner.java:240) [spring-test-3.0.3.RELEASE.jar:3.0.3.RELEASE]
	at org.junit.runners.BlockJUnit4ClassRunner.runChild(BlockJUnit4ClassRunner.java:50) [junit-4.11.jar:na]
	at org.junit.runners.ParentRunner$3.run(ParentRunner.java:238) [junit-4.11.jar:na]
	at org.junit.runners.ParentRunner$1.schedule(ParentRunner.java:63) [junit-4.11.jar:na]
	at org.junit.runners.ParentRunner.runChildren(ParentRunner.java:236) [junit-4.11.jar:na]
	at org.junit.runners.ParentRunner.access$000(ParentRunner.java:53) [junit-4.11.jar:na]
	at org.junit.runners.ParentRunner$2.evaluate(ParentRunner.java:229) [junit-4.11.jar:na]
	at org.springframework.test.context.junit4.statements.RunBeforeTestClassCallbacks.evaluate(RunBeforeTestClassCallbacks.java:61) [spring-test-3.0.3.RELEASE.jar:3.0.3.RELEASE]
	at org.springframework.test.context.junit4.statements.RunAfterTestClassCallbacks.evaluate(RunAfterTestClassCallbacks.java:70) [spring-test-3.0.3.RELEASE.jar:3.0.3.RELEASE]
	at org.junit.runners.ParentRunner.run(ParentRunner.java:309) [junit-4.11.jar:na]
	at org.springframework.test.context.junit4.SpringJUnit4ClassRunner.run(SpringJUnit4ClassRunner.java:180) [spring-test-3.0.3.RELEASE.jar:3.0.3.RELEASE]
	at org.junit.runners.Suite.runChild(Suite.java:127) [junit-4.11.jar:na]
	at org.junit.runners.Suite.runChild(Suite.java:26) [junit-4.11.jar:na]
	at org.junit.runners.ParentRunner$3.run(ParentRunner.java:238) [junit-4.11.jar:na]
	at org.junit.runners.ParentRunner$1.schedule(ParentRunner.java:63) [junit-4.11.jar:na]
	at org.junit.runners.ParentRunner.runChildren(ParentRunner.java:236) [junit-4.11.jar:na]
	at org.junit.runners.ParentRunner.access$000(ParentRunner.java:53) [junit-4.11.jar:na]
	at org.junit.runners.ParentRunner$2.evaluate(ParentRunner.java:229) [junit-4.11.jar:na]
	at org.junit.runners.ParentRunner.run(ParentRunner.java:309) [junit-4.11.jar:na]
	at org.junit.runner.JUnitCore.run(JUnitCore.java:160) [junit-4.11.jar:na]
	at org.junit.runner.JUnitCore.run(JUnitCore.java:138) [junit-4.11.jar:na]
	at org.apache.maven.surefire.junitcore.JUnitCoreWrapper.createReqestAndRun(JUnitCoreWrapper.java:139) [surefire-junit47-2.15.jar:2.15]
	at org.apache.maven.surefire.junitcore.JUnitCoreWrapper.executeEager(JUnitCoreWrapper.java:111) [surefire-junit47-2.15.jar:2.15]
	at org.apache.maven.surefire.junitcore.JUnitCoreWrapper.execute(JUnitCoreWrapper.java:84) [surefire-junit47-2.15.jar:2.15]
	at org.apache.maven.surefire.junitcore.JUnitCoreProvider.invoke(JUnitCoreProvider.java:135) [surefire-junit47-2.15.jar:2.15]
	at org.apache.maven.surefire.booter.ForkedBooter.invokeProviderInSameClassLoader(ForkedBooter.java:200) [surefire-booter-2.15.jar:2.15]
	at org.apache.maven.surefire.booter.ForkedBooter.runSuitesInProcess(ForkedBooter.java:153) [surefire-booter-2.15.jar:2.15]
	at org.apache.maven.surefire.booter.ForkedBooter.main(ForkedBooter.java:103) [surefire-booter-2.15.jar:2.15]
Caused by: org.springframework.beans.factory.parsing.BeanDefinitionParsingException: Configuration problem: Failed to import bean definitions from URL location [classpath:conf/app-security.xml]
Offending resource: class path resource [conf/test-context.xml]; nested exception is org.springframework.beans.factory.BeanDefinitionStoreException: IOException parsing XML document from class path resource [conf/app-security.xml]; nested exception is java.io.FileNotFoundException: class path resource [conf/app-security.xml] cannot be opened because it does not exist
	at org.springframework.beans.factory.parsing.FailFastProblemReporter.error(FailFastProblemReporter.java:68) ~[spring-beans-3.0.3.RELEASE.jar:3.0.3.RELEASE]
	at org.springframework.beans.factory.parsing.ReaderContext.error(ReaderContext.java:85) ~[spring-beans-3.0.3.RELEASE.jar:3.0.3.RELEASE]
	at org.springframework.beans.factory.parsing.ReaderContext.error(ReaderContext.java:76) ~[spring-beans-3.0.3.RELEASE.jar:3.0.3.RELEASE]
	at org.springframework.beans.factory.xml.DefaultBeanDefinitionDocumentReader.importBeanDefinitionResource(DefaultBeanDefinitionDocumentReader.java:192) ~[spring-beans-3.0.3.RELEASE.jar:3.0.3.RELEASE]
	at org.springframework.beans.factory.xml.DefaultBeanDefinitionDocumentReader.parseDefaultElement(DefaultBeanDefinitionDocumentReader.java:147) ~[spring-beans-3.0.3.RELEASE.jar:3.0.3.RELEASE]
	at org.springframework.beans.factory.xml.DefaultBeanDefinitionDocumentReader.parseBeanDefinitions(DefaultBeanDefinitionDocumentReader.java:132) ~[spring-beans-3.0.3.RELEASE.jar:3.0.3.RELEASE]
	at org.springframework.beans.factory.xml.DefaultBeanDefinitionDocumentReader.registerBeanDefinitions(DefaultBeanDefinitionDocumentReader.java:93) ~[spring-beans-3.0.3.RELEASE.jar:3.0.3.RELEASE]
	at org.springframework.beans.factory.xml.XmlBeanDefinitionReader.registerBeanDefinitions(XmlBeanDefinitionReader.java:493) ~[spring-beans-3.0.3.RELEASE.jar:3.0.3.RELEASE]
	at org.springframework.beans.factory.xml.XmlBeanDefinitionReader.doLoadBeanDefinitions(XmlBeanDefinitionReader.java:390) ~[spring-beans-3.0.3.RELEASE.jar:3.0.3.RELEASE]
	at org.springframework.beans.factory.xml.XmlBeanDefinitionReader.loadBeanDefinitions(XmlBeanDefinitionReader.java:334) ~[spring-beans-3.0.3.RELEASE.jar:3.0.3.RELEASE]
	at org.springframework.beans.factory.xml.XmlBeanDefinitionReader.loadBeanDefinitions(XmlBeanDefinitionReader.java:302) ~[spring-beans-3.0.3.RELEASE.jar:3.0.3.RELEASE]
	at org.springframework.beans.factory.support.AbstractBeanDefinitionReader.loadBeanDefinitions(AbstractBeanDefinitionReader.java:143) ~[spring-beans-3.0.3.RELEASE.jar:3.0.3.RELEASE]
	at org.springframework.beans.factory.support.AbstractBeanDefinitionReader.loadBeanDefinitions(AbstractBeanDefinitionReader.java:178) ~[spring-beans-3.0.3.RELEASE.jar:3.0.3.RELEASE]
	at org.springframework.beans.factory.support.AbstractBeanDefinitionReader.loadBeanDefinitions(AbstractBeanDefinitionReader.java:149) ~[spring-beans-3.0.3.RELEASE.jar:3.0.3.RELEASE]
	at org.springframework.beans.factory.support.AbstractBeanDefinitionReader.loadBeanDefinitions(AbstractBeanDefinitionReader.java:212) ~[spring-beans-3.0.3.RELEASE.jar:3.0.3.RELEASE]
	at org.springframework.test.context.support.AbstractGenericContextLoader.loadContext(AbstractGenericContextLoader.java:81) ~[spring-test-3.0.3.RELEASE.jar:3.0.3.RELEASE]
	at org.springframework.test.context.support.AbstractGenericContextLoader.loadContext(AbstractGenericContextLoader.java:1) ~[spring-test-3.0.3.RELEASE.jar:3.0.3.RELEASE]
	at org.springframework.test.context.TestContext.loadApplicationContext(TestContext.java:280) ~[spring-test-3.0.3.RELEASE.jar:3.0.3.RELEASE]
	at org.springframework.test.context.TestContext.getApplicationContext(TestContext.java:304) ~[spring-test-3.0.3.RELEASE.jar:3.0.3.RELEASE]
	... 35 common frames omitted
Caused by: org.springframework.beans.factory.BeanDefinitionStoreException: IOException parsing XML document from class path resource [conf/app-security.xml]; nested exception is java.io.FileNotFoundException: class path resource [conf/app-security.xml] cannot be opened because it does not exist
	at org.springframework.beans.factory.xml.XmlBeanDefinitionReader.loadBeanDefinitions(XmlBeanDefinitionReader.java:341) ~[spring-beans-3.0.3.RELEASE.jar:3.0.3.RELEASE]
	at org.springframework.beans.factory.xml.XmlBeanDefinitionReader.loadBeanDefinitions(XmlBeanDefinitionReader.java:302) ~[spring-beans-3.0.3.RELEASE.jar:3.0.3.RELEASE]
	at org.springframework.beans.factory.support.AbstractBeanDefinitionReader.loadBeanDefinitions(AbstractBeanDefinitionReader.java:143) ~[spring-beans-3.0.3.RELEASE.jar:3.0.3.RELEASE]
	at org.springframework.beans.factory.support.AbstractBeanDefinitionReader.loadBeanDefinitions(AbstractBeanDefinitionReader.java:178) ~[spring-beans-3.0.3.RELEASE.jar:3.0.3.RELEASE]
	at org.springframework.beans.factory.xml.DefaultBeanDefinitionDocumentReader.importBeanDefinitionResource(DefaultBeanDefinitionDocumentReader.java:186) ~[spring-beans-3.0.3.RELEASE.jar:3.0.3.RELEASE]
	... 50 common frames omitted
Caused by: java.io.FileNotFoundException: class path resource [conf/app-security.xml] cannot be opened because it does not exist
	at org.springframework.core.io.ClassPathResource.getInputStream(ClassPathResource.java:141) ~[spring-core-3.0.3.RELEASE.jar:3.0.3.RELEASE]
	at org.springframework.beans.factory.xml.XmlBeanDefinitionReader.loadBeanDefinitions(XmlBeanDefinitionReader.java:328) ~[spring-beans-3.0.3.RELEASE.jar:3.0.3.RELEASE]
	... 54 common frames omitted
